
*** Running vivado
    with args -log PCIEBridge_axis_data_fifo_0_0.vds -m64 -product Vivado -mode batch -messageDb vivado.pb -notrace -source PCIEBridge_axis_data_fifo_0_0.tcl


****** Vivado v2018.1 (64-bit)
  **** SW Build 2188600 on Wed Apr  4 18:40:38 MDT 2018
  **** IP Build 2185939 on Wed Apr  4 20:55:05 MDT 2018
    ** Copyright 1986-2018 Xilinx, Inc. All Rights Reserved.

source PCIEBridge_axis_data_fifo_0_0.tcl -notrace
Command: synth_design -top PCIEBridge_axis_data_fifo_0_0 -part xc7k325tffg900-2 -mode out_of_context
Starting synth_design
Attempting to get a license for feature 'Synthesis' and/or device 'xc7k325t'
INFO: [Common 17-349] Got license for feature 'Synthesis' and/or device 'xc7k325t'
INFO: Launching helper process for spawning children vivado processes
INFO: Helper process launched with PID 12652 
---------------------------------------------------------------------------------
Starting RTL Elaboration : Time (s): cpu = 00:00:10 ; elapsed = 00:00:11 . Memory (MB): peak = 423.344 ; gain = 105.383
---------------------------------------------------------------------------------
INFO: [Synth 8-6157] synthesizing module 'PCIEBridge_axis_data_fifo_0_0' [d:/K7_FMC_PCIE/K7FMC_PCIEDMA_DEMO/xilinx/kc705/KC705_Gen2x8If128/axi_spi_xcross/axi_spi.srcs/sources_1/bd/PCIEBridge/ip/PCIEBridge_axis_data_fifo_0_0/synth/PCIEBridge_axis_data_fifo_0_0.v:57]
INFO: [Synth 8-6157] synthesizing module 'axis_data_fifo_v1_1_17_axis_data_fifo' [d:/K7_FMC_PCIE/K7FMC_PCIEDMA_DEMO/xilinx/kc705/KC705_Gen2x8If128/axi_spi_xcross/axi_spi.srcs/sources_1/bd/PCIEBridge/ipshared/36f8/hdl/axis_data_fifo_v1_1_vl_rfs.v:62]
	Parameter C_FAMILY bound to: kintex7 - type: string 
	Parameter C_AXIS_TDATA_WIDTH bound to: 1024 - type: integer 
	Parameter C_AXIS_TID_WIDTH bound to: 1 - type: integer 
	Parameter C_AXIS_TDEST_WIDTH bound to: 1 - type: integer 
	Parameter C_AXIS_TUSER_WIDTH bound to: 1 - type: integer 
	Parameter C_AXIS_SIGNAL_SET bound to: 32'b00000000000000000000000000000011 
	Parameter C_FIFO_DEPTH bound to: 1024 - type: integer 
	Parameter C_FIFO_MODE bound to: 1 - type: integer 
	Parameter C_IS_ACLK_ASYNC bound to: 0 - type: integer 
	Parameter C_SYNCHRONIZER_STAGE bound to: 2 - type: integer 
	Parameter C_ACLKEN_CONV_MODE bound to: 0 - type: integer 
	Parameter G_INDX_SS_TREADY bound to: 0 - type: integer 
	Parameter G_INDX_SS_TDATA bound to: 1 - type: integer 
	Parameter G_INDX_SS_TSTRB bound to: 2 - type: integer 
	Parameter G_INDX_SS_TKEEP bound to: 3 - type: integer 
	Parameter G_INDX_SS_TLAST bound to: 4 - type: integer 
	Parameter G_INDX_SS_TID bound to: 5 - type: integer 
	Parameter G_INDX_SS_TDEST bound to: 6 - type: integer 
	Parameter G_INDX_SS_TUSER bound to: 7 - type: integer 
	Parameter G_MASK_SS_TREADY bound to: 1 - type: integer 
	Parameter G_MASK_SS_TDATA bound to: 2 - type: integer 
	Parameter G_MASK_SS_TSTRB bound to: 4 - type: integer 
	Parameter G_MASK_SS_TKEEP bound to: 8 - type: integer 
	Parameter G_MASK_SS_TLAST bound to: 16 - type: integer 
	Parameter G_MASK_SS_TID bound to: 32 - type: integer 
	Parameter G_MASK_SS_TDEST bound to: 64 - type: integer 
	Parameter G_MASK_SS_TUSER bound to: 128 - type: integer 
	Parameter G_TASK_SEVERITY_ERR bound to: 2 - type: integer 
	Parameter G_TASK_SEVERITY_WARNING bound to: 1 - type: integer 
	Parameter G_TASK_SEVERITY_INFO bound to: 0 - type: integer 
	Parameter P_TREADY_EXISTS bound to: 1 - type: integer 
	Parameter P_TDATA_EXISTS bound to: 1 - type: integer 
	Parameter P_TSTRB_EXISTS bound to: 0 - type: integer 
	Parameter P_TKEEP_EXISTS bound to: 0 - type: integer 
	Parameter P_TLAST_EXISTS bound to: 0 - type: integer 
	Parameter P_TID_EXISTS bound to: 0 - type: integer 
	Parameter P_TDEST_EXISTS bound to: 0 - type: integer 
	Parameter P_TUSER_EXISTS bound to: 0 - type: integer 
	Parameter P_AXIS_PAYLOAD_WIDTH bound to: 1024 - type: integer 
	Parameter P_WR_PNTR_WIDTH bound to: 10 - type: integer 
	Parameter P_FIFO_COUNT_WIDTH bound to: 11 - type: integer 
	Parameter P_FIFO_TYPE bound to: 1 - type: integer 
	Parameter P_IMPLEMENTATION_TYPE_AXIS bound to: 1 - type: integer 
	Parameter P_COMMON_CLOCK bound to: 1 - type: integer 
	Parameter P_MSGON_VAL bound to: 1 - type: integer 
	Parameter P_APPLICATION_TYPE_AXIS bound to: 0 - type: integer 
	Parameter LP_S_ACLKEN_CAN_TOGGLE bound to: 0 - type: integer 
	Parameter LP_M_ACLKEN_CAN_TOGGLE bound to: 0 - type: integer 
	Parameter C_DIN_WIDTH bound to: 18 - type: integer 
	Parameter C_RD_PNTR_WIDTH bound to: 10 - type: integer 
	Parameter C_WR_PNTR_WIDTH bound to: 10 - type: integer 
	Parameter C_DOUT_WIDTH bound to: 18 - type: integer 
	Parameter C_DATA_COUNT_WIDTH bound to: 10 - type: integer 
	Parameter C_RD_DATA_COUNT_WIDTH bound to: 10 - type: integer 
	Parameter C_WR_DATA_COUNT_WIDTH bound to: 10 - type: integer 
	Parameter C_AXI_ID_WIDTH bound to: 4 - type: integer 
	Parameter C_AXI_ADDR_WIDTH bound to: 32 - type: integer 
	Parameter C_AXI_DATA_WIDTH bound to: 64 - type: integer 
	Parameter C_AXI_AWUSER_WIDTH bound to: 1 - type: integer 
	Parameter C_AXI_ARUSER_WIDTH bound to: 1 - type: integer 
	Parameter C_AXI_RUSER_WIDTH bound to: 1 - type: integer 
	Parameter C_AXI_BUSER_WIDTH bound to: 1 - type: integer 
	Parameter C_AXI_WUSER_WIDTH bound to: 1 - type: integer 
	Parameter C_WR_PNTR_WIDTH_RACH bound to: 4 - type: integer 
	Parameter C_WR_PNTR_WIDTH_RDCH bound to: 10 - type: integer 
	Parameter C_WR_PNTR_WIDTH_WACH bound to: 4 - type: integer 
	Parameter C_WR_PNTR_WIDTH_WDCH bound to: 10 - type: integer 
	Parameter C_WR_PNTR_WIDTH_WRCH bound to: 4 - type: integer 
	Parameter C_RD_PNTR_WIDTH_RACH bound to: 4 - type: integer 
	Parameter C_RD_PNTR_WIDTH_RDCH bound to: 10 - type: integer 
	Parameter C_RD_PNTR_WIDTH_WACH bound to: 4 - type: integer 
	Parameter C_RD_PNTR_WIDTH_WDCH bound to: 10 - type: integer 
	Parameter C_RD_PNTR_WIDTH_WRCH bound to: 4 - type: integer 
	Parameter C_WR_PNTR_WIDTH_AXIS bound to: 10 - type: integer 
INFO: [Synth 8-5534] Detected attribute (* KEEP = "TRUE" *) [d:/K7_FMC_PCIE/K7FMC_PCIEDMA_DEMO/xilinx/kc705/KC705_Gen2x8If128/axi_spi_xcross/axi_spi.srcs/sources_1/bd/PCIEBridge/ipshared/36f8/hdl/axis_data_fifo_v1_1_vl_rfs.v:181]
INFO: [Synth 8-6157] synthesizing module 'axis_infrastructure_v1_1_0_util_aclken_converter_wrapper' [d:/K7_FMC_PCIE/K7FMC_PCIEDMA_DEMO/xilinx/kc705/KC705_Gen2x8If128/axi_spi_xcross/axi_spi.srcs/sources_1/bd/PCIEBridge/ipshared/0ab1/hdl/axis_infrastructure_v1_1_vl_rfs.v:600]
	Parameter C_TDATA_WIDTH bound to: 1024 - type: integer 
	Parameter C_TID_WIDTH bound to: 1 - type: integer 
	Parameter C_TDEST_WIDTH bound to: 1 - type: integer 
	Parameter C_TUSER_WIDTH bound to: 1 - type: integer 
	Parameter C_SIGNAL_SET bound to: 255 - type: integer 
	Parameter C_S_ACLKEN_CAN_TOGGLE bound to: 0 - type: integer 
	Parameter C_M_ACLKEN_CAN_TOGGLE bound to: 0 - type: integer 
	Parameter G_INDX_SS_TREADY bound to: 0 - type: integer 
	Parameter G_INDX_SS_TDATA bound to: 1 - type: integer 
	Parameter G_INDX_SS_TSTRB bound to: 2 - type: integer 
	Parameter G_INDX_SS_TKEEP bound to: 3 - type: integer 
	Parameter G_INDX_SS_TLAST bound to: 4 - type: integer 
	Parameter G_INDX_SS_TID bound to: 5 - type: integer 
	Parameter G_INDX_SS_TDEST bound to: 6 - type: integer 
	Parameter G_INDX_SS_TUSER bound to: 7 - type: integer 
	Parameter G_MASK_SS_TREADY bound to: 1 - type: integer 
	Parameter G_MASK_SS_TDATA bound to: 2 - type: integer 
	Parameter G_MASK_SS_TSTRB bound to: 4 - type: integer 
	Parameter G_MASK_SS_TKEEP bound to: 8 - type: integer 
	Parameter G_MASK_SS_TLAST bound to: 16 - type: integer 
	Parameter G_MASK_SS_TID bound to: 32 - type: integer 
	Parameter G_MASK_SS_TDEST bound to: 64 - type: integer 
	Parameter G_MASK_SS_TUSER bound to: 128 - type: integer 
	Parameter G_TASK_SEVERITY_ERR bound to: 2 - type: integer 
	Parameter G_TASK_SEVERITY_WARNING bound to: 1 - type: integer 
	Parameter G_TASK_SEVERITY_INFO bound to: 0 - type: integer 
	Parameter P_TPAYLOAD_WIDTH bound to: 1284 - type: integer 
INFO: [Synth 8-6157] synthesizing module 'axis_infrastructure_v1_1_0_util_axis2vector' [d:/K7_FMC_PCIE/K7FMC_PCIEDMA_DEMO/xilinx/kc705/KC705_Gen2x8If128/axi_spi_xcross/axi_spi.srcs/sources_1/bd/PCIEBridge/ipshared/0ab1/hdl/axis_infrastructure_v1_1_vl_rfs.v:810]
	Parameter C_TDATA_WIDTH bound to: 1024 - type: integer 
	Parameter C_TID_WIDTH bound to: 1 - type: integer 
	Parameter C_TDEST_WIDTH bound to: 1 - type: integer 
	Parameter C_TUSER_WIDTH bound to: 1 - type: integer 
	Parameter C_TPAYLOAD_WIDTH bound to: 1284 - type: integer 
	Parameter C_SIGNAL_SET bound to: 255 - type: integer 
	Parameter G_INDX_SS_TREADY bound to: 0 - type: integer 
	Parameter G_INDX_SS_TDATA bound to: 1 - type: integer 
	Parameter G_INDX_SS_TSTRB bound to: 2 - type: integer 
	Parameter G_INDX_SS_TKEEP bound to: 3 - type: integer 
	Parameter G_INDX_SS_TLAST bound to: 4 - type: integer 
	Parameter G_INDX_SS_TID bound to: 5 - type: integer 
	Parameter G_INDX_SS_TDEST bound to: 6 - type: integer 
	Parameter G_INDX_SS_TUSER bound to: 7 - type: integer 
	Parameter G_MASK_SS_TREADY bound to: 1 - type: integer 
	Parameter G_MASK_SS_TDATA bound to: 2 - type: integer 
	Parameter G_MASK_SS_TSTRB bound to: 4 - type: integer 
	Parameter G_MASK_SS_TKEEP bound to: 8 - type: integer 
	Parameter G_MASK_SS_TLAST bound to: 16 - type: integer 
	Parameter G_MASK_SS_TID bound to: 32 - type: integer 
	Parameter G_MASK_SS_TDEST bound to: 64 - type: integer 
	Parameter G_MASK_SS_TUSER bound to: 128 - type: integer 
	Parameter G_TASK_SEVERITY_ERR bound to: 2 - type: integer 
	Parameter G_TASK_SEVERITY_WARNING bound to: 1 - type: integer 
	Parameter G_TASK_SEVERITY_INFO bound to: 0 - type: integer 
	Parameter P_TDATA_INDX bound to: 0 - type: integer 
	Parameter P_TSTRB_INDX bound to: 1024 - type: integer 
	Parameter P_TKEEP_INDX bound to: 1152 - type: integer 
	Parameter P_TLAST_INDX bound to: 1280 - type: integer 
	Parameter P_TID_INDX bound to: 1281 - type: integer 
	Parameter P_TDEST_INDX bound to: 1282 - type: integer 
	Parameter P_TUSER_INDX bound to: 1283 - type: integer 
INFO: [Synth 8-6155] done synthesizing module 'axis_infrastructure_v1_1_0_util_axis2vector' (1#1) [d:/K7_FMC_PCIE/K7FMC_PCIEDMA_DEMO/xilinx/kc705/KC705_Gen2x8If128/axi_spi_xcross/axi_spi.srcs/sources_1/bd/PCIEBridge/ipshared/0ab1/hdl/axis_infrastructure_v1_1_vl_rfs.v:810]
INFO: [Synth 8-6157] synthesizing module 'axis_infrastructure_v1_1_0_util_vector2axis' [d:/K7_FMC_PCIE/K7FMC_PCIEDMA_DEMO/xilinx/kc705/KC705_Gen2x8If128/axi_spi_xcross/axi_spi.srcs/sources_1/bd/PCIEBridge/ipshared/0ab1/hdl/axis_infrastructure_v1_1_vl_rfs.v:992]
	Parameter C_TDATA_WIDTH bound to: 1024 - type: integer 
	Parameter C_TID_WIDTH bound to: 1 - type: integer 
	Parameter C_TDEST_WIDTH bound to: 1 - type: integer 
	Parameter C_TUSER_WIDTH bound to: 1 - type: integer 
	Parameter C_TPAYLOAD_WIDTH bound to: 1284 - type: integer 
	Parameter C_SIGNAL_SET bound to: 255 - type: integer 
	Parameter G_INDX_SS_TREADY bound to: 0 - type: integer 
	Parameter G_INDX_SS_TDATA bound to: 1 - type: integer 
	Parameter G_INDX_SS_TSTRB bound to: 2 - type: integer 
	Parameter G_INDX_SS_TKEEP bound to: 3 - type: integer 
	Parameter G_INDX_SS_TLAST bound to: 4 - type: integer 
	Parameter G_INDX_SS_TID bound to: 5 - type: integer 
	Parameter G_INDX_SS_TDEST bound to: 6 - type: integer 
	Parameter G_INDX_SS_TUSER bound to: 7 - type: integer 
	Parameter G_MASK_SS_TREADY bound to: 1 - type: integer 
	Parameter G_MASK_SS_TDATA bound to: 2 - type: integer 
	Parameter G_MASK_SS_TSTRB bound to: 4 - type: integer 
	Parameter G_MASK_SS_TKEEP bound to: 8 - type: integer 
	Parameter G_MASK_SS_TLAST bound to: 16 - type: integer 
	Parameter G_MASK_SS_TID bound to: 32 - type: integer 
	Parameter G_MASK_SS_TDEST bound to: 64 - type: integer 
	Parameter G_MASK_SS_TUSER bound to: 128 - type: integer 
	Parameter G_TASK_SEVERITY_ERR bound to: 2 - type: integer 
	Parameter G_TASK_SEVERITY_WARNING bound to: 1 - type: integer 
	Parameter G_TASK_SEVERITY_INFO bound to: 0 - type: integer 
	Parameter P_TDATA_INDX bound to: 0 - type: integer 
	Parameter P_TSTRB_INDX bound to: 1024 - type: integer 
	Parameter P_TKEEP_INDX bound to: 1152 - type: integer 
	Parameter P_TLAST_INDX bound to: 1280 - type: integer 
	Parameter P_TID_INDX bound to: 1281 - type: integer 
	Parameter P_TDEST_INDX bound to: 1282 - type: integer 
	Parameter P_TUSER_INDX bound to: 1283 - type: integer 
INFO: [Synth 8-6155] done synthesizing module 'axis_infrastructure_v1_1_0_util_vector2axis' (2#1) [d:/K7_FMC_PCIE/K7FMC_PCIEDMA_DEMO/xilinx/kc705/KC705_Gen2x8If128/axi_spi_xcross/axi_spi.srcs/sources_1/bd/PCIEBridge/ipshared/0ab1/hdl/axis_infrastructure_v1_1_vl_rfs.v:992]
INFO: [Synth 8-6155] done synthesizing module 'axis_infrastructure_v1_1_0_util_aclken_converter_wrapper' (3#1) [d:/K7_FMC_PCIE/K7FMC_PCIEDMA_DEMO/xilinx/kc705/KC705_Gen2x8If128/axi_spi_xcross/axi_spi.srcs/sources_1/bd/PCIEBridge/ipshared/0ab1/hdl/axis_infrastructure_v1_1_vl_rfs.v:600]
INFO: [Synth 8-6157] synthesizing module 'xpm_cdc_sync_rst' [C:/Xilinx/Vivado/2018.1/data/ip/xpm/xpm_cdc/hdl/xpm_cdc.sv:1055]
INFO: [Synth 8-5534] Detected attribute (* ASYNC_REG = "TRUE" *) [C:/Xilinx/Vivado/2018.1/data/ip/xpm/xpm_cdc/hdl/xpm_cdc.sv:1107]
INFO: [Synth 8-6155] done synthesizing module 'xpm_cdc_sync_rst' (4#1) [C:/Xilinx/Vivado/2018.1/data/ip/xpm/xpm_cdc/hdl/xpm_cdc.sv:1055]
INFO: [Synth 8-6155] done synthesizing module 'axis_data_fifo_v1_1_17_axis_data_fifo' (31#1) [d:/K7_FMC_PCIE/K7FMC_PCIEDMA_DEMO/xilinx/kc705/KC705_Gen2x8If128/axi_spi_xcross/axi_spi.srcs/sources_1/bd/PCIEBridge/ipshared/36f8/hdl/axis_data_fifo_v1_1_vl_rfs.v:62]
INFO: [Synth 8-6155] done synthesizing module 'PCIEBridge_axis_data_fifo_0_0' (32#1) [d:/K7_FMC_PCIE/K7FMC_PCIEDMA_DEMO/xilinx/kc705/KC705_Gen2x8If128/axi_spi_xcross/axi_spi.srcs/sources_1/bd/PCIEBridge/ip/PCIEBridge_axis_data_fifo_0_0/synth/PCIEBridge_axis_data_fifo_0_0.v:57]
WARNING: [Synth 8-3331] design axis_infrastructure_v1_1_0_util_aclken_converter_wrapper has unconnected port ACLK
WARNING: [Synth 8-3331] design axis_infrastructure_v1_1_0_util_aclken_converter_wrapper has unconnected port ARESETN
WARNING: [Synth 8-3331] design axis_infrastructure_v1_1_0_util_aclken_converter_wrapper has unconnected port S_ACLKEN
WARNING: [Synth 8-3331] design axis_infrastructure_v1_1_0_util_aclken_converter_wrapper has unconnected port M_ACLKEN
WARNING: [Synth 8-3331] design wr_status_flags_ss has unconnected port RST_FULL_FF
WARNING: [Synth 8-3331] design wr_status_flags_ss has unconnected port WR_RST
WARNING: [Synth 8-3331] design wr_status_flags_ss has unconnected port SRST
WARNING: [Synth 8-3331] design wr_status_flags_ss has unconnected port SAFETY_CKT_WR_RST
WARNING: [Synth 8-3331] design wr_status_flags_ss has unconnected port WR_PNTR_PLUS2[9]
WARNING: [Synth 8-3331] design wr_status_flags_ss has unconnected port WR_PNTR_PLUS2[8]
WARNING: [Synth 8-3331] design wr_status_flags_ss has unconnected port WR_PNTR_PLUS2[7]
WARNING: [Synth 8-3331] design wr_status_flags_ss has unconnected port WR_PNTR_PLUS2[6]
WARNING: [Synth 8-3331] design wr_status_flags_ss has unconnected port WR_PNTR_PLUS2[5]
WARNING: [Synth 8-3331] design wr_status_flags_ss has unconnected port WR_PNTR_PLUS2[4]
WARNING: [Synth 8-3331] design wr_status_flags_ss has unconnected port WR_PNTR_PLUS2[3]
WARNING: [Synth 8-3331] design wr_status_flags_ss has unconnected port WR_PNTR_PLUS2[2]
WARNING: [Synth 8-3331] design wr_status_flags_ss has unconnected port WR_PNTR_PLUS2[1]
WARNING: [Synth 8-3331] design wr_status_flags_ss has unconnected port WR_PNTR_PLUS2[0]
WARNING: [Synth 8-3331] design wr_status_flags_ss has unconnected port WR_PNTR_PLUS3[9]
WARNING: [Synth 8-3331] design wr_status_flags_ss has unconnected port WR_PNTR_PLUS3[8]
WARNING: [Synth 8-3331] design wr_status_flags_ss has unconnected port WR_PNTR_PLUS3[7]
WARNING: [Synth 8-3331] design wr_status_flags_ss has unconnected port WR_PNTR_PLUS3[6]
WARNING: [Synth 8-3331] design wr_status_flags_ss has unconnected port WR_PNTR_PLUS3[5]
WARNING: [Synth 8-3331] design wr_status_flags_ss has unconnected port WR_PNTR_PLUS3[4]
WARNING: [Synth 8-3331] design wr_status_flags_ss has unconnected port WR_PNTR_PLUS3[3]
WARNING: [Synth 8-3331] design wr_status_flags_ss has unconnected port WR_PNTR_PLUS3[2]
WARNING: [Synth 8-3331] design wr_status_flags_ss has unconnected port WR_PNTR_PLUS3[1]
WARNING: [Synth 8-3331] design wr_status_flags_ss has unconnected port WR_PNTR_PLUS3[0]
WARNING: [Synth 8-3331] design wr_bin_cntr has unconnected port RST
WARNING: [Synth 8-3331] design wr_logic has unconnected port WR_EN_INTO_LOGIC
WARNING: [Synth 8-3331] design wr_logic has unconnected port WR_RST_INTO_LOGIC
WARNING: [Synth 8-3331] design wr_logic has unconnected port RD_EN
WARNING: [Synth 8-3331] design wr_logic has unconnected port WR_RST_BUSY
WARNING: [Synth 8-3331] design wr_logic has unconnected port EMPTY
WARNING: [Synth 8-3331] design wr_logic has unconnected port ALMOST_EMPTY
WARNING: [Synth 8-3331] design wr_logic has unconnected port PROG_FULL_THRESH[9]
WARNING: [Synth 8-3331] design wr_logic has unconnected port PROG_FULL_THRESH[8]
WARNING: [Synth 8-3331] design wr_logic has unconnected port PROG_FULL_THRESH[7]
WARNING: [Synth 8-3331] design wr_logic has unconnected port PROG_FULL_THRESH[6]
WARNING: [Synth 8-3331] design wr_logic has unconnected port PROG_FULL_THRESH[5]
WARNING: [Synth 8-3331] design wr_logic has unconnected port PROG_FULL_THRESH[4]
WARNING: [Synth 8-3331] design wr_logic has unconnected port PROG_FULL_THRESH[3]
WARNING: [Synth 8-3331] design wr_logic has unconnected port PROG_FULL_THRESH[2]
WARNING: [Synth 8-3331] design wr_logic has unconnected port PROG_FULL_THRESH[1]
WARNING: [Synth 8-3331] design wr_logic has unconnected port PROG_FULL_THRESH[0]
WARNING: [Synth 8-3331] design wr_logic has unconnected port PROG_FULL_THRESH_ASSERT[9]
WARNING: [Synth 8-3331] design wr_logic has unconnected port PROG_FULL_THRESH_ASSERT[8]
WARNING: [Synth 8-3331] design wr_logic has unconnected port PROG_FULL_THRESH_ASSERT[7]
WARNING: [Synth 8-3331] design wr_logic has unconnected port PROG_FULL_THRESH_ASSERT[6]
WARNING: [Synth 8-3331] design wr_logic has unconnected port PROG_FULL_THRESH_ASSERT[5]
WARNING: [Synth 8-3331] design wr_logic has unconnected port PROG_FULL_THRESH_ASSERT[4]
WARNING: [Synth 8-3331] design wr_logic has unconnected port PROG_FULL_THRESH_ASSERT[3]
WARNING: [Synth 8-3331] design wr_logic has unconnected port PROG_FULL_THRESH_ASSERT[2]
WARNING: [Synth 8-3331] design wr_logic has unconnected port PROG_FULL_THRESH_ASSERT[1]
WARNING: [Synth 8-3331] design wr_logic has unconnected port PROG_FULL_THRESH_ASSERT[0]
WARNING: [Synth 8-3331] design wr_logic has unconnected port PROG_FULL_THRESH_NEGATE[9]
WARNING: [Synth 8-3331] design wr_logic has unconnected port PROG_FULL_THRESH_NEGATE[8]
WARNING: [Synth 8-3331] design wr_logic has unconnected port PROG_FULL_THRESH_NEGATE[7]
WARNING: [Synth 8-3331] design wr_logic has unconnected port PROG_FULL_THRESH_NEGATE[6]
WARNING: [Synth 8-3331] design wr_logic has unconnected port PROG_FULL_THRESH_NEGATE[5]
WARNING: [Synth 8-3331] design wr_logic has unconnected port PROG_FULL_THRESH_NEGATE[4]
WARNING: [Synth 8-3331] design wr_logic has unconnected port PROG_FULL_THRESH_NEGATE[3]
WARNING: [Synth 8-3331] design wr_logic has unconnected port PROG_FULL_THRESH_NEGATE[2]
WARNING: [Synth 8-3331] design wr_logic has unconnected port PROG_FULL_THRESH_NEGATE[1]
WARNING: [Synth 8-3331] design wr_logic has unconnected port PROG_FULL_THRESH_NEGATE[0]
WARNING: [Synth 8-3331] design updn_cntr has unconnected port RST
WARNING: [Synth 8-3331] design rd_fwft has unconnected port RD_RST
WARNING: [Synth 8-3331] design rd_fwft has unconnected port SAFETY_CKT_RD_RST
WARNING: [Synth 8-3331] design rd_fwft has unconnected port RAM_ALMOST_EMPTY
WARNING: [Synth 8-3331] design rd_status_flags_ss has unconnected port RD_RST
WARNING: [Synth 8-3331] design rd_status_flags_ss has unconnected port SAFETY_CKT_RD_RST
WARNING: [Synth 8-3331] design rd_status_flags_ss has unconnected port RD_PNTR_PLUS2[9]
WARNING: [Synth 8-3331] design rd_status_flags_ss has unconnected port RD_PNTR_PLUS2[8]
WARNING: [Synth 8-3331] design rd_status_flags_ss has unconnected port RD_PNTR_PLUS2[7]
WARNING: [Synth 8-3331] design rd_status_flags_ss has unconnected port RD_PNTR_PLUS2[6]
WARNING: [Synth 8-3331] design rd_status_flags_ss has unconnected port RD_PNTR_PLUS2[5]
WARNING: [Synth 8-3331] design rd_status_flags_ss has unconnected port RD_PNTR_PLUS2[4]
WARNING: [Synth 8-3331] design rd_status_flags_ss has unconnected port RD_PNTR_PLUS2[3]
WARNING: [Synth 8-3331] design rd_status_flags_ss has unconnected port RD_PNTR_PLUS2[2]
WARNING: [Synth 8-3331] design rd_status_flags_ss has unconnected port RD_PNTR_PLUS2[1]
WARNING: [Synth 8-3331] design rd_status_flags_ss has unconnected port RD_PNTR_PLUS2[0]
WARNING: [Synth 8-3331] design rd_bin_cntr has unconnected port RST
WARNING: [Synth 8-3331] design rd_logic has unconnected port RD_EN_INTO_LOGIC
WARNING: [Synth 8-3331] design rd_logic has unconnected port RD_RST_INTO_LOGIC
WARNING: [Synth 8-3331] design rd_logic has unconnected port RD_RST_BUSY
WARNING: [Synth 8-3331] design rd_logic has unconnected port RST_FULL_FF
WARNING: [Synth 8-3331] design rd_logic has unconnected port ALMOST_FULL_FB
WARNING: [Synth 8-3331] design rd_logic has unconnected port FULL
WARNING: [Synth 8-3331] design rd_logic has unconnected port WR_PNTR_PLUS1_RD[9]
WARNING: [Synth 8-3331] design rd_logic has unconnected port WR_PNTR_PLUS1_RD[8]
WARNING: [Synth 8-3331] design rd_logic has unconnected port WR_PNTR_PLUS1_RD[7]
WARNING: [Synth 8-3331] design rd_logic has unconnected port WR_PNTR_PLUS1_RD[6]
WARNING: [Synth 8-3331] design rd_logic has unconnected port WR_PNTR_PLUS1_RD[5]
WARNING: [Synth 8-3331] design rd_logic has unconnected port WR_PNTR_PLUS1_RD[4]
WARNING: [Synth 8-3331] design rd_logic has unconnected port WR_PNTR_PLUS1_RD[3]
WARNING: [Synth 8-3331] design rd_logic has unconnected port WR_PNTR_PLUS1_RD[2]
WARNING: [Synth 8-3331] design rd_logic has unconnected port WR_PNTR_PLUS1_RD[1]
WARNING: [Synth 8-3331] design rd_logic has unconnected port WR_PNTR_PLUS1_RD[0]
WARNING: [Synth 8-3331] design rd_logic has unconnected port PROG_EMPTY_THRESH[9]
WARNING: [Synth 8-3331] design rd_logic has unconnected port PROG_EMPTY_THRESH[8]
INFO: [Common 17-14] Message 'Synth 8-3331' appears 100 times and further instances of the messages will be disabled. Use the Tcl command set_msg_config to change the current settings.
---------------------------------------------------------------------------------
Finished RTL Elaboration : Time (s): cpu = 00:01:58 ; elapsed = 00:02:01 . Memory (MB): peak = 722.129 ; gain = 404.168
---------------------------------------------------------------------------------

Report Check Netlist: 
+------+------------------+-------+---------+-------+------------------+
|      |Item              |Errors |Warnings |Status |Description       |
+------+------------------+-------+---------+-------+------------------+
|1     |multi_driven_nets |      0|        0|Passed |Multi driven nets |
+------+------------------+-------+---------+-------+------------------+
---------------------------------------------------------------------------------
Start Handling Custom Attributes
---------------------------------------------------------------------------------
---------------------------------------------------------------------------------
Finished Handling Custom Attributes : Time (s): cpu = 00:01:59 ; elapsed = 00:02:01 . Memory (MB): peak = 722.129 ; gain = 404.168
---------------------------------------------------------------------------------
---------------------------------------------------------------------------------
Finished RTL Optimization Phase 1 : Time (s): cpu = 00:01:59 ; elapsed = 00:02:01 . Memory (MB): peak = 722.129 ; gain = 404.168
---------------------------------------------------------------------------------
INFO: [Netlist 29-17] Analyzing 49 Unisim elements for replacement
INFO: [Netlist 29-28] Unisim Transformation completed in 0 CPU seconds
INFO: [Device 21-403] Loading part xc7k325tffg900-2
INFO: [Project 1-570] Preparing netlist for logic optimization

Processing XDC Constraints
Initializing timing engine
Parsing XDC File [d:/K7_FMC_PCIE/K7FMC_PCIEDMA_DEMO/xilinx/kc705/KC705_Gen2x8If128/axi_spi_xcross/axi_spi.srcs/sources_1/bd/PCIEBridge/ip/PCIEBridge_axis_data_fifo_0_0/PCIEBridge_axis_data_fifo_0_0_ooc.xdc] for cell 'inst'
Finished Parsing XDC File [d:/K7_FMC_PCIE/K7FMC_PCIEDMA_DEMO/xilinx/kc705/KC705_Gen2x8If128/axi_spi_xcross/axi_spi.srcs/sources_1/bd/PCIEBridge/ip/PCIEBridge_axis_data_fifo_0_0/PCIEBridge_axis_data_fifo_0_0_ooc.xdc] for cell 'inst'
Parsing XDC File [d:/K7_FMC_PCIE/K7FMC_PCIEDMA_DEMO/xilinx/kc705/KC705_Gen2x8If128/axi_spi_xcross/axi_spi.srcs/sources_1/bd/PCIEBridge/ip/PCIEBridge_axis_data_fifo_0_0/PCIEBridge_axis_data_fifo_0_0/PCIEBridge_axis_data_fifo_0_0.xdc] for cell 'inst'
Finished Parsing XDC File [d:/K7_FMC_PCIE/K7FMC_PCIEDMA_DEMO/xilinx/kc705/KC705_Gen2x8If128/axi_spi_xcross/axi_spi.srcs/sources_1/bd/PCIEBridge/ip/PCIEBridge_axis_data_fifo_0_0/PCIEBridge_axis_data_fifo_0_0/PCIEBridge_axis_data_fifo_0_0.xdc] for cell 'inst'
Parsing XDC File [D:/K7_FMC_PCIE/K7FMC_PCIEDMA_DEMO/xilinx/kc705/KC705_Gen2x8If128/axi_spi_xcross/axi_spi.runs/PCIEBridge_axis_data_fifo_0_0_synth_1/dont_touch.xdc]
Finished Parsing XDC File [D:/K7_FMC_PCIE/K7FMC_PCIEDMA_DEMO/xilinx/kc705/KC705_Gen2x8If128/axi_spi_xcross/axi_spi.runs/PCIEBridge_axis_data_fifo_0_0_synth_1/dont_touch.xdc]
Sourcing Tcl File [C:/Xilinx/Vivado/2018.1/data/ip/xpm/xpm_cdc/tcl/xpm_cdc_sync_rst.tcl] for cell 'inst/gen_fifo_generator.fifo_generator_inst/inst_fifo_gen/gaxis_fifo.gaxisf.axisf/grf.rf/rstblk/ngwrdrst.grst.g7serrst.gsckt_wrst.xpm_cdc_sync_rst_inst_wrst'
Finished Sourcing Tcl File [C:/Xilinx/Vivado/2018.1/data/ip/xpm/xpm_cdc/tcl/xpm_cdc_sync_rst.tcl] for cell 'inst/gen_fifo_generator.fifo_generator_inst/inst_fifo_gen/gaxis_fifo.gaxisf.axisf/grf.rf/rstblk/ngwrdrst.grst.g7serrst.gsckt_wrst.xpm_cdc_sync_rst_inst_wrst'
Completed Processing XDC Constraints

INFO: [Project 1-111] Unisim Transformation Summary:
No Unisim elements were transformed.

Constraint Validation Runtime : Time (s): cpu = 00:00:01 ; elapsed = 00:00:00.111 . Memory (MB): peak = 970.195 ; gain = 2.426
---------------------------------------------------------------------------------
Finished Constraint Validation : Time (s): cpu = 00:02:16 ; elapsed = 00:02:20 . Memory (MB): peak = 970.195 ; gain = 652.234
---------------------------------------------------------------------------------
---------------------------------------------------------------------------------
Start Loading Part and Timing Information
---------------------------------------------------------------------------------
Loading part: xc7k325tffg900-2
---------------------------------------------------------------------------------
Finished Loading Part and Timing Information : Time (s): cpu = 00:02:16 ; elapsed = 00:02:20 . Memory (MB): peak = 970.195 ; gain = 652.234
---------------------------------------------------------------------------------
---------------------------------------------------------------------------------
Start Applying 'set_property' XDC Constraints
---------------------------------------------------------------------------------
Applied set_property DONT_TOUCH = true for inst. (constraint file  D:/K7_FMC_PCIE/K7FMC_PCIEDMA_DEMO/xilinx/kc705/KC705_Gen2x8If128/axi_spi_xcross/axi_spi.runs/PCIEBridge_axis_data_fifo_0_0_synth_1/dont_touch.xdc, line 9).
Applied set_property DONT_TOUCH = true for inst/\gen_fifo_generator.fifo_generator_inst /inst_fifo_gen/\gaxis_fifo.gaxisf.axisf /\grf.rf /rstblk/\ngwrdrst.grst.g7serrst.gsckt_wrst.xpm_cdc_sync_rst_inst_wrst . (constraint file  auto generated constraint, line ).
---------------------------------------------------------------------------------
Finished applying 'set_property' XDC Constraints : Time (s): cpu = 00:02:16 ; elapsed = 00:02:20 . Memory (MB): peak = 970.195 ; gain = 652.234
---------------------------------------------------------------------------------
INFO: [Synth 8-5544] ROM "leaving_empty_fwft" won't be mapped to Block RAM because address size (2) smaller than threshold (5)
---------------------------------------------------------------------------------
Finished RTL Optimization Phase 2 : Time (s): cpu = 00:02:18 ; elapsed = 00:02:22 . Memory (MB): peak = 970.195 ; gain = 652.234
---------------------------------------------------------------------------------

Report RTL Partitions: 
+-+--------------+------------+----------+
| |RTL Partition |Replication |Instances |
+-+--------------+------------+----------+
+-+--------------+------------+----------+
---------------------------------------------------------------------------------
Start RTL Component Statistics 
---------------------------------------------------------------------------------
Detailed RTL Component Info : 
+---Adders : 
	   2 Input     11 Bit       Adders := 1     
	   2 Input     10 Bit       Adders := 2     
+---XORs : 
	   2 Input      1 Bit         XORs := 99    
+---Registers : 
	             1024 Bit    Registers := 1     
	               11 Bit    Registers := 1     
	               10 Bit    Registers := 4     
	                5 Bit    Registers := 59    
	                4 Bit    Registers := 1     
	                2 Bit    Registers := 1     
	                1 Bit    Registers := 245   
+---Muxes : 
	   2 Input      2 Bit        Muxes := 4     
	   5 Input      2 Bit        Muxes := 1     
	   2 Input      1 Bit        Muxes := 7     
	   3 Input      1 Bit        Muxes := 1     
	   4 Input      1 Bit        Muxes := 2     
---------------------------------------------------------------------------------
Finished RTL Component Statistics 
---------------------------------------------------------------------------------
---------------------------------------------------------------------------------
Start RTL Hierarchical Component Statistics 
---------------------------------------------------------------------------------
Hierarchical RTL Component report 
Module xpm_cdc_sync_rst 
Detailed RTL Component Info : 
+---Registers : 
	                5 Bit    Registers := 1     
Module reset_blk_ramfifo 
Detailed RTL Component Info : 
+---Registers : 
	                4 Bit    Registers := 1     
	                1 Bit    Registers := 3     
Module blk_mem_gen_prim_width 
Detailed RTL Component Info : 
+---XORs : 
	   2 Input      1 Bit         XORs := 2     
+---Registers : 
	                5 Bit    Registers := 2     
	                1 Bit    Registers := 8     
Module blk_mem_gen_prim_width__parameterized0 
Detailed RTL Component Info : 
+---XORs : 
	   2 Input      1 Bit         XORs := 2     
+---Registers : 
	                5 Bit    Registers := 2     
	                1 Bit    Registers := 8     
Module blk_mem_gen_prim_width__parameterized1 
Detailed RTL Component Info : 
+---XORs : 
	   2 Input      1 Bit         XORs := 2     
+---Registers : 
	                5 Bit    Registers := 2     
	                1 Bit    Registers := 8     
Module blk_mem_gen_prim_width__parameterized2 
Detailed RTL Component Info : 
+---XORs : 
	   2 Input      1 Bit         XORs := 2     
+---Registers : 
	                5 Bit    Registers := 2     
	                1 Bit    Registers := 8     
Module blk_mem_gen_prim_width__parameterized3 
Detailed RTL Component Info : 
+---XORs : 
	   2 Input      1 Bit         XORs := 2     
+---Registers : 
	                5 Bit    Registers := 2     
	                1 Bit    Registers := 8     
Module blk_mem_gen_prim_width__parameterized4 
Detailed RTL Component Info : 
+---XORs : 
	   2 Input      1 Bit         XORs := 2     
+---Registers : 
	                5 Bit    Registers := 2     
	                1 Bit    Registers := 8     
Module blk_mem_gen_prim_width__parameterized5 
Detailed RTL Component Info : 
+---XORs : 
	   2 Input      1 Bit         XORs := 2     
+---Registers : 
	                5 Bit    Registers := 2     
	                1 Bit    Registers := 8     
Module blk_mem_gen_prim_width__parameterized6 
Detailed RTL Component Info : 
+---XORs : 
	   2 Input      1 Bit         XORs := 2     
+---Registers : 
	                5 Bit    Registers := 2     
	                1 Bit    Registers := 8     
Module blk_mem_gen_prim_width__parameterized7 
Detailed RTL Component Info : 
+---XORs : 
	   2 Input      1 Bit         XORs := 2     
+---Registers : 
	                5 Bit    Registers := 2     
	                1 Bit    Registers := 8     
Module blk_mem_gen_prim_width__parameterized8 
Detailed RTL Component Info : 
+---XORs : 
	   2 Input      1 Bit         XORs := 2     
+---Registers : 
	                5 Bit    Registers := 2     
	                1 Bit    Registers := 8     
Module blk_mem_gen_prim_width__parameterized9 
Detailed RTL Component Info : 
+---XORs : 
	   2 Input      1 Bit         XORs := 2     
+---Registers : 
	                5 Bit    Registers := 2     
	                1 Bit    Registers := 8     
Module blk_mem_gen_prim_width__parameterized10 
Detailed RTL Component Info : 
+---XORs : 
	   2 Input      1 Bit         XORs := 2     
+---Registers : 
	                5 Bit    Registers := 2     
	                1 Bit    Registers := 8     
Module blk_mem_gen_prim_width__parameterized11 
Detailed RTL Component Info : 
+---XORs : 
	   2 Input      1 Bit         XORs := 2     
+---Registers : 
	                5 Bit    Registers := 2     
	                1 Bit    Registers := 8     
Module blk_mem_gen_prim_width__parameterized12 
Detailed RTL Component Info : 
+---XORs : 
	   2 Input      1 Bit         XORs := 2     
+---Registers : 
	                5 Bit    Registers := 2     
	                1 Bit    Registers := 8     
Module blk_mem_gen_prim_width__parameterized13 
Detailed RTL Component Info : 
+---XORs : 
	   2 Input      1 Bit         XORs := 2     
+---Registers : 
	                5 Bit    Registers := 2     
	                1 Bit    Registers := 8     
Module blk_mem_gen_prim_width__parameterized14 
Detailed RTL Component Info : 
+---XORs : 
	   2 Input      1 Bit         XORs := 2     
+---Registers : 
	                5 Bit    Registers := 2     
	                1 Bit    Registers := 8     
Module blk_mem_gen_prim_width__parameterized15 
Detailed RTL Component Info : 
+---XORs : 
	   2 Input      1 Bit         XORs := 2     
+---Registers : 
	                5 Bit    Registers := 2     
	                1 Bit    Registers := 8     
Module blk_mem_gen_prim_width__parameterized16 
Detailed RTL Component Info : 
+---XORs : 
	   2 Input      1 Bit         XORs := 2     
+---Registers : 
	                5 Bit    Registers := 2     
	                1 Bit    Registers := 8     
Module blk_mem_gen_prim_width__parameterized17 
Detailed RTL Component Info : 
+---XORs : 
	   2 Input      1 Bit         XORs := 2     
+---Registers : 
	                5 Bit    Registers := 2     
	                1 Bit    Registers := 8     
Module blk_mem_gen_prim_width__parameterized18 
Detailed RTL Component Info : 
+---XORs : 
	   2 Input      1 Bit         XORs := 2     
+---Registers : 
	                5 Bit    Registers := 2     
	                1 Bit    Registers := 8     
Module blk_mem_gen_prim_width__parameterized19 
Detailed RTL Component Info : 
+---XORs : 
	   2 Input      1 Bit         XORs := 2     
+---Registers : 
	                5 Bit    Registers := 2     
	                1 Bit    Registers := 8     
Module blk_mem_gen_prim_width__parameterized20 
Detailed RTL Component Info : 
+---XORs : 
	   2 Input      1 Bit         XORs := 2     
+---Registers : 
	                5 Bit    Registers := 2     
	                1 Bit    Registers := 8     
Module blk_mem_gen_prim_width__parameterized21 
Detailed RTL Component Info : 
+---XORs : 
	   2 Input      1 Bit         XORs := 2     
+---Registers : 
	                5 Bit    Registers := 2     
	                1 Bit    Registers := 8     
Module blk_mem_gen_prim_width__parameterized22 
Detailed RTL Component Info : 
+---XORs : 
	   2 Input      1 Bit         XORs := 2     
+---Registers : 
	                5 Bit    Registers := 2     
	                1 Bit    Registers := 8     
Module blk_mem_gen_prim_width__parameterized23 
Detailed RTL Component Info : 
+---XORs : 
	   2 Input      1 Bit         XORs := 2     
+---Registers : 
	                5 Bit    Registers := 2     
	                1 Bit    Registers := 8     
Module blk_mem_gen_prim_width__parameterized24 
Detailed RTL Component Info : 
+---XORs : 
	   2 Input      1 Bit         XORs := 2     
+---Registers : 
	                5 Bit    Registers := 2     
	                1 Bit    Registers := 8     
Module blk_mem_gen_prim_width__parameterized25 
Detailed RTL Component Info : 
+---XORs : 
	   2 Input      1 Bit         XORs := 2     
+---Registers : 
	                5 Bit    Registers := 2     
	                1 Bit    Registers := 8     
Module blk_mem_gen_prim_width__parameterized26 
Detailed RTL Component Info : 
+---XORs : 
	   2 Input      1 Bit         XORs := 2     
+---Registers : 
	                5 Bit    Registers := 2     
	                1 Bit    Registers := 8     
Module blk_mem_gen_prim_width__parameterized27 
Detailed RTL Component Info : 
+---XORs : 
	   2 Input      1 Bit         XORs := 2     
+---Registers : 
	                5 Bit    Registers := 2     
	                1 Bit    Registers := 8     
Module memory 
Detailed RTL Component Info : 
+---Registers : 
	             1024 Bit    Registers := 1     
Module rd_bin_cntr 
Detailed RTL Component Info : 
+---Adders : 
	   2 Input     10 Bit       Adders := 1     
+---Registers : 
	               10 Bit    Registers := 2     
Module compare 
Detailed RTL Component Info : 
+---XORs : 
	   2 Input      1 Bit         XORs := 10    
Module rd_status_flags_ss 
Detailed RTL Component Info : 
+---Registers : 
	                1 Bit    Registers := 2     
+---Muxes : 
	   2 Input      1 Bit        Muxes := 1     
Module rd_fwft 
Detailed RTL Component Info : 
+---Registers : 
	                2 Bit    Registers := 1     
	                1 Bit    Registers := 6     
+---Muxes : 
	   2 Input      2 Bit        Muxes := 4     
	   5 Input      2 Bit        Muxes := 1     
	   3 Input      1 Bit        Muxes := 1     
	   2 Input      1 Bit        Muxes := 5     
	   4 Input      1 Bit        Muxes := 2     
Module updn_cntr 
Detailed RTL Component Info : 
+---Adders : 
	   2 Input     11 Bit       Adders := 1     
+---Registers : 
	               11 Bit    Registers := 1     
Module dc_ss_fwft 
Detailed RTL Component Info : 
+---XORs : 
	   2 Input      1 Bit         XORs := 1     
Module wr_bin_cntr 
Detailed RTL Component Info : 
+---Adders : 
	   2 Input     10 Bit       Adders := 1     
+---Registers : 
	               10 Bit    Registers := 2     
Module wr_status_flags_ss 
Detailed RTL Component Info : 
+---Registers : 
	                1 Bit    Registers := 2     
+---Muxes : 
	   2 Input      1 Bit        Muxes := 1     
---------------------------------------------------------------------------------
Finished RTL Hierarchical Component Statistics
---------------------------------------------------------------------------------
---------------------------------------------------------------------------------
Start Part Resource Summary
---------------------------------------------------------------------------------
Part Resources:
DSPs: 840 (col length:140)
BRAMs: 890 (col length: RAMB18 140 RAMB36 70)
---------------------------------------------------------------------------------
Finished Part Resource Summary
---------------------------------------------------------------------------------
---------------------------------------------------------------------------------
Start Cross Boundary and Area Optimization
---------------------------------------------------------------------------------
Warning: Parallel synthesis criteria is not met 
---------------------------------------------------------------------------------
Finished Cross Boundary and Area Optimization : Time (s): cpu = 00:02:20 ; elapsed = 00:02:24 . Memory (MB): peak = 970.195 ; gain = 652.234
---------------------------------------------------------------------------------

Report RTL Partitions: 
+-+--------------+------------+----------+
| |RTL Partition |Replication |Instances |
+-+--------------+------------+----------+
+-+--------------+------------+----------+
---------------------------------------------------------------------------------
Start Applying XDC Timing Constraints
---------------------------------------------------------------------------------
---------------------------------------------------------------------------------
Finished Applying XDC Timing Constraints : Time (s): cpu = 00:02:30 ; elapsed = 00:02:35 . Memory (MB): peak = 970.195 ; gain = 652.234
---------------------------------------------------------------------------------
---------------------------------------------------------------------------------
Start Timing Optimization
---------------------------------------------------------------------------------
---------------------------------------------------------------------------------
Finished Timing Optimization : Time (s): cpu = 00:02:30 ; elapsed = 00:02:36 . Memory (MB): peak = 970.195 ; gain = 652.234
---------------------------------------------------------------------------------

Report RTL Partitions: 
+-+--------------+------------+----------+
| |RTL Partition |Replication |Instances |
+-+--------------+------------+----------+
+-+--------------+------------+----------+
---------------------------------------------------------------------------------
Start Technology Mapping
---------------------------------------------------------------------------------
---------------------------------------------------------------------------------
Finished Technology Mapping : Time (s): cpu = 00:02:31 ; elapsed = 00:02:36 . Memory (MB): peak = 970.195 ; gain = 652.234
---------------------------------------------------------------------------------

Report RTL Partitions: 
+-+--------------+------------+----------+
| |RTL Partition |Replication |Instances |
+-+--------------+------------+----------+
+-+--------------+------------+----------+
---------------------------------------------------------------------------------
Start IO Insertion
---------------------------------------------------------------------------------
---------------------------------------------------------------------------------
Start Flattening Before IO Insertion
---------------------------------------------------------------------------------
---------------------------------------------------------------------------------
Finished Flattening Before IO Insertion
---------------------------------------------------------------------------------
---------------------------------------------------------------------------------
Start Final Netlist Cleanup
---------------------------------------------------------------------------------
INFO: [Synth 8-6064] Net \inst_fifo_gen/gaxis_fifo.gaxisf.axisf/grf.rf/p_19_out  is driving 114 big block pins (URAM, BRAM and DSP loads). Created 12 replicas of its driver. 
---------------------------------------------------------------------------------
Finished Final Netlist Cleanup
---------------------------------------------------------------------------------
---------------------------------------------------------------------------------
Finished IO Insertion : Time (s): cpu = 00:02:32 ; elapsed = 00:02:38 . Memory (MB): peak = 970.195 ; gain = 652.234
---------------------------------------------------------------------------------

Report Check Netlist: 
+------+------------------+-------+---------+-------+------------------+
|      |Item              |Errors |Warnings |Status |Description       |
+------+------------------+-------+---------+-------+------------------+
|1     |multi_driven_nets |      0|        0|Passed |Multi driven nets |
+------+------------------+-------+---------+-------+------------------+
---------------------------------------------------------------------------------
Start Renaming Generated Instances
---------------------------------------------------------------------------------
---------------------------------------------------------------------------------
Finished Renaming Generated Instances : Time (s): cpu = 00:02:32 ; elapsed = 00:02:38 . Memory (MB): peak = 970.195 ; gain = 652.234
---------------------------------------------------------------------------------

Report RTL Partitions: 
+-+--------------+------------+----------+
| |RTL Partition |Replication |Instances |
+-+--------------+------------+----------+
+-+--------------+------------+----------+
---------------------------------------------------------------------------------
Start Rebuilding User Hierarchy
---------------------------------------------------------------------------------
---------------------------------------------------------------------------------
Finished Rebuilding User Hierarchy : Time (s): cpu = 00:02:32 ; elapsed = 00:02:38 . Memory (MB): peak = 970.195 ; gain = 652.234
---------------------------------------------------------------------------------
---------------------------------------------------------------------------------
Start Renaming Generated Ports
---------------------------------------------------------------------------------
---------------------------------------------------------------------------------
Finished Renaming Generated Ports : Time (s): cpu = 00:02:33 ; elapsed = 00:02:38 . Memory (MB): peak = 970.195 ; gain = 652.234
---------------------------------------------------------------------------------
---------------------------------------------------------------------------------
Start Handling Custom Attributes
---------------------------------------------------------------------------------
---------------------------------------------------------------------------------
Finished Handling Custom Attributes : Time (s): cpu = 00:02:33 ; elapsed = 00:02:38 . Memory (MB): peak = 970.195 ; gain = 652.234
---------------------------------------------------------------------------------
---------------------------------------------------------------------------------
Start Renaming Generated Nets
---------------------------------------------------------------------------------
---------------------------------------------------------------------------------
Finished Renaming Generated Nets : Time (s): cpu = 00:02:33 ; elapsed = 00:02:38 . Memory (MB): peak = 970.195 ; gain = 652.234
---------------------------------------------------------------------------------
---------------------------------------------------------------------------------
Start ROM, RAM, DSP and Shift Register Reporting
---------------------------------------------------------------------------------

Static Shift Register Report:
+-----------------------+-------------------------------------------------------------------------------------------------------------------------------------------------------------------------------------------------------------------+--------+-------+--------------+--------------------+-------------------+--------+---------+
|Module Name            | RTL Name                                                                                                                                                                                                          | Length | Width | Reset Signal | Pull out first Reg | Pull out last Reg | SRL16E | SRLC32E | 
+-----------------------+-------------------------------------------------------------------------------------------------------------------------------------------------------------------------------------------------------------------+--------+-------+--------------+--------------------+-------------------+--------+---------+
|fifo_generator_v13_2_2 | inst_fifo_gen/gaxis_fifo.gaxisf.axisf/grf.rf/gntv_or_sync_fifo.mem/gbm.gbmg.gbmga.ngecc.bmg/inst_blk_mem_gen/gnbram.gnativebmg.native_blk_mem_gen/valid.cstr/ramloop[0].ram.r/SAFETY_CKT_GEN.RSTA_SHFT_REG_reg[4] | 4      | 58    | NO           | NO                 | YES               | 58     | 0       | 
+-----------------------+-------------------------------------------------------------------------------------------------------------------------------------------------------------------------------------------------------------------+--------+-------+--------------+--------------------+-------------------+--------+---------+

---------------------------------------------------------------------------------
Finished ROM, RAM, DSP and Shift Register Reporting
---------------------------------------------------------------------------------
---------------------------------------------------------------------------------
Start Writing Synthesis Report
---------------------------------------------------------------------------------

Report BlackBoxes: 
+-+--------------+----------+
| |BlackBox name |Instances |
+-+--------------+----------+
+-+--------------+----------+

Report Cell Usage: 
+------+---------+------+
|      |Cell     |Count |
+------+---------+------+
|1     |CARRY4   |     3|
|2     |LUT1     |     9|
|3     |LUT2     |    85|
|4     |LUT3     |    35|
|5     |LUT4     |    30|
|6     |LUT5     |     6|
|7     |LUT6     |    35|
|8     |MUXCY    |    20|
|9     |RAMB18E1 |     1|
|10    |RAMB36E1 |    28|
|11    |SRL16E   |    58|
|12    |FDRE     |  1377|
|13    |FDSE     |    12|
+------+---------+------+

Report Instance Areas: 
+------+-----------------------------------------------------------------------------+------------------------------------------+------+
|      |Instance                                                                     |Module                                    |Cells |
+------+-----------------------------------------------------------------------------+------------------------------------------+------+
|1     |top                                                                          |                                          |  1699|
|2     |  inst                                                                       |axis_data_fifo_v1_1_17_axis_data_fifo     |  1699|
|3     |    \gen_fifo_generator.fifo_generator_inst                                  |fifo_generator_v13_2_2                    |  1699|
|4     |      inst_fifo_gen                                                          |fifo_generator_v13_2_2_synth              |  1699|
|5     |        \gaxis_fifo.gaxisf.axisf                                             |fifo_generator_top                        |  1699|
|6     |          \grf.rf                                                            |fifo_generator_ramfifo                    |  1699|
|7     |            \gntv_or_sync_fifo.gl0.rd                                        |rd_logic                                  |   135|
|8     |              \gr1.gdcf.dc                                                   |dc_ss_fwft                                |    26|
|9     |                dc                                                           |updn_cntr                                 |    26|
|10    |              \gr1.gr1_int.rfwft                                             |rd_fwft                                   |    45|
|11    |              \grss.rsts                                                     |rd_status_flags_ss                        |    13|
|12    |                c1                                                           |compare_1                                 |     5|
|13    |                c2                                                           |compare_2                                 |     6|
|14    |              rpntr                                                          |rd_bin_cntr                               |    51|
|15    |            \gntv_or_sync_fifo.gl0.wr                                        |wr_logic                                  |    90|
|16    |              \gwss.wsts                                                     |wr_status_flags_ss                        |    59|
|17    |                c0                                                           |compare                                   |     5|
|18    |                c1                                                           |compare_0                                 |     6|
|19    |              wpntr                                                          |wr_bin_cntr                               |    31|
|20    |            \gntv_or_sync_fifo.mem                                           |memory                                    |  1459|
|21    |              \gbm.gbmg.gbmga.ngecc.bmg                                      |blk_mem_gen_v8_4_1                        |   435|
|22    |                inst_blk_mem_gen                                             |blk_mem_gen_v8_4_1_synth                  |   435|
|23    |                  \gnbram.gnativebmg.native_blk_mem_gen                      |blk_mem_gen_top                           |   435|
|24    |                    \valid.cstr                                              |blk_mem_gen_generic_cstr                  |   435|
|25    |                      \ramloop[0].ram.r                                      |blk_mem_gen_prim_width                    |    15|
|26    |                        \prim_noinit.ram                                     |blk_mem_gen_prim_wrapper                  |     1|
|27    |                      \ramloop[10].ram.r                                     |blk_mem_gen_prim_width__parameterized9    |    15|
|28    |                        \prim_noinit.ram                                     |blk_mem_gen_prim_wrapper__parameterized9  |     1|
|29    |                      \ramloop[11].ram.r                                     |blk_mem_gen_prim_width__parameterized10   |    15|
|30    |                        \prim_noinit.ram                                     |blk_mem_gen_prim_wrapper__parameterized10 |     1|
|31    |                      \ramloop[12].ram.r                                     |blk_mem_gen_prim_width__parameterized11   |    15|
|32    |                        \prim_noinit.ram                                     |blk_mem_gen_prim_wrapper__parameterized11 |     1|
|33    |                      \ramloop[13].ram.r                                     |blk_mem_gen_prim_width__parameterized12   |    15|
|34    |                        \prim_noinit.ram                                     |blk_mem_gen_prim_wrapper__parameterized12 |     1|
|35    |                      \ramloop[14].ram.r                                     |blk_mem_gen_prim_width__parameterized13   |    15|
|36    |                        \prim_noinit.ram                                     |blk_mem_gen_prim_wrapper__parameterized13 |     1|
|37    |                      \ramloop[15].ram.r                                     |blk_mem_gen_prim_width__parameterized14   |    15|
|38    |                        \prim_noinit.ram                                     |blk_mem_gen_prim_wrapper__parameterized14 |     1|
|39    |                      \ramloop[16].ram.r                                     |blk_mem_gen_prim_width__parameterized15   |    15|
|40    |                        \prim_noinit.ram                                     |blk_mem_gen_prim_wrapper__parameterized15 |     1|
|41    |                      \ramloop[17].ram.r                                     |blk_mem_gen_prim_width__parameterized16   |    15|
|42    |                        \prim_noinit.ram                                     |blk_mem_gen_prim_wrapper__parameterized16 |     1|
|43    |                      \ramloop[18].ram.r                                     |blk_mem_gen_prim_width__parameterized17   |    15|
|44    |                        \prim_noinit.ram                                     |blk_mem_gen_prim_wrapper__parameterized17 |     1|
|45    |                      \ramloop[19].ram.r                                     |blk_mem_gen_prim_width__parameterized18   |    15|
|46    |                        \prim_noinit.ram                                     |blk_mem_gen_prim_wrapper__parameterized18 |     1|
|47    |                      \ramloop[1].ram.r                                      |blk_mem_gen_prim_width__parameterized0    |    15|
|48    |                        \prim_noinit.ram                                     |blk_mem_gen_prim_wrapper__parameterized0  |     1|
|49    |                      \ramloop[20].ram.r                                     |blk_mem_gen_prim_width__parameterized19   |    15|
|50    |                        \prim_noinit.ram                                     |blk_mem_gen_prim_wrapper__parameterized19 |     1|
|51    |                      \ramloop[21].ram.r                                     |blk_mem_gen_prim_width__parameterized20   |    15|
|52    |                        \prim_noinit.ram                                     |blk_mem_gen_prim_wrapper__parameterized20 |     1|
|53    |                      \ramloop[22].ram.r                                     |blk_mem_gen_prim_width__parameterized21   |    15|
|54    |                        \prim_noinit.ram                                     |blk_mem_gen_prim_wrapper__parameterized21 |     1|
|55    |                      \ramloop[23].ram.r                                     |blk_mem_gen_prim_width__parameterized22   |    15|
|56    |                        \prim_noinit.ram                                     |blk_mem_gen_prim_wrapper__parameterized22 |     1|
|57    |                      \ramloop[24].ram.r                                     |blk_mem_gen_prim_width__parameterized23   |    15|
|58    |                        \prim_noinit.ram                                     |blk_mem_gen_prim_wrapper__parameterized23 |     1|
|59    |                      \ramloop[25].ram.r                                     |blk_mem_gen_prim_width__parameterized24   |    15|
|60    |                        \prim_noinit.ram                                     |blk_mem_gen_prim_wrapper__parameterized24 |     1|
|61    |                      \ramloop[26].ram.r                                     |blk_mem_gen_prim_width__parameterized25   |    15|
|62    |                        \prim_noinit.ram                                     |blk_mem_gen_prim_wrapper__parameterized25 |     1|
|63    |                      \ramloop[27].ram.r                                     |blk_mem_gen_prim_width__parameterized26   |    15|
|64    |                        \prim_noinit.ram                                     |blk_mem_gen_prim_wrapper__parameterized26 |     1|
|65    |                      \ramloop[28].ram.r                                     |blk_mem_gen_prim_width__parameterized27   |    15|
|66    |                        \prim_noinit.ram                                     |blk_mem_gen_prim_wrapper__parameterized27 |     1|
|67    |                      \ramloop[2].ram.r                                      |blk_mem_gen_prim_width__parameterized1    |    15|
|68    |                        \prim_noinit.ram                                     |blk_mem_gen_prim_wrapper__parameterized1  |     1|
|69    |                      \ramloop[3].ram.r                                      |blk_mem_gen_prim_width__parameterized2    |    15|
|70    |                        \prim_noinit.ram                                     |blk_mem_gen_prim_wrapper__parameterized2  |     1|
|71    |                      \ramloop[4].ram.r                                      |blk_mem_gen_prim_width__parameterized3    |    15|
|72    |                        \prim_noinit.ram                                     |blk_mem_gen_prim_wrapper__parameterized3  |     1|
|73    |                      \ramloop[5].ram.r                                      |blk_mem_gen_prim_width__parameterized4    |    15|
|74    |                        \prim_noinit.ram                                     |blk_mem_gen_prim_wrapper__parameterized4  |     1|
|75    |                      \ramloop[6].ram.r                                      |blk_mem_gen_prim_width__parameterized5    |    15|
|76    |                        \prim_noinit.ram                                     |blk_mem_gen_prim_wrapper__parameterized5  |     1|
|77    |                      \ramloop[7].ram.r                                      |blk_mem_gen_prim_width__parameterized6    |    15|
|78    |                        \prim_noinit.ram                                     |blk_mem_gen_prim_wrapper__parameterized6  |     1|
|79    |                      \ramloop[8].ram.r                                      |blk_mem_gen_prim_width__parameterized7    |    15|
|80    |                        \prim_noinit.ram                                     |blk_mem_gen_prim_wrapper__parameterized7  |     1|
|81    |                      \ramloop[9].ram.r                                      |blk_mem_gen_prim_width__parameterized8    |    15|
|82    |                        \prim_noinit.ram                                     |blk_mem_gen_prim_wrapper__parameterized8  |     1|
|83    |            rstblk                                                           |reset_blk_ramfifo                         |    15|
|84    |              \ngwrdrst.grst.g7serrst.gsckt_wrst.xpm_cdc_sync_rst_inst_wrst  |xpm_cdc_sync_rst                          |     5|
+------+-----------------------------------------------------------------------------+------------------------------------------+------+
---------------------------------------------------------------------------------
Finished Writing Synthesis Report : Time (s): cpu = 00:02:33 ; elapsed = 00:02:38 . Memory (MB): peak = 970.195 ; gain = 652.234
---------------------------------------------------------------------------------
Synthesis finished with 0 errors, 0 critical warnings and 757 warnings.
Synthesis Optimization Runtime : Time (s): cpu = 00:00:23 ; elapsed = 00:02:26 . Memory (MB): peak = 970.195 ; gain = 404.168
Synthesis Optimization Complete : Time (s): cpu = 00:02:33 ; elapsed = 00:02:38 . Memory (MB): peak = 970.195 ; gain = 652.234
INFO: [Project 1-571] Translating synthesized netlist
INFO: [Netlist 29-17] Analyzing 52 Unisim elements for replacement
INFO: [Netlist 29-28] Unisim Transformation completed in 0 CPU seconds
INFO: [Project 1-570] Preparing netlist for logic optimization
Sourcing Tcl File [C:/Xilinx/Vivado/2018.1/data/ip/xpm/xpm_cdc/tcl/xpm_cdc_sync_rst.tcl] for cell 'inst/gen_fifo_generator.fifo_generator_inst/inst_fifo_gen/gaxis_fifo.gaxisf.axisf/grf.rf/rstblk/ngwrdrst.grst.g7serrst.gsckt_wrst.xpm_cdc_sync_rst_inst_wrst'
Finished Sourcing Tcl File [C:/Xilinx/Vivado/2018.1/data/ip/xpm/xpm_cdc/tcl/xpm_cdc_sync_rst.tcl] for cell 'inst/gen_fifo_generator.fifo_generator_inst/inst_fifo_gen/gaxis_fifo.gaxisf.axisf/grf.rf/rstblk/ngwrdrst.grst.g7serrst.gsckt_wrst.xpm_cdc_sync_rst_inst_wrst'
INFO: [Opt 31-138] Pushed 0 inverter(s) to 0 load pin(s).
INFO: [Project 1-111] Unisim Transformation Summary:
  A total of 8 instances were transformed.
  (MUXCY,XORCY) => CARRY4: 8 instances

INFO: [Common 17-83] Releasing license: Synthesis
30 Infos, 100 Warnings, 0 Critical Warnings and 0 Errors encountered.
synth_design completed successfully
synth_design: Time (s): cpu = 00:02:36 ; elapsed = 00:02:44 . Memory (MB): peak = 970.195 ; gain = 664.035
INFO: [Common 17-600] The following parameters have non-default value.
tcl.collectionResultDisplayLimit
INFO: [Common 17-1381] The checkpoint 'D:/K7_FMC_PCIE/K7FMC_PCIEDMA_DEMO/xilinx/kc705/KC705_Gen2x8If128/axi_spi_xcross/axi_spi.runs/PCIEBridge_axis_data_fifo_0_0_synth_1/PCIEBridge_axis_data_fifo_0_0.dcp' has been generated.
