#-----------------------------------------------------------
# Vivado v2018.1 (64-bit)
# SW Build 2188600 on Wed Apr  4 18:40:38 MDT 2018
# IP Build 2185939 on Wed Apr  4 20:55:05 MDT 2018
# Start of session at: Thu Dec 19 21:58:01 2019
# Process ID: 1924
# Current directory: D:/K7_FMC_PCIE/K7FMC_PCIEDMA_DEMO/xilinx/kc705/KC705_Gen2x8If128/axi_spi_xcross
# Command line: vivado.exe -gui_launcher_event rodinguilauncherevent12580 D:\K7_FMC_PCIE\K7FMC_PCIEDMA_DEMO\xilinx\kc705\KC705_Gen2x8If128\axi_spi_xcross\axi_spi.xpr
# Log file: D:/K7_FMC_PCIE/K7FMC_PCIEDMA_DEMO/xilinx/kc705/KC705_Gen2x8If128/axi_spi_xcross/vivado.log
# Journal file: D:/K7_FMC_PCIE/K7FMC_PCIEDMA_DEMO/xilinx/kc705/KC705_Gen2x8If128/axi_spi_xcross\vivado.jou
#-----------------------------------------------------------
start_gui
open_project D:/K7_FMC_PCIE/K7FMC_PCIEDMA_DEMO/xilinx/kc705/KC705_Gen2x8If128/axi_spi_xcross/axi_spi.xpr
Scanning sources...
Finished scanning sources
INFO: [IP_Flow 19-234] Refreshing IP repositories
INFO: [IP_Flow 19-1700] Loaded user IP repository 'd:/Vivado2018_wrk/UART_ILA_pack/ip_repo'.
INFO: [IP_Flow 19-2313] Loaded Vivado IP repository 'C:/Xilinx/Vivado/2018.1/data/ip'.
open_project: Time (s): cpu = 00:00:25 ; elapsed = 00:00:17 . Memory (MB): peak = 1029.438 ; gain = 291.305
update_compile_order -fileset sources_1
reset_run synth_1
launch_runs impl_1 -to_step write_bitstream -jobs 8
[Thu Dec 19 22:04:53 2019] Launched synth_1...
Run output will be captured here: D:/K7_FMC_PCIE/K7FMC_PCIEDMA_DEMO/xilinx/kc705/KC705_Gen2x8If128/axi_spi_xcross/axi_spi.runs/synth_1/runme.log
[Thu Dec 19 22:04:53 2019] Launched impl_1...
Run output will be captured here: D:/K7_FMC_PCIE/K7FMC_PCIEDMA_DEMO/xilinx/kc705/KC705_Gen2x8If128/axi_spi_xcross/axi_spi.runs/impl_1/runme.log
open_hw
connect_hw_server
INFO: [Labtools 27-2285] Connecting to hw_server url TCP:localhost:3121
INFO: [Labtools 27-2222] Launching hw_server...
INFO: [Labtools 27-2221] Launch Output:

****** Xilinx hw_server v2018.1
  **** Build date : Apr  4 2018-19:32:53
    ** Copyright 1986-2018 Xilinx, Inc. All Rights Reserved.


open_hw_target
INFO: [Labtoolstcl 44-466] Opening hw_target localhost:3121/xilinx_tcf/Digilent/210251A08870
set_property PROGRAM.FILE {D:/K7_FMC_PCIE/K7FMC_PCIEDMA_DEMO/xilinx/kc705/KC705_Gen2x8If128/axi_spi_xcross/axi_spi.runs/impl_1/jesd_adc_part.bit} [get_hw_devices xc7k325t_0]
set_property PROBES.FILE {D:/K7_FMC_PCIE/K7FMC_PCIEDMA_DEMO/xilinx/kc705/KC705_Gen2x8If128/axi_spi_xcross/axi_spi.runs/impl_1/jesd_adc_part.ltx} [get_hw_devices xc7k325t_0]
set_property FULL_PROBES.FILE {D:/K7_FMC_PCIE/K7FMC_PCIEDMA_DEMO/xilinx/kc705/KC705_Gen2x8If128/axi_spi_xcross/axi_spi.runs/impl_1/jesd_adc_part.ltx} [get_hw_devices xc7k325t_0]
set_property PROGRAM.FILE {D:/K7_FMC_PCIE/K7FMC_PCIEDMA_DEMO/xilinx/kc705/KC705_Gen2x8If128/axi_spi_xcross/axi_spi.runs/impl_1/jesd_adc_part.bit} [get_hw_devices xc7k325t_0]
program_hw_devices [get_hw_devices xc7k325t_0]
INFO: [Labtools 27-3164] End of startup status: HIGH
refresh_hw_device [lindex [get_hw_devices xc7k325t_0] 0]
INFO: [Labtools 27-1434] Device xc7k325t (JTAG device index = 0) is programmed with a design that has no supported debug core(s) in it.
WARNING: [Labtools 27-3361] The debug hub core was not detected.
Resolution: 
1. Make sure the clock connected to the debug hub (dbg_hub) core is a free running clock and is active.
2. Make sure the BSCAN_SWITCH_USER_MASK device property in Vivado Hardware Manager reflects the user scan chain setting in the design and refresh the device.  To determine the user scan chain setting in the design, open the implemented design and use 'get_property C_USER_SCAN_CHAIN [get_debug_cores dbg_hub]'.
For more details on setting the scan chain property, consult the Vivado Debug and Programming User Guide (UG908).
WARNING: [Labtools 27-3413] Dropping logic core with cellname:'PCIEBridge_i/system_ila_0/inst/ila_lib' at location 'uuid_44F147CBDA2D585F8E7404D71A8B8708' from probes file, since it cannot be found on the programmed device.
WARNING: [Labtools 27-3413] Dropping logic core with cellname:'axi_spi_top_i/vio_0' at location 'uuid_B28A03A2D3565B57A846496B06C405AD' from probes file, since it cannot be found on the programmed device.
create_hw_cfgmem -hw_device [lindex [get_hw_devices] 0] -mem_dev [lindex [get_cfgmem_parts {mt25ql128-spi-x1_x2_x4}] 0]
set_property PROBES.FILE {D:/K7_FMC_PCIE/K7FMC_PCIEDMA_DEMO/xilinx/kc705/KC705_Gen2x8If128/axi_spi_xcross/axi_spi.runs/impl_1/jesd_adc_part.ltx} [get_hw_devices xc7k325t_0]
set_property FULL_PROBES.FILE {D:/K7_FMC_PCIE/K7FMC_PCIEDMA_DEMO/xilinx/kc705/KC705_Gen2x8If128/axi_spi_xcross/axi_spi.runs/impl_1/jesd_adc_part.ltx} [get_hw_devices xc7k325t_0]
set_property PROGRAM.FILE {D:/K7_FMC_PCIE/K7FMC_PCIEDMA_DEMO/xilinx/kc705/KC705_Gen2x8If128/axi_spi_xcross/axi_spi.runs/impl_1/jesd_adc_part.bin} [get_hw_devices xc7k325t_0]
program_hw_devices [get_hw_devices xc7k325t_0]
INFO: [Labtools 27-3164] End of startup status: HIGH
refresh_hw_device [lindex [get_hw_devices xc7k325t_0] 0]
INFO: [Labtools 27-1434] Device xc7k325t (JTAG device index = 0) is programmed with a design that has no supported debug core(s) in it.
WARNING: [Labtools 27-3361] The debug hub core was not detected.
Resolution: 
1. Make sure the clock connected to the debug hub (dbg_hub) core is a free running clock and is active.
2. Make sure the BSCAN_SWITCH_USER_MASK device property in Vivado Hardware Manager reflects the user scan chain setting in the design and refresh the device.  To determine the user scan chain setting in the design, open the implemented design and use 'get_property C_USER_SCAN_CHAIN [get_debug_cores dbg_hub]'.
For more details on setting the scan chain property, consult the Vivado Debug and Programming User Guide (UG908).
WARNING: [Labtools 27-3413] Dropping logic core with cellname:'PCIEBridge_i/system_ila_0/inst/ila_lib' at location 'uuid_44F147CBDA2D585F8E7404D71A8B8708' from probes file, since it cannot be found on the programmed device.
WARNING: [Labtools 27-3413] Dropping logic core with cellname:'axi_spi_top_i/vio_0' at location 'uuid_B28A03A2D3565B57A846496B06C405AD' from probes file, since it cannot be found on the programmed device.
ERROR: [Labtoolstcl 44-513] HW Target shutdown. Closing target: localhost:3121/xilinx_tcf/Digilent/210251A08870
INFO: [Labtoolstcl 44-466] Opening hw_target localhost:3121/xilinx_tcf/Digilent/210251A08870
INFO: [Labtools 27-1434] Device xc7k325t (JTAG device index = 0) is programmed with a design that has no supported debug core(s) in it.
WARNING: [Labtools 27-3361] The debug hub core was not detected.
Resolution: 
1. Make sure the clock connected to the debug hub (dbg_hub) core is a free running clock and is active.
2. Make sure the BSCAN_SWITCH_USER_MASK device property in Vivado Hardware Manager reflects the user scan chain setting in the design and refresh the device.  To determine the user scan chain setting in the design, open the implemented design and use 'get_property C_USER_SCAN_CHAIN [get_debug_cores dbg_hub]'.
For more details on setting the scan chain property, consult the Vivado Debug and Programming User Guide (UG908).
WARNING: [Labtools 27-3413] Dropping logic core with cellname:'PCIEBridge_i/system_ila_0/inst/ila_lib' at location 'uuid_44F147CBDA2D585F8E7404D71A8B8708' from probes file, since it cannot be found on the programmed device.
WARNING: [Labtools 27-3413] Dropping logic core with cellname:'axi_spi_top_i/vio_0' at location 'uuid_B28A03A2D3565B57A846496B06C405AD' from probes file, since it cannot be found on the programmed device.
WARNING: [Labtoolstcl 44-129] No matching hw_ila_data was found.
set_property PROBES.FILE {D:/K7_FMC_PCIE/K7FMC_PCIEDMA_DEMO/xilinx/kc705/KC705_Gen2x8If128/axi_spi_xcross/axi_spi.runs/impl_1/jesd_adc_part.ltx} [get_hw_devices xc7k325t_0]
set_property FULL_PROBES.FILE {D:/K7_FMC_PCIE/K7FMC_PCIEDMA_DEMO/xilinx/kc705/KC705_Gen2x8If128/axi_spi_xcross/axi_spi.runs/impl_1/jesd_adc_part.ltx} [get_hw_devices xc7k325t_0]
set_property PROGRAM.FILE {D:/K7_FMC_PCIE/K7FMC_PCIEDMA_DEMO/xilinx/kc705/KC705_Gen2x8If128/axi_spi_xcross/axi_spi.runs/impl_1/jesd_adc_part.bin} [get_hw_devices xc7k325t_0]
program_hw_devices [get_hw_devices xc7k325t_0]
INFO: [Labtools 27-3164] End of startup status: HIGH
refresh_hw_device [lindex [get_hw_devices xc7k325t_0] 0]
INFO: [Labtools 27-1434] Device xc7k325t (JTAG device index = 0) is programmed with a design that has no supported debug core(s) in it.
WARNING: [Labtools 27-3361] The debug hub core was not detected.
Resolution: 
1. Make sure the clock connected to the debug hub (dbg_hub) core is a free running clock and is active.
2. Make sure the BSCAN_SWITCH_USER_MASK device property in Vivado Hardware Manager reflects the user scan chain setting in the design and refresh the device.  To determine the user scan chain setting in the design, open the implemented design and use 'get_property C_USER_SCAN_CHAIN [get_debug_cores dbg_hub]'.
For more details on setting the scan chain property, consult the Vivado Debug and Programming User Guide (UG908).
WARNING: [Labtools 27-3413] Dropping logic core with cellname:'PCIEBridge_i/system_ila_0/inst/ila_lib' at location 'uuid_44F147CBDA2D585F8E7404D71A8B8708' from probes file, since it cannot be found on the programmed device.
WARNING: [Labtools 27-3413] Dropping logic core with cellname:'axi_spi_top_i/vio_0' at location 'uuid_B28A03A2D3565B57A846496B06C405AD' from probes file, since it cannot be found on the programmed device.
refresh_hw_device [lindex [get_hw_devices xc7k325t_0] 0]
INFO: [Labtools 27-1434] Device xc7k325t (JTAG device index = 0) is programmed with a design that has no supported debug core(s) in it.
WARNING: [Labtools 27-3361] The debug hub core was not detected.
Resolution: 
1. Make sure the clock connected to the debug hub (dbg_hub) core is a free running clock and is active.
2. Make sure the BSCAN_SWITCH_USER_MASK device property in Vivado Hardware Manager reflects the user scan chain setting in the design and refresh the device.  To determine the user scan chain setting in the design, open the implemented design and use 'get_property C_USER_SCAN_CHAIN [get_debug_cores dbg_hub]'.
For more details on setting the scan chain property, consult the Vivado Debug and Programming User Guide (UG908).
WARNING: [Labtools 27-3413] Dropping logic core with cellname:'PCIEBridge_i/system_ila_0/inst/ila_lib' at location 'uuid_44F147CBDA2D585F8E7404D71A8B8708' from probes file, since it cannot be found on the programmed device.
WARNING: [Labtools 27-3413] Dropping logic core with cellname:'axi_spi_top_i/vio_0' at location 'uuid_B28A03A2D3565B57A846496B06C405AD' from probes file, since it cannot be found on the programmed device.
set_property PROBES.FILE {D:/K7_FMC_PCIE/K7FMC_PCIEDMA_DEMO/xilinx/kc705/KC705_Gen2x8If128/axi_spi_xcross/axi_spi.runs/impl_1/jesd_adc_part.ltx} [get_hw_devices xc7k325t_0]
set_property FULL_PROBES.FILE {D:/K7_FMC_PCIE/K7FMC_PCIEDMA_DEMO/xilinx/kc705/KC705_Gen2x8If128/axi_spi_xcross/axi_spi.runs/impl_1/jesd_adc_part.ltx} [get_hw_devices xc7k325t_0]
set_property PROGRAM.FILE {D:/K7_FMC_PCIE/K7FMC_PCIEDMA_DEMO/xilinx/kc705/KC705_Gen2x8If128/axi_spi_xcross/axi_spi.runs/impl_1/jesd_adc_part.bin} [get_hw_devices xc7k325t_0]
program_hw_devices [get_hw_devices xc7k325t_0]
INFO: [Labtools 27-3164] End of startup status: HIGH
refresh_hw_device [lindex [get_hw_devices xc7k325t_0] 0]
INFO: [Labtools 27-1434] Device xc7k325t (JTAG device index = 0) is programmed with a design that has no supported debug core(s) in it.
WARNING: [Labtools 27-3361] The debug hub core was not detected.
Resolution: 
1. Make sure the clock connected to the debug hub (dbg_hub) core is a free running clock and is active.
2. Make sure the BSCAN_SWITCH_USER_MASK device property in Vivado Hardware Manager reflects the user scan chain setting in the design and refresh the device.  To determine the user scan chain setting in the design, open the implemented design and use 'get_property C_USER_SCAN_CHAIN [get_debug_cores dbg_hub]'.
For more details on setting the scan chain property, consult the Vivado Debug and Programming User Guide (UG908).
WARNING: [Labtools 27-3413] Dropping logic core with cellname:'PCIEBridge_i/system_ila_0/inst/ila_lib' at location 'uuid_44F147CBDA2D585F8E7404D71A8B8708' from probes file, since it cannot be found on the programmed device.
WARNING: [Labtools 27-3413] Dropping logic core with cellname:'axi_spi_top_i/vio_0' at location 'uuid_B28A03A2D3565B57A846496B06C405AD' from probes file, since it cannot be found on the programmed device.
open_bd_design {D:/K7_FMC_PCIE/K7FMC_PCIEDMA_DEMO/xilinx/kc705/KC705_Gen2x8If128/axi_spi_xcross/axi_spi.srcs/sources_1/bd/PCIEBridge/PCIEBridge.bd}
Adding cell -- xilinx.com:ip:system_ila:1.1 - system_ila_0
Adding cell -- xilinx.com:module_ref:chnl_moniter:1.0 - chnl_moniter_0
Successfully read diagram <PCIEBridge> from BD file <D:/K7_FMC_PCIE/K7FMC_PCIEDMA_DEMO/xilinx/kc705/KC705_Gen2x8If128/axi_spi_xcross/axi_spi.srcs/sources_1/bd/PCIEBridge/PCIEBridge.bd>
open_bd_design: Time (s): cpu = 00:00:08 ; elapsed = 00:00:06 . Memory (MB): peak = 2166.867 ; gain = 90.867
can't use floating-point value as operand of "<<"
can't use floating-point value as operand of "<<"
can't use floating-point value as operand of "<<"
open_run impl_1
INFO: [Netlist 29-17] Analyzing 1429 Unisim elements for replacement
INFO: [Netlist 29-28] Unisim Transformation completed in 1 CPU seconds
INFO: [Project 1-479] Netlist was created with Vivado 2018.1
INFO: [Device 21-403] Loading part xc7k325tffg900-2
INFO: [Project 1-570] Preparing netlist for logic optimization
WARNING: [Constraints 18-550] Could not create 'SLEW' constraint because net 'axi_spi_top_i/Tgate_0/I' is not directly connected to top level port. 'SLEW' is ignored by Vivado but preserved for implementation tool. [d:/K7_FMC_PCIE/K7FMC_PCIEDMA_DEMO/xilinx/kc705/KC705_Gen2x8If128/axi_spi_xcross/axi_spi.srcs/sources_1/bd/axi_spi_top/ip/axi_spi_top_Tgate_0_0/axi_spi_top_Tgate_0_0/axi_spi_top_Tgate_0_0.edf:113]
WARNING: [Constraints 18-550] Could not create 'DRIVE' constraint because net 'axi_spi_top_i/Tgate_0/I' is not directly connected to top level port. 'DRIVE' is ignored by Vivado but preserved for implementation tool. [d:/K7_FMC_PCIE/K7FMC_PCIEDMA_DEMO/xilinx/kc705/KC705_Gen2x8If128/axi_spi_xcross/axi_spi.srcs/sources_1/bd/axi_spi_top/ip/axi_spi_top_Tgate_0_0/axi_spi_top_Tgate_0_0/axi_spi_top_Tgate_0_0.edf:114]
WARNING: [Constraints 18-550] Could not create 'IBUF_LOW_PWR' constraint because net 'axi_spi_top_i/Tgate_0/I' is not directly connected to top level port. 'IBUF_LOW_PWR' is ignored by Vivado but preserved for implementation tool. [d:/K7_FMC_PCIE/K7FMC_PCIEDMA_DEMO/xilinx/kc705/KC705_Gen2x8If128/axi_spi_xcross/axi_spi.srcs/sources_1/bd/axi_spi_top/ip/axi_spi_top_Tgate_0_0/axi_spi_top_Tgate_0_0/axi_spi_top_Tgate_0_0.edf:115]
WARNING: [Constraints 18-550] Could not create 'SLEW' constraint because net 'axi_spi_top_i/Tgate_0/O' is not directly connected to top level port. 'SLEW' is ignored by Vivado but preserved for implementation tool. [d:/K7_FMC_PCIE/K7FMC_PCIEDMA_DEMO/xilinx/kc705/KC705_Gen2x8If128/axi_spi_xcross/axi_spi.srcs/sources_1/bd/axi_spi_top/ip/axi_spi_top_Tgate_0_0/axi_spi_top_Tgate_0_0/axi_spi_top_Tgate_0_0.edf:131]
WARNING: [Constraints 18-550] Could not create 'DRIVE' constraint because net 'axi_spi_top_i/Tgate_0/O' is not directly connected to top level port. 'DRIVE' is ignored by Vivado but preserved for implementation tool. [d:/K7_FMC_PCIE/K7FMC_PCIEDMA_DEMO/xilinx/kc705/KC705_Gen2x8If128/axi_spi_xcross/axi_spi.srcs/sources_1/bd/axi_spi_top/ip/axi_spi_top_Tgate_0_0/axi_spi_top_Tgate_0_0/axi_spi_top_Tgate_0_0.edf:132]
WARNING: [Constraints 18-550] Could not create 'IBUF_LOW_PWR' constraint because net 'axi_spi_top_i/Tgate_0/O' is not directly connected to top level port. 'IBUF_LOW_PWR' is ignored by Vivado but preserved for implementation tool. [d:/K7_FMC_PCIE/K7FMC_PCIEDMA_DEMO/xilinx/kc705/KC705_Gen2x8If128/axi_spi_xcross/axi_spi.srcs/sources_1/bd/axi_spi_top/ip/axi_spi_top_Tgate_0_0/axi_spi_top_Tgate_0_0/axi_spi_top_Tgate_0_0.edf:133]
WARNING: [Constraints 18-550] Could not create 'SLEW' constraint because net 'axi_spi_top_i/Tgate_0/T' is not directly connected to top level port. 'SLEW' is ignored by Vivado but preserved for implementation tool. [d:/K7_FMC_PCIE/K7FMC_PCIEDMA_DEMO/xilinx/kc705/KC705_Gen2x8If128/axi_spi_xcross/axi_spi.srcs/sources_1/bd/axi_spi_top/ip/axi_spi_top_Tgate_0_0/axi_spi_top_Tgate_0_0/axi_spi_top_Tgate_0_0.edf:140]
WARNING: [Constraints 18-550] Could not create 'DRIVE' constraint because net 'axi_spi_top_i/Tgate_0/T' is not directly connected to top level port. 'DRIVE' is ignored by Vivado but preserved for implementation tool. [d:/K7_FMC_PCIE/K7FMC_PCIEDMA_DEMO/xilinx/kc705/KC705_Gen2x8If128/axi_spi_xcross/axi_spi.srcs/sources_1/bd/axi_spi_top/ip/axi_spi_top_Tgate_0_0/axi_spi_top_Tgate_0_0/axi_spi_top_Tgate_0_0.edf:141]
WARNING: [Constraints 18-550] Could not create 'IBUF_LOW_PWR' constraint because net 'axi_spi_top_i/Tgate_0/T' is not directly connected to top level port. 'IBUF_LOW_PWR' is ignored by Vivado but preserved for implementation tool. [d:/K7_FMC_PCIE/K7FMC_PCIEDMA_DEMO/xilinx/kc705/KC705_Gen2x8If128/axi_spi_xcross/axi_spi.srcs/sources_1/bd/axi_spi_top/ip/axi_spi_top_Tgate_0_0/axi_spi_top_Tgate_0_0/axi_spi_top_Tgate_0_0.edf:142]
WARNING: [Constraints 18-550] Could not create 'SLEW' constraint because net 'axi_spi_top_i/Tgate_1/I' is not directly connected to top level port. 'SLEW' is ignored by Vivado but preserved for implementation tool. [d:/K7_FMC_PCIE/K7FMC_PCIEDMA_DEMO/xilinx/kc705/KC705_Gen2x8If128/axi_spi_xcross/axi_spi.srcs/sources_1/bd/axi_spi_top/ip/axi_spi_top_Tgate_0_1/axi_spi_top_Tgate_0_1/axi_spi_top_Tgate_0_1.edf:113]
WARNING: [Constraints 18-550] Could not create 'DRIVE' constraint because net 'axi_spi_top_i/Tgate_1/I' is not directly connected to top level port. 'DRIVE' is ignored by Vivado but preserved for implementation tool. [d:/K7_FMC_PCIE/K7FMC_PCIEDMA_DEMO/xilinx/kc705/KC705_Gen2x8If128/axi_spi_xcross/axi_spi.srcs/sources_1/bd/axi_spi_top/ip/axi_spi_top_Tgate_0_1/axi_spi_top_Tgate_0_1/axi_spi_top_Tgate_0_1.edf:114]
WARNING: [Constraints 18-550] Could not create 'IBUF_LOW_PWR' constraint because net 'axi_spi_top_i/Tgate_1/I' is not directly connected to top level port. 'IBUF_LOW_PWR' is ignored by Vivado but preserved for implementation tool. [d:/K7_FMC_PCIE/K7FMC_PCIEDMA_DEMO/xilinx/kc705/KC705_Gen2x8If128/axi_spi_xcross/axi_spi.srcs/sources_1/bd/axi_spi_top/ip/axi_spi_top_Tgate_0_1/axi_spi_top_Tgate_0_1/axi_spi_top_Tgate_0_1.edf:115]
WARNING: [Constraints 18-550] Could not create 'SLEW' constraint because net 'axi_spi_top_i/Tgate_1/O' is not directly connected to top level port. 'SLEW' is ignored by Vivado but preserved for implementation tool. [d:/K7_FMC_PCIE/K7FMC_PCIEDMA_DEMO/xilinx/kc705/KC705_Gen2x8If128/axi_spi_xcross/axi_spi.srcs/sources_1/bd/axi_spi_top/ip/axi_spi_top_Tgate_0_1/axi_spi_top_Tgate_0_1/axi_spi_top_Tgate_0_1.edf:131]
WARNING: [Constraints 18-550] Could not create 'DRIVE' constraint because net 'axi_spi_top_i/Tgate_1/O' is not directly connected to top level port. 'DRIVE' is ignored by Vivado but preserved for implementation tool. [d:/K7_FMC_PCIE/K7FMC_PCIEDMA_DEMO/xilinx/kc705/KC705_Gen2x8If128/axi_spi_xcross/axi_spi.srcs/sources_1/bd/axi_spi_top/ip/axi_spi_top_Tgate_0_1/axi_spi_top_Tgate_0_1/axi_spi_top_Tgate_0_1.edf:132]
WARNING: [Constraints 18-550] Could not create 'IBUF_LOW_PWR' constraint because net 'axi_spi_top_i/Tgate_1/O' is not directly connected to top level port. 'IBUF_LOW_PWR' is ignored by Vivado but preserved for implementation tool. [d:/K7_FMC_PCIE/K7FMC_PCIEDMA_DEMO/xilinx/kc705/KC705_Gen2x8If128/axi_spi_xcross/axi_spi.srcs/sources_1/bd/axi_spi_top/ip/axi_spi_top_Tgate_0_1/axi_spi_top_Tgate_0_1/axi_spi_top_Tgate_0_1.edf:133]
WARNING: [Constraints 18-550] Could not create 'SLEW' constraint because net 'axi_spi_top_i/Tgate_1/T' is not directly connected to top level port. 'SLEW' is ignored by Vivado but preserved for implementation tool. [d:/K7_FMC_PCIE/K7FMC_PCIEDMA_DEMO/xilinx/kc705/KC705_Gen2x8If128/axi_spi_xcross/axi_spi.srcs/sources_1/bd/axi_spi_top/ip/axi_spi_top_Tgate_0_1/axi_spi_top_Tgate_0_1/axi_spi_top_Tgate_0_1.edf:140]
WARNING: [Constraints 18-550] Could not create 'DRIVE' constraint because net 'axi_spi_top_i/Tgate_1/T' is not directly connected to top level port. 'DRIVE' is ignored by Vivado but preserved for implementation tool. [d:/K7_FMC_PCIE/K7FMC_PCIEDMA_DEMO/xilinx/kc705/KC705_Gen2x8If128/axi_spi_xcross/axi_spi.srcs/sources_1/bd/axi_spi_top/ip/axi_spi_top_Tgate_0_1/axi_spi_top_Tgate_0_1/axi_spi_top_Tgate_0_1.edf:141]
WARNING: [Constraints 18-550] Could not create 'IBUF_LOW_PWR' constraint because net 'axi_spi_top_i/Tgate_1/T' is not directly connected to top level port. 'IBUF_LOW_PWR' is ignored by Vivado but preserved for implementation tool. [d:/K7_FMC_PCIE/K7FMC_PCIEDMA_DEMO/xilinx/kc705/KC705_Gen2x8If128/axi_spi_xcross/axi_spi.srcs/sources_1/bd/axi_spi_top/ip/axi_spi_top_Tgate_0_1/axi_spi_top_Tgate_0_1/axi_spi_top_Tgate_0_1.edf:142]
WARNING: [Constraints 18-550] Could not create 'SLEW' constraint because net 'axi_spi_top_i/Tgate_3/I' is not directly connected to top level port. 'SLEW' is ignored by Vivado but preserved for implementation tool. [d:/K7_FMC_PCIE/K7FMC_PCIEDMA_DEMO/xilinx/kc705/KC705_Gen2x8If128/axi_spi_xcross/axi_spi.srcs/sources_1/bd/axi_spi_top/ip/axi_spi_top_Tgate_2_0/axi_spi_top_Tgate_2_0/axi_spi_top_Tgate_2_0.edf:113]
WARNING: [Constraints 18-550] Could not create 'DRIVE' constraint because net 'axi_spi_top_i/Tgate_3/I' is not directly connected to top level port. 'DRIVE' is ignored by Vivado but preserved for implementation tool. [d:/K7_FMC_PCIE/K7FMC_PCIEDMA_DEMO/xilinx/kc705/KC705_Gen2x8If128/axi_spi_xcross/axi_spi.srcs/sources_1/bd/axi_spi_top/ip/axi_spi_top_Tgate_2_0/axi_spi_top_Tgate_2_0/axi_spi_top_Tgate_2_0.edf:114]
WARNING: [Constraints 18-550] Could not create 'IBUF_LOW_PWR' constraint because net 'axi_spi_top_i/Tgate_3/I' is not directly connected to top level port. 'IBUF_LOW_PWR' is ignored by Vivado but preserved for implementation tool. [d:/K7_FMC_PCIE/K7FMC_PCIEDMA_DEMO/xilinx/kc705/KC705_Gen2x8If128/axi_spi_xcross/axi_spi.srcs/sources_1/bd/axi_spi_top/ip/axi_spi_top_Tgate_2_0/axi_spi_top_Tgate_2_0/axi_spi_top_Tgate_2_0.edf:115]
WARNING: [Constraints 18-550] Could not create 'SLEW' constraint because net 'axi_spi_top_i/Tgate_3/T' is not directly connected to top level port. 'SLEW' is ignored by Vivado but preserved for implementation tool. [d:/K7_FMC_PCIE/K7FMC_PCIEDMA_DEMO/xilinx/kc705/KC705_Gen2x8If128/axi_spi_xcross/axi_spi.srcs/sources_1/bd/axi_spi_top/ip/axi_spi_top_Tgate_2_0/axi_spi_top_Tgate_2_0/axi_spi_top_Tgate_2_0.edf:140]
WARNING: [Constraints 18-550] Could not create 'DRIVE' constraint because net 'axi_spi_top_i/Tgate_3/T' is not directly connected to top level port. 'DRIVE' is ignored by Vivado but preserved for implementation tool. [d:/K7_FMC_PCIE/K7FMC_PCIEDMA_DEMO/xilinx/kc705/KC705_Gen2x8If128/axi_spi_xcross/axi_spi.srcs/sources_1/bd/axi_spi_top/ip/axi_spi_top_Tgate_2_0/axi_spi_top_Tgate_2_0/axi_spi_top_Tgate_2_0.edf:141]
WARNING: [Constraints 18-550] Could not create 'IBUF_LOW_PWR' constraint because net 'axi_spi_top_i/Tgate_3/T' is not directly connected to top level port. 'IBUF_LOW_PWR' is ignored by Vivado but preserved for implementation tool. [d:/K7_FMC_PCIE/K7FMC_PCIEDMA_DEMO/xilinx/kc705/KC705_Gen2x8If128/axi_spi_xcross/axi_spi.srcs/sources_1/bd/axi_spi_top/ip/axi_spi_top_Tgate_2_0/axi_spi_top_Tgate_2_0/axi_spi_top_Tgate_2_0.edf:142]
WARNING: [Constraints 18-550] Could not create 'SLEW' constraint because net 'axi_spi_top_i/Tgate_width5_0/I[0]' is not directly connected to top level port. 'SLEW' is ignored by Vivado but preserved for implementation tool. [d:/K7_FMC_PCIE/K7FMC_PCIEDMA_DEMO/xilinx/kc705/KC705_Gen2x8If128/axi_spi_xcross/axi_spi.srcs/sources_1/bd/axi_spi_top/ip/axi_spi_top_Tgate_width5_0_0/axi_spi_top_Tgate_width5_0_0/axi_spi_top_Tgate_width5_0_0.edf:216]
WARNING: [Constraints 18-550] Could not create 'DRIVE' constraint because net 'axi_spi_top_i/Tgate_width5_0/I[0]' is not directly connected to top level port. 'DRIVE' is ignored by Vivado but preserved for implementation tool. [d:/K7_FMC_PCIE/K7FMC_PCIEDMA_DEMO/xilinx/kc705/KC705_Gen2x8If128/axi_spi_xcross/axi_spi.srcs/sources_1/bd/axi_spi_top/ip/axi_spi_top_Tgate_width5_0_0/axi_spi_top_Tgate_width5_0_0/axi_spi_top_Tgate_width5_0_0.edf:217]
WARNING: [Constraints 18-550] Could not create 'IBUF_LOW_PWR' constraint because net 'axi_spi_top_i/Tgate_width5_0/I[0]' is not directly connected to top level port. 'IBUF_LOW_PWR' is ignored by Vivado but preserved for implementation tool. [d:/K7_FMC_PCIE/K7FMC_PCIEDMA_DEMO/xilinx/kc705/KC705_Gen2x8If128/axi_spi_xcross/axi_spi.srcs/sources_1/bd/axi_spi_top/ip/axi_spi_top_Tgate_width5_0_0/axi_spi_top_Tgate_width5_0_0/axi_spi_top_Tgate_width5_0_0.edf:218]
WARNING: [Constraints 18-550] Could not create 'SLEW' constraint because net 'axi_spi_top_i/Tgate_width5_0/I[1]' is not directly connected to top level port. 'SLEW' is ignored by Vivado but preserved for implementation tool. [d:/K7_FMC_PCIE/K7FMC_PCIEDMA_DEMO/xilinx/kc705/KC705_Gen2x8If128/axi_spi_xcross/axi_spi.srcs/sources_1/bd/axi_spi_top/ip/axi_spi_top_Tgate_width5_0_0/axi_spi_top_Tgate_width5_0_0/axi_spi_top_Tgate_width5_0_0.edf:225]
WARNING: [Constraints 18-550] Could not create 'DRIVE' constraint because net 'axi_spi_top_i/Tgate_width5_0/I[1]' is not directly connected to top level port. 'DRIVE' is ignored by Vivado but preserved for implementation tool. [d:/K7_FMC_PCIE/K7FMC_PCIEDMA_DEMO/xilinx/kc705/KC705_Gen2x8If128/axi_spi_xcross/axi_spi.srcs/sources_1/bd/axi_spi_top/ip/axi_spi_top_Tgate_width5_0_0/axi_spi_top_Tgate_width5_0_0/axi_spi_top_Tgate_width5_0_0.edf:226]
WARNING: [Constraints 18-550] Could not create 'IBUF_LOW_PWR' constraint because net 'axi_spi_top_i/Tgate_width5_0/I[1]' is not directly connected to top level port. 'IBUF_LOW_PWR' is ignored by Vivado but preserved for implementation tool. [d:/K7_FMC_PCIE/K7FMC_PCIEDMA_DEMO/xilinx/kc705/KC705_Gen2x8If128/axi_spi_xcross/axi_spi.srcs/sources_1/bd/axi_spi_top/ip/axi_spi_top_Tgate_width5_0_0/axi_spi_top_Tgate_width5_0_0/axi_spi_top_Tgate_width5_0_0.edf:227]
WARNING: [Constraints 18-550] Could not create 'SLEW' constraint because net 'axi_spi_top_i/Tgate_width5_0/I[2]' is not directly connected to top level port. 'SLEW' is ignored by Vivado but preserved for implementation tool. [d:/K7_FMC_PCIE/K7FMC_PCIEDMA_DEMO/xilinx/kc705/KC705_Gen2x8If128/axi_spi_xcross/axi_spi.srcs/sources_1/bd/axi_spi_top/ip/axi_spi_top_Tgate_width5_0_0/axi_spi_top_Tgate_width5_0_0/axi_spi_top_Tgate_width5_0_0.edf:234]
WARNING: [Constraints 18-550] Could not create 'DRIVE' constraint because net 'axi_spi_top_i/Tgate_width5_0/I[2]' is not directly connected to top level port. 'DRIVE' is ignored by Vivado but preserved for implementation tool. [d:/K7_FMC_PCIE/K7FMC_PCIEDMA_DEMO/xilinx/kc705/KC705_Gen2x8If128/axi_spi_xcross/axi_spi.srcs/sources_1/bd/axi_spi_top/ip/axi_spi_top_Tgate_width5_0_0/axi_spi_top_Tgate_width5_0_0/axi_spi_top_Tgate_width5_0_0.edf:235]
WARNING: [Constraints 18-550] Could not create 'IBUF_LOW_PWR' constraint because net 'axi_spi_top_i/Tgate_width5_0/I[2]' is not directly connected to top level port. 'IBUF_LOW_PWR' is ignored by Vivado but preserved for implementation tool. [d:/K7_FMC_PCIE/K7FMC_PCIEDMA_DEMO/xilinx/kc705/KC705_Gen2x8If128/axi_spi_xcross/axi_spi.srcs/sources_1/bd/axi_spi_top/ip/axi_spi_top_Tgate_width5_0_0/axi_spi_top_Tgate_width5_0_0/axi_spi_top_Tgate_width5_0_0.edf:236]
WARNING: [Constraints 18-550] Could not create 'SLEW' constraint because net 'axi_spi_top_i/Tgate_width5_0/I[3]' is not directly connected to top level port. 'SLEW' is ignored by Vivado but preserved for implementation tool. [d:/K7_FMC_PCIE/K7FMC_PCIEDMA_DEMO/xilinx/kc705/KC705_Gen2x8If128/axi_spi_xcross/axi_spi.srcs/sources_1/bd/axi_spi_top/ip/axi_spi_top_Tgate_width5_0_0/axi_spi_top_Tgate_width5_0_0/axi_spi_top_Tgate_width5_0_0.edf:243]
WARNING: [Constraints 18-550] Could not create 'DRIVE' constraint because net 'axi_spi_top_i/Tgate_width5_0/I[3]' is not directly connected to top level port. 'DRIVE' is ignored by Vivado but preserved for implementation tool. [d:/K7_FMC_PCIE/K7FMC_PCIEDMA_DEMO/xilinx/kc705/KC705_Gen2x8If128/axi_spi_xcross/axi_spi.srcs/sources_1/bd/axi_spi_top/ip/axi_spi_top_Tgate_width5_0_0/axi_spi_top_Tgate_width5_0_0/axi_spi_top_Tgate_width5_0_0.edf:244]
WARNING: [Constraints 18-550] Could not create 'IBUF_LOW_PWR' constraint because net 'axi_spi_top_i/Tgate_width5_0/I[3]' is not directly connected to top level port. 'IBUF_LOW_PWR' is ignored by Vivado but preserved for implementation tool. [d:/K7_FMC_PCIE/K7FMC_PCIEDMA_DEMO/xilinx/kc705/KC705_Gen2x8If128/axi_spi_xcross/axi_spi.srcs/sources_1/bd/axi_spi_top/ip/axi_spi_top_Tgate_width5_0_0/axi_spi_top_Tgate_width5_0_0/axi_spi_top_Tgate_width5_0_0.edf:245]
WARNING: [Constraints 18-550] Could not create 'SLEW' constraint because net 'axi_spi_top_i/Tgate_width5_0/I[4]' is not directly connected to top level port. 'SLEW' is ignored by Vivado but preserved for implementation tool. [d:/K7_FMC_PCIE/K7FMC_PCIEDMA_DEMO/xilinx/kc705/KC705_Gen2x8If128/axi_spi_xcross/axi_spi.srcs/sources_1/bd/axi_spi_top/ip/axi_spi_top_Tgate_width5_0_0/axi_spi_top_Tgate_width5_0_0/axi_spi_top_Tgate_width5_0_0.edf:252]
WARNING: [Constraints 18-550] Could not create 'DRIVE' constraint because net 'axi_spi_top_i/Tgate_width5_0/I[4]' is not directly connected to top level port. 'DRIVE' is ignored by Vivado but preserved for implementation tool. [d:/K7_FMC_PCIE/K7FMC_PCIEDMA_DEMO/xilinx/kc705/KC705_Gen2x8If128/axi_spi_xcross/axi_spi.srcs/sources_1/bd/axi_spi_top/ip/axi_spi_top_Tgate_width5_0_0/axi_spi_top_Tgate_width5_0_0/axi_spi_top_Tgate_width5_0_0.edf:253]
WARNING: [Constraints 18-550] Could not create 'IBUF_LOW_PWR' constraint because net 'axi_spi_top_i/Tgate_width5_0/I[4]' is not directly connected to top level port. 'IBUF_LOW_PWR' is ignored by Vivado but preserved for implementation tool. [d:/K7_FMC_PCIE/K7FMC_PCIEDMA_DEMO/xilinx/kc705/KC705_Gen2x8If128/axi_spi_xcross/axi_spi.srcs/sources_1/bd/axi_spi_top/ip/axi_spi_top_Tgate_width5_0_0/axi_spi_top_Tgate_width5_0_0/axi_spi_top_Tgate_width5_0_0.edf:254]
WARNING: [Constraints 18-550] Could not create 'SLEW' constraint because net 'axi_spi_top_i/Tgate_width5_0/T' is not directly connected to top level port. 'SLEW' is ignored by Vivado but preserved for implementation tool. [d:/K7_FMC_PCIE/K7FMC_PCIEDMA_DEMO/xilinx/kc705/KC705_Gen2x8If128/axi_spi_xcross/axi_spi.srcs/sources_1/bd/axi_spi_top/ip/axi_spi_top_Tgate_width5_0_0/axi_spi_top_Tgate_width5_0_0/axi_spi_top_Tgate_width5_0_0.edf:206]
WARNING: [Constraints 18-550] Could not create 'DRIVE' constraint because net 'axi_spi_top_i/Tgate_width5_0/T' is not directly connected to top level port. 'DRIVE' is ignored by Vivado but preserved for implementation tool. [d:/K7_FMC_PCIE/K7FMC_PCIEDMA_DEMO/xilinx/kc705/KC705_Gen2x8If128/axi_spi_xcross/axi_spi.srcs/sources_1/bd/axi_spi_top/ip/axi_spi_top_Tgate_width5_0_0/axi_spi_top_Tgate_width5_0_0/axi_spi_top_Tgate_width5_0_0.edf:207]
WARNING: [Constraints 18-550] Could not create 'IBUF_LOW_PWR' constraint because net 'axi_spi_top_i/Tgate_width5_0/T' is not directly connected to top level port. 'IBUF_LOW_PWR' is ignored by Vivado but preserved for implementation tool. [d:/K7_FMC_PCIE/K7FMC_PCIEDMA_DEMO/xilinx/kc705/KC705_Gen2x8If128/axi_spi_xcross/axi_spi.srcs/sources_1/bd/axi_spi_top/ip/axi_spi_top_Tgate_width5_0_0/axi_spi_top_Tgate_width5_0_0/axi_spi_top_Tgate_width5_0_0.edf:208]
WARNING: [Constraints 18-550] Could not create 'SLEW' constraint because net 'axi_spi_top_i/util_ds_buf_0/OBUF_IN[0]' is not directly connected to top level port. 'SLEW' is ignored by Vivado but preserved for implementation tool. [d:/K7_FMC_PCIE/K7FMC_PCIEDMA_DEMO/xilinx/kc705/KC705_Gen2x8If128/axi_spi_xcross/axi_spi.srcs/sources_1/bd/axi_spi_top/ip/axi_spi_top_util_ds_buf_0_0/axi_spi_top_util_ds_buf_0_0/axi_spi_top_util_ds_buf_0_0.edf:292]
INFO: [Timing 38-35] Done setting XDC timing constraints.
WARNING: [Chipscope 16-359] Could not find a valid clock port for hub dbg_hub. C_CLK_INPUT_FREQ_HZ will get an empty value in the LTX file
WARNING: [Chipscope 16-359] Could not find a valid clock port for hub dbg_hub. C_CLK_INPUT_FREQ_HZ will get an empty value in the LTX file
WARNING: [Chipscope 16-359] Could not find a valid clock port for hub dbg_hub. C_CLK_INPUT_FREQ_HZ will get an empty value in the LTX file
WARNING: [Chipscope 16-359] Could not find a valid clock port for hub dbg_hub. C_CLK_INPUT_FREQ_HZ will get an empty value in the LTX file
WARNING: [Chipscope 16-359] Could not find a valid clock port for hub dbg_hub. C_CLK_INPUT_FREQ_HZ will get an empty value in the LTX file
WARNING: [Chipscope 16-359] Could not find a valid clock port for hub dbg_hub. C_CLK_INPUT_FREQ_HZ will get an empty value in the LTX file
WARNING: [Chipscope 16-359] Could not find a valid clock port for hub dbg_hub. C_CLK_INPUT_FREQ_HZ will get an empty value in the LTX file
WARNING: [Chipscope 16-359] Could not find a valid clock port for hub dbg_hub. C_CLK_INPUT_FREQ_HZ will get an empty value in the LTX file
WARNING: [Chipscope 16-359] Could not find a valid clock port for hub dbg_hub. C_CLK_INPUT_FREQ_HZ will get an empty value in the LTX file
WARNING: [Chipscope 16-359] Could not find a valid clock port for hub dbg_hub. C_CLK_INPUT_FREQ_HZ will get an empty value in the LTX file
INFO: [Timing 38-478] Restoring timing data from binary archive.
INFO: [Timing 38-479] Binary timing data restore complete.
INFO: [Project 1-856] Restoring constraints from binary archive.
INFO: [Project 1-853] Binary constraint restore complete.
Reading XDEF placement.
Reading placer database...
Reading XDEF routing.
Read XDEF File: Time (s): cpu = 00:00:04 ; elapsed = 00:00:03 . Memory (MB): peak = 3400.188 ; gain = 0.000
Restored from archive | CPU: 4.000000 secs | Memory: 0.000000 MB |
Finished XDEF File Restore: Time (s): cpu = 00:00:04 ; elapsed = 00:00:03 . Memory (MB): peak = 3400.188 ; gain = 0.000
INFO: [Project 1-111] Unisim Transformation Summary:
  A total of 406 instances were transformed.
  CFGLUT5 => CFGLUT5 (SRLC32E, SRL16E): 108 instances
  IOBUF => IOBUF (IBUF, OBUFT): 8 instances
  RAM32M => RAM32M (RAMD32, RAMD32, RAMD32, RAMD32, RAMD32, RAMD32, RAMS32, RAMS32): 15 instances
  RAM32X1D => RAM32X1D (RAMD32, RAMD32): 1 instances
  RAM32X1S => RAM32X1S (RAMS32): 150 instances
  RAM64M => RAM64M (RAMD64E, RAMD64E, RAMD64E, RAMD64E): 120 instances
  RAM64X1D => RAM64X1D (RAMD64E, RAMD64E): 4 instances

open_run: Time (s): cpu = 00:00:55 ; elapsed = 00:00:47 . Memory (MB): peak = 3447.121 ; gain = 1263.570
open_report: Time (s): cpu = 00:00:17 ; elapsed = 00:00:11 . Memory (MB): peak = 3718.273 ; gain = 63.918
WARNING: [Timing 38-436] There are set_bus_skew constraint(s) in this design. Please run report_bus_skew to ensure that bus skew requirements are met.
open_bd_design {D:/K7_FMC_PCIE/K7FMC_PCIEDMA_DEMO/xilinx/kc705/KC705_Gen2x8If128/axi_spi_xcross/axi_spi.srcs/sources_1/bd/axi_spi_top/axi_spi_top.bd}
Adding cell -- xilinx.com:ip:axi_quad_spi:3.2 - axi_quad_spi_0
Adding cell -- xilinx.com:ip:clk_wiz:6.0 - clk_wiz_0
Adding cell -- xilinx.com:ip:jtag_axi:1.2 - jtag_axi_0
Adding cell -- xilinx.com:ip:proc_sys_reset:5.0 - rst_clk_wiz_0_100M
Adding cell -- xilinx.com:module_ref:Tgate:1.0 - Tgate_0
Adding cell -- xilinx.com:module_ref:Tgate:1.0 - Tgate_1
Adding cell -- xilinx.com:module_ref:Tgate:1.0 - Tgate_3
Adding cell -- xilinx.com:module_ref:Tgate_width5:1.0 - Tgate_width5_0
Adding cell -- xilinx.com:ip:jesd204:7.2 - jesd204_0
Adding cell -- xilinx.com:ip:util_ds_buf:2.1 - util_ds_buf_0
Adding cell -- xilinx.com:module_ref:inv:1.0 - inv_0
Adding cell -- xilinx.com:module_ref:data_rearrange:1.0 - data_rearrange_0
Adding cell -- xilinx.com:ip:axi_traffic_gen:3.0 - axi_traffic_gen_0
Adding cell -- xilinx.com:module_ref:init_delay:1.0 - init_delay_0
Adding cell -- xilinx.com:ip:axi_traffic_gen:3.0 - axi_traffic_gen_1
Adding cell -- xilinx.com:ip:axi_traffic_gen:3.0 - axi_traffic_gen_2
Adding cell -- xilinx.com:module_ref:init_delay:1.0 - init_delay_1
Adding cell -- xilinx.com:ip:dds_compiler:6.0 - dds_compiler_0
Adding cell -- xilinx.com:ip:vio:3.0 - vio_0
Adding cell -- xilinx.com:module_ref:err_detector:1.0 - err_detector_0
Adding cell -- xilinx.com:module_ref:data_comb:1.0 - data_comb_0
Adding cell -- xilinx.com:user:uart_ila_top:1.0 - uart_ila_top_0
Adding cell -- xilinx.com:ip:fifo_generator:13.2 - fifo_generator_0
INFO: [xilinx.com:ip:fifo_generator:13.2-5968] /fifo_generator_0Executing the post_config_ip from bd
Adding cell -- xilinx.com:module_ref:BridgeToPCIE:1.0 - BridgeToPCIE_0
WARNING: [BD 41-1731] Type mismatch between connected pins: /sclk(clk) and /Tgate_3/IO(undef)
WARNING: [BD 41-1731] Type mismatch between connected pins: /jesd204_0/rx_sync(undef) and /util_ds_buf_0/OBUF_IN(clk)
WARNING: [BD 41-1731] Type mismatch between connected pins: /resetn(rst) and /inv_0/I(undef)
WARNING: [BD 41-1731] Type mismatch between connected pins: /inv_0/O(undef) and /uart_ila_top_0/reset_0(rst)
Adding cell -- xilinx.com:ip:axi_crossbar:2.1 - xbar
Adding cell -- xilinx.com:ip:axi_protocol_converter:2.1 - auto_pc
Successfully read diagram <axi_spi_top> from BD file <D:/K7_FMC_PCIE/K7FMC_PCIEDMA_DEMO/xilinx/kc705/KC705_Gen2x8If128/axi_spi_xcross/axi_spi.srcs/sources_1/bd/axi_spi_top/axi_spi_top.bd>
ERROR: [Labtoolstcl 44-513] HW Target shutdown. Closing target: localhost:3121/xilinx_tcf/Digilent/210251A08870
exit
