#-----------------------------------------------------------
# Vivado v2018.1 (64-bit)
# SW Build 2188600 on Wed Apr  4 18:40:38 MDT 2018
# IP Build 2185939 on Wed Apr  4 20:55:05 MDT 2018
# Start of session at: Fri Aug  2 21:48:33 2019
# Process ID: 2668
# Current directory: D:/Vivado2018_wrk/axi_spi_xcross
# Command line: vivado.exe -gui_launcher_event rodinguilauncherevent12620 D:\Vivado2018_wrk\axi_spi_xcross\axi_spi.xpr
# Log file: D:/Vivado2018_wrk/axi_spi_xcross/vivado.log
# Journal file: D:/Vivado2018_wrk/axi_spi_xcross\vivado.jou
#-----------------------------------------------------------
start_gui
open_project D:/Vivado2018_wrk/axi_spi_xcross/axi_spi.xpr
Scanning sources...
Finished scanning sources
INFO: [IP_Flow 19-234] Refreshing IP repositories
INFO: [IP_Flow 19-1700] Loaded user IP repository 'd:/Vivado2018_wrk/UART_ILA_pack/ip_repo'.
INFO: [IP_Flow 19-2313] Loaded Vivado IP repository 'C:/Xilinx/Vivado/2018.1/data/ip'.
open_project: Time (s): cpu = 00:00:24 ; elapsed = 00:00:14 . Memory (MB): peak = 918.555 ; gain = 199.961
update_compile_order -fileset sources_1
exit
INFO: [Common 17-206] Exiting Vivado at Fri Aug  2 21:57:13 2019...
