#-----------------------------------------------------------
# Vivado v2018.1 (64-bit)
# SW Build 2188600 on Wed Apr  4 18:40:38 MDT 2018
# IP Build 2185939 on Wed Apr  4 20:55:05 MDT 2018
# Start of session at: Fri Dec 20 09:37:20 2019
# Process ID: 8992
# Current directory: D:/K7_FMC_PCIE/K7FMC_PCIEDMA_DEMO/xilinx/kc705/KC705_Gen2x8If128/axi_spi_xcross
# Command line: vivado.exe -gui_launcher_event rodinguilauncherevent11304 D:\K7_FMC_PCIE\K7FMC_PCIEDMA_DEMO\xilinx\kc705\KC705_Gen2x8If128\axi_spi_xcross\axi_spi.xpr
# Log file: D:/K7_FMC_PCIE/K7FMC_PCIEDMA_DEMO/xilinx/kc705/KC705_Gen2x8If128/axi_spi_xcross/vivado.log
# Journal file: D:/K7_FMC_PCIE/K7FMC_PCIEDMA_DEMO/xilinx/kc705/KC705_Gen2x8If128/axi_spi_xcross\vivado.jou
#-----------------------------------------------------------
start_gui
open_project D:/K7_FMC_PCIE/K7FMC_PCIEDMA_DEMO/xilinx/kc705/KC705_Gen2x8If128/axi_spi_xcross/axi_spi.xpr
Scanning sources...
Finished scanning sources
INFO: [IP_Flow 19-234] Refreshing IP repositories
INFO: [IP_Flow 19-1700] Loaded user IP repository 'd:/Vivado2018_wrk/UART_ILA_pack/ip_repo'.
INFO: [IP_Flow 19-2313] Loaded Vivado IP repository 'C:/Xilinx/Vivado/2018.1/data/ip'.
open_project: Time (s): cpu = 00:00:26 ; elapsed = 00:00:17 . Memory (MB): peak = 997.676 ; gain = 286.457
update_compile_order -fileset sources_1
exit
INFO: [Common 17-206] Exiting Vivado at Fri Dec 20 09:56:22 2019...
