
*** Running vivado
    with args -log axi_spi_top_axi_traffic_gen_0_2.vds -m64 -product Vivado -mode batch -messageDb vivado.pb -notrace -source axi_spi_top_axi_traffic_gen_0_2.tcl


****** Vivado v2018.1 (64-bit)
  **** SW Build 2188600 on Wed Apr  4 18:40:38 MDT 2018
  **** IP Build 2185939 on Wed Apr  4 20:55:05 MDT 2018
    ** Copyright 1986-2018 Xilinx, Inc. All Rights Reserved.

source axi_spi_top_axi_traffic_gen_0_2.tcl -notrace
Command: synth_design -top axi_spi_top_axi_traffic_gen_0_2 -part xc7k325tffg900-2 -mode out_of_context
Starting synth_design
Attempting to get a license for feature 'Synthesis' and/or device 'xc7k325t'
INFO: [Common 17-349] Got license for feature 'Synthesis' and/or device 'xc7k325t'
INFO: Launching helper process for spawning children vivado processes
INFO: Helper process launched with PID 15488 
WARNING: [Synth 8-2507] parameter declaration becomes local in axi_traffic_gen_v3_0_2_systeminit_dmg with formal parameter declaration list [d:/Vivado2018_wrk/axi_spi/axi_spi.srcs/sources_1/bd/axi_spi_top/ipshared/a923/hdl/axi_traffic_gen_v3_0_rfs.v:13110]
---------------------------------------------------------------------------------
Starting RTL Elaboration : Time (s): cpu = 00:00:15 ; elapsed = 00:00:17 . Memory (MB): peak = 439.074 ; gain = 119.801
---------------------------------------------------------------------------------
INFO: [Synth 8-6157] synthesizing module 'axi_spi_top_axi_traffic_gen_0_2' [d:/Vivado2018_wrk/axi_spi/axi_spi.srcs/sources_1/bd/axi_spi_top/ip/axi_spi_top_axi_traffic_gen_0_2/synth/axi_spi_top_axi_traffic_gen_0_2.v:62]
INFO: [Synth 8-6157] synthesizing module 'axi_traffic_gen_v3_0_2_top' [d:/Vivado2018_wrk/axi_spi/axi_spi.srcs/sources_1/bd/axi_spi_top/ipshared/a923/hdl/axi_traffic_gen_v3_0_rfs.v:14582]
	Parameter C_FAMILY bound to: kintex7 - type: string 
	Parameter C_BASEADDR bound to: 0 - type: integer 
	Parameter C_HIGHADDR bound to: 65535 - type: integer 
	Parameter C_ZERO_INVALID bound to: 1 - type: integer 
	Parameter C_NO_EXCL bound to: 0 - type: integer 
	Parameter C_S_AXI_DATA_WIDTH bound to: 32 - type: integer 
	Parameter C_S_AXI_AWUSER_WIDTH bound to: 8 - type: integer 
	Parameter C_S_AXI_ARUSER_WIDTH bound to: 8 - type: integer 
	Parameter C_S_AXI_ID_WIDTH bound to: 1 - type: integer 
	Parameter C_M_AXI_THREAD_ID_WIDTH bound to: 1 - type: integer 
	Parameter C_M_AXI_DATA_WIDTH bound to: 32 - type: integer 
	Parameter C_M_AXI_ADDR_WIDTH bound to: 32 - type: integer 
	Parameter C_M_AXI_AWUSER_WIDTH bound to: 8 - type: integer 
	Parameter C_M_AXI_ARUSER_WIDTH bound to: 8 - type: integer 
	Parameter C_AXIS1_HAS_TKEEP bound to: 1 - type: integer 
	Parameter C_AXIS1_HAS_TSTRB bound to: 1 - type: integer 
	Parameter C_AXIS2_HAS_TKEEP bound to: 0 - type: integer 
	Parameter C_AXIS2_HAS_TSTRB bound to: 0 - type: integer 
	Parameter C_AXIS_TDATA_WIDTH bound to: 32 - type: integer 
	Parameter C_AXIS_TUSER_WIDTH bound to: 8 - type: integer 
	Parameter C_AXIS_TID_WIDTH bound to: 8 - type: integer 
	Parameter C_AXIS_TDEST_WIDTH bound to: 8 - type: integer 
	Parameter C_ATG_BASIC_AXI4 bound to: 0 - type: integer 
	Parameter C_ATG_REPEAT_TYPE bound to: 0 - type: integer 
	Parameter C_ATG_HLTP_MODE bound to: 0 - type: integer 
	Parameter C_ATG_STATIC bound to: 0 - type: integer 
	Parameter C_ATG_SYSTEM_INIT bound to: 1 - type: integer 
	Parameter C_ATG_SYSTEM_TEST bound to: 0 - type: integer 
	Parameter C_ATG_STREAMING bound to: 0 - type: integer 
	Parameter C_ATG_STREAMING_MST_ONLY bound to: 1 - type: integer 
	Parameter C_ATG_STREAMING_MST_LPBK bound to: 0 - type: integer 
	Parameter C_ATG_STREAMING_SLV_LPBK bound to: 0 - type: integer 
	Parameter C_ATG_STREAMING_MAX_LEN_BITS bound to: 16 - type: integer 
	Parameter C_ATG_STREAMING_MEM_FILE bound to: no_mem_file_loaded - type: string 
	Parameter C_ATG_AXIS_DATA_GEN_TYPE bound to: 0 - type: integer 
	Parameter C_AXIS_SPARSE_EN bound to: 1 - type: integer 
	Parameter C_ATG_SLAVE_ONLY bound to: 0 - type: integer 
	Parameter C_ATG_STATIC_WR_ADDRESS bound to: 64'b0000000000000000000000000000000000010010101000000000000000000000 
	Parameter C_ATG_STATIC_RD_ADDRESS bound to: 64'b0000000000000000000000000000000000010011101000000000000000000000 
	Parameter C_ATG_STATIC_WR_HIGH_ADDRESS bound to: 64'b0000000000000000000000000000000000010010101000000000111111111111 
	Parameter C_ATG_STATIC_RD_HIGH_ADDRESS bound to: 64'b0000000000000000000000000000000000010011101000000000111111111111 
	Parameter C_ATG_STATIC_INCR bound to: 0 - type: integer 
	Parameter C_ATG_STATIC_EN_READ bound to: 1 - type: integer 
	Parameter C_ATG_STATIC_EN_WRITE bound to: 1 - type: integer 
	Parameter C_ATG_STATIC_FREE_RUN bound to: 1 - type: integer 
	Parameter C_ATG_STATIC_RD_PIPELINE bound to: 3 - type: integer 
	Parameter C_ATG_STATIC_WR_PIPELINE bound to: 3 - type: integer 
	Parameter C_ATG_STATIC_TRANGAP bound to: 0 - type: integer 
	Parameter C_ATG_STATIC_LENGTH bound to: 16 - type: integer 
	Parameter C_ATG_SYSTEM_INIT_DATA_MIF bound to: axi_spi_top_axi_traffic_gen_0_2_data.mem - type: string 
	Parameter C_ATG_SYSTEM_INIT_ADDR_MIF bound to: axi_spi_top_axi_traffic_gen_0_2_addr.mem - type: string 
	Parameter C_ATG_SYSTEM_INIT_CTRL_MIF bound to: axi_spi_top_axi_traffic_gen_0_2_ctrl.mem - type: string 
	Parameter C_ATG_SYSTEM_INIT_MASK_MIF bound to: axi_spi_top_axi_traffic_gen_0_2_mask.mem - type: string 
	Parameter C_ATG_MIF_DATA_DEPTH bound to: 32 - type: integer 
	Parameter C_ATG_MIF_ADDR_BITS bound to: 5 - type: integer 
	Parameter C_ATG_SYSTEM_CMD_MAX_RETRY bound to: 256 - type: integer 
	Parameter C_ATG_SYSTEM_TEST_MAX_CLKS bound to: 5000 - type: integer 
	Parameter C_ATG_SYSTEM_MAX_CHANNELS bound to: 1 - type: integer 
	Parameter C_ATG_SYSTEM_CH1_LOW bound to: 0 - type: integer 
	Parameter C_ATG_SYSTEM_CH1_HIGH bound to: -1 - type: integer 
	Parameter C_ATG_SYSTEM_CH2_LOW bound to: 256 - type: integer 
	Parameter C_ATG_SYSTEM_CH2_HIGH bound to: 511 - type: integer 
	Parameter C_ATG_SYSTEM_CH3_LOW bound to: 512 - type: integer 
	Parameter C_ATG_SYSTEM_CH3_HIGH bound to: 767 - type: integer 
	Parameter C_ATG_SYSTEM_CH4_LOW bound to: 768 - type: integer 
	Parameter C_ATG_SYSTEM_CH4_HIGH bound to: 1023 - type: integer 
	Parameter C_ATG_SYSTEM_CH5_LOW bound to: 1024 - type: integer 
	Parameter C_ATG_SYSTEM_CH5_HIGH bound to: 1279 - type: integer 
	Parameter C_RAMINIT_CMDRAM0_F bound to: axi_spi_top_axi_traffic_gen_0_2_default_cmdram.mem - type: string 
	Parameter C_RAMINIT_CMDRAM1_F bound to: NONE - type: string 
	Parameter C_RAMINIT_CMDRAM2_F bound to: NONE - type: string 
	Parameter C_RAMINIT_CMDRAM3_F bound to: NONE - type: string 
	Parameter C_RAMINIT_SRAM0_F bound to: axi_spi_top_axi_traffic_gen_0_2_default_mstram.mem - type: string 
	Parameter C_RAMINIT_PARAMRAM0_F bound to: axi_spi_top_axi_traffic_gen_0_2_default_prmram.mem - type: string 
	Parameter C_RAMINIT_ADDRRAM0_F bound to: axi_spi_top_axi_traffic_gen_0_2_default_addrram.mem - type: string 
	Parameter C_REPEAT_COUNT bound to: 254 - type: integer 
	Parameter C_STRM_DATA_SEED bound to: 43981 - type: integer 
	Parameter C_AXI_WR_ADDR_SEED bound to: 31899 - type: integer 
	Parameter C_AXI_RD_ADDR_SEED bound to: 23130 - type: integer 
	Parameter C_READ_ONLY bound to: 0 - type: integer 
	Parameter C_WRITE_ONLY bound to: 0 - type: integer 
	Parameter C_CMDRAM_F bound to: none - type: string 
	Parameter C_SRAM_F bound to: none - type: string 
	Parameter C_PRAM_F bound to: none - type: string 
	Parameter C_ADDR_F bound to: none - type: string 
INFO: [Synth 8-6157] synthesizing module 'axi_traffic_gen_v3_0_2_systeminit_top' [d:/Vivado2018_wrk/axi_spi/axi_spi.srcs/sources_1/bd/axi_spi_top/ipshared/a923/hdl/axi_traffic_gen_v3_0_rfs.v:14154]
	Parameter C_FAMILY bound to: kintex7 - type: string 
	Parameter C_M_AXI_THREAD_ID_WIDTH bound to: 1 - type: integer 
	Parameter C_M_AXI_AWUSER_WIDTH bound to: 1 - type: integer 
	Parameter C_M_AXI_DATA_WIDTH bound to: 32 - type: integer 
	Parameter C_ATG_DATA_MIF bound to: axi_spi_top_axi_traffic_gen_0_2_data.mem - type: string 
	Parameter C_ATG_ADDR_MIF bound to: axi_spi_top_axi_traffic_gen_0_2_addr.mem - type: string 
	Parameter C_ATG_CTRL_MIF bound to: axi_spi_top_axi_traffic_gen_0_2_ctrl.mem - type: string 
	Parameter C_ATG_MASK_MIF bound to: axi_spi_top_axi_traffic_gen_0_2_mask.mem - type: string 
	Parameter C_ATG_MIF_ADDR_BITS bound to: 5 - type: integer 
	Parameter C_ATG_MIF_DATA_DEPTH bound to: 32 - type: integer 
	Parameter C_ATG_SYSTEM_INIT bound to: 1 - type: integer 
	Parameter C_ATG_SYSTEM_TEST bound to: 0 - type: integer 
	Parameter C_ATG_SYSTEM_CMD_MAX_RETRY bound to: 256 - type: integer 
	Parameter C_ATG_SYSTEM_TEST_MAX_CLKS bound to: 5000 - type: integer 
	Parameter C_ATG_SYSTEM_MAX_CHANNELS bound to: 1 - type: integer 
	Parameter C_ATG_SYSTEM_CH1_LOW bound to: 0 - type: integer 
	Parameter C_ATG_SYSTEM_CH1_HIGH bound to: -1 - type: integer 
	Parameter C_ATG_SYSTEM_CH2_LOW bound to: 256 - type: integer 
	Parameter C_ATG_SYSTEM_CH2_HIGH bound to: 511 - type: integer 
	Parameter C_ATG_SYSTEM_CH3_LOW bound to: 512 - type: integer 
	Parameter C_ATG_SYSTEM_CH3_HIGH bound to: 767 - type: integer 
	Parameter C_ATG_SYSTEM_CH4_LOW bound to: 768 - type: integer 
	Parameter C_ATG_SYSTEM_CH4_HIGH bound to: 1023 - type: integer 
	Parameter C_ATG_SYSTEM_CH5_LOW bound to: 1024 - type: integer 
	Parameter C_ATG_SYSTEM_CH5_HIGH bound to: 1279 - type: integer 
INFO: [Synth 8-6157] synthesizing module 'axi_traffic_gen_v3_0_2_systeminit_dmg' [d:/Vivado2018_wrk/axi_spi/axi_spi.srcs/sources_1/bd/axi_spi_top/ipshared/a923/hdl/axi_traffic_gen_v3_0_rfs.v:13096]
	Parameter C_FAMILY bound to: kintex7 - type: string 
	Parameter C_ATG_MIF_ADDR_BITS bound to: 5 - type: integer 
	Parameter C_ATG_MIF_DATA_DEPTH bound to: 32 - type: integer 
	Parameter C_ATG_MIF bound to: axi_spi_top_axi_traffic_gen_0_2_addr.mem - type: string 
	Parameter bmg_xpm_sel bound to: 1 - type: integer 
INFO: [Synth 8-6157] synthesizing module 'xpm_memory_spram' [C:/Xilinx/Vivado/2018.1/data/ip/xpm/xpm_memory/hdl/xpm_memory.sv:7033]
	Parameter MEMORY_SIZE bound to: 1024 - type: integer 
	Parameter MEMORY_PRIMITIVE bound to: distributed - type: string 
	Parameter ECC_MODE bound to: no_ecc - type: string 
	Parameter MEMORY_INIT_FILE bound to: axi_spi_top_axi_traffic_gen_0_2_addr.mem - type: string 
	Parameter MEMORY_INIT_PARAM bound to: (null) - type: string 
	Parameter USE_MEM_INIT bound to: 1 - type: integer 
	Parameter WAKEUP_TIME bound to: disable_sleep - type: string 
	Parameter AUTO_SLEEP_TIME bound to: 0 - type: integer 
	Parameter MESSAGE_CONTROL bound to: 0 - type: integer 
	Parameter MEMORY_OPTIMIZATION bound to: true - type: string 
	Parameter WRITE_DATA_WIDTH_A bound to: 32 - type: integer 
	Parameter READ_DATA_WIDTH_A bound to: 32 - type: integer 
	Parameter BYTE_WRITE_WIDTH_A bound to: 8 - type: integer 
	Parameter ADDR_WIDTH_A bound to: 5 - type: integer 
	Parameter READ_RESET_VALUE_A bound to: 0 - type: string 
	Parameter READ_LATENCY_A bound to: 1 - type: integer 
	Parameter WRITE_MODE_A bound to: read_first - type: string 
	Parameter P_MEMORY_PRIMITIVE bound to: 1 - type: integer 
	Parameter P_CLOCKING_MODE bound to: 0 - type: integer 
	Parameter P_ECC_MODE bound to: 0 - type: integer 
	Parameter P_WAKEUP_TIME bound to: 0 - type: integer 
	Parameter P_WRITE_MODE_A bound to: 1 - type: integer 
	Parameter P_MEMORY_OPTIMIZATION bound to: 1 - type: integer 
INFO: [Synth 8-6157] synthesizing module 'xpm_memory_base' [C:/Xilinx/Vivado/2018.1/data/ip/xpm/xpm_memory/hdl/xpm_memory.sv:57]
	Parameter MEMORY_TYPE bound to: 0 - type: integer 
	Parameter MEMORY_SIZE bound to: 1024 - type: integer 
	Parameter MEMORY_PRIMITIVE bound to: 1 - type: integer 
	Parameter CLOCKING_MODE bound to: 0 - type: integer 
	Parameter ECC_MODE bound to: 0 - type: integer 
	Parameter MEMORY_INIT_FILE bound to: axi_spi_top_axi_traffic_gen_0_2_addr.mem - type: string 
	Parameter MEMORY_INIT_PARAM bound to: (null) - type: string 
	Parameter USE_MEM_INIT bound to: 1 - type: integer 
	Parameter MEMORY_OPTIMIZATION bound to: true - type: string 
	Parameter WAKEUP_TIME bound to: 0 - type: integer 
	Parameter AUTO_SLEEP_TIME bound to: 0 - type: integer 
	Parameter MESSAGE_CONTROL bound to: 0 - type: integer 
	Parameter VERSION bound to: 0 - type: integer 
	Parameter USE_EMBEDDED_CONSTRAINT bound to: 0 - type: integer 
	Parameter WRITE_DATA_WIDTH_A bound to: 32 - type: integer 
	Parameter READ_DATA_WIDTH_A bound to: 32 - type: integer 
	Parameter BYTE_WRITE_WIDTH_A bound to: 8 - type: integer 
	Parameter ADDR_WIDTH_A bound to: 5 - type: integer 
	Parameter READ_RESET_VALUE_A bound to: 0 - type: string 
	Parameter READ_LATENCY_A bound to: 1 - type: integer 
	Parameter WRITE_MODE_A bound to: 1 - type: integer 
	Parameter WRITE_DATA_WIDTH_B bound to: 32 - type: integer 
	Parameter READ_DATA_WIDTH_B bound to: 32 - type: integer 
	Parameter BYTE_WRITE_WIDTH_B bound to: 32 - type: integer 
	Parameter ADDR_WIDTH_B bound to: 5 - type: integer 
	Parameter READ_RESET_VALUE_B bound to: 0 - type: string 
	Parameter READ_LATENCY_B bound to: 1 - type: integer 
	Parameter WRITE_MODE_B bound to: 1 - type: integer 
	Parameter P_MEMORY_PRIMITIVE bound to: distributed - type: string 
	Parameter P_MIN_WIDTH_DATA_A bound to: 32 - type: integer 
	Parameter P_MIN_WIDTH_DATA_B bound to: 32 - type: integer 
	Parameter P_MIN_WIDTH_DATA bound to: 32 - type: integer 
	Parameter P_MIN_WIDTH_DATA_ECC bound to: 32 - type: integer 
	Parameter P_MAX_DEPTH_DATA bound to: 32 - type: integer 
	Parameter P_ECC_MODE bound to: no_ecc - type: string 
	Parameter P_MEMORY_OPT bound to: yes - type: string 
	Parameter P_WIDTH_COL_WRITE_A bound to: 8 - type: integer 
	Parameter P_WIDTH_COL_WRITE_B bound to: 32 - type: integer 
	Parameter P_NUM_COLS_WRITE_A bound to: 4 - type: integer 
	Parameter P_NUM_COLS_WRITE_B bound to: 1 - type: integer 
	Parameter P_NUM_ROWS_WRITE_A bound to: 1 - type: integer 
	Parameter P_NUM_ROWS_WRITE_B bound to: 1 - type: integer 
	Parameter P_NUM_ROWS_READ_A bound to: 1 - type: integer 
	Parameter P_NUM_ROWS_READ_B bound to: 1 - type: integer 
	Parameter P_WIDTH_ADDR_WRITE_A bound to: 5 - type: integer 
	Parameter P_WIDTH_ADDR_WRITE_B bound to: 5 - type: integer 
	Parameter P_WIDTH_ADDR_READ_A bound to: 5 - type: integer 
	Parameter P_WIDTH_ADDR_READ_B bound to: 5 - type: integer 
	Parameter P_WIDTH_ADDR_LSB_WRITE_A bound to: 0 - type: integer 
	Parameter P_WIDTH_ADDR_LSB_WRITE_B bound to: 0 - type: integer 
	Parameter P_WIDTH_ADDR_LSB_READ_A bound to: 0 - type: integer 
	Parameter P_WIDTH_ADDR_LSB_READ_B bound to: 0 - type: integer 
	Parameter P_ENABLE_BYTE_WRITE_A bound to: 1 - type: integer 
	Parameter P_ENABLE_BYTE_WRITE_B bound to: 0 - type: integer 
	Parameter P_SDP_WRITE_MODE bound to: yes - type: string 
	Parameter NUM_CHAR_LOC bound to: 0 - type: integer 
	Parameter MAX_NUM_CHAR bound to: 0 - type: integer 
	Parameter P_MIN_WIDTH_DATA_SHFT bound to: 32 - type: integer 
	Parameter P_MIN_WIDTH_DATA_LDW bound to: 4 - type: integer 
INFO: [Synth 8-3876] $readmem data file 'axi_spi_top_axi_traffic_gen_0_2_addr.mem' is read successfully [C:/Xilinx/Vivado/2018.1/data/ip/xpm/xpm_memory/hdl/xpm_memory.sv:1069]
INFO: [Synth 8-5772] Detected attribute (* rw_addr_collision = "yes" *) on RAM gen_wr_a.gen_byte_narrow.for_mem_cols[0].mem_reg 
INFO: [Synth 8-5772] Detected attribute (* ram_ecc = "no_ecc" *) on RAM gen_wr_a.gen_byte_narrow.for_mem_cols[0].mem_reg 
INFO: [Synth 8-5772] Detected attribute (* rw_addr_collision = "yes" *) on RAM gen_wr_a.gen_byte_narrow.for_mem_cols[1].mem_reg 
INFO: [Synth 8-5772] Detected attribute (* ram_ecc = "no_ecc" *) on RAM gen_wr_a.gen_byte_narrow.for_mem_cols[1].mem_reg 
INFO: [Synth 8-5772] Detected attribute (* rw_addr_collision = "yes" *) on RAM gen_wr_a.gen_byte_narrow.for_mem_cols[2].mem_reg 
INFO: [Synth 8-5772] Detected attribute (* ram_ecc = "no_ecc" *) on RAM gen_wr_a.gen_byte_narrow.for_mem_cols[2].mem_reg 
INFO: [Synth 8-5772] Detected attribute (* rw_addr_collision = "yes" *) on RAM gen_wr_a.gen_byte_narrow.for_mem_cols[3].mem_reg 
INFO: [Synth 8-5772] Detected attribute (* ram_ecc = "no_ecc" *) on RAM gen_wr_a.gen_byte_narrow.for_mem_cols[3].mem_reg 
INFO: [Synth 8-6155] done synthesizing module 'xpm_memory_base' (1#1) [C:/Xilinx/Vivado/2018.1/data/ip/xpm/xpm_memory/hdl/xpm_memory.sv:57]
INFO: [Synth 8-5772] Detected attribute (* rw_addr_collision = "yes" *) on RAM gen_wr_a.gen_byte_narrow.for_mem_cols[1].mem_reg 
INFO: [Synth 8-6155] done synthesizing module 'xpm_memory_spram' (2#1) [C:/Xilinx/Vivado/2018.1/data/ip/xpm/xpm_memory/hdl/xpm_memory.sv:7033]
INFO: [Synth 8-5772] Detected attribute (* rw_addr_collision = "yes" *) on RAM gen_wr_a.gen_byte_narrow.for_mem_cols[1].mem_reg 
INFO: [Synth 8-6155] done synthesizing module 'axi_traffic_gen_v3_0_2_systeminit_dmg' (3#1) [d:/Vivado2018_wrk/axi_spi/axi_spi.srcs/sources_1/bd/axi_spi_top/ipshared/a923/hdl/axi_traffic_gen_v3_0_rfs.v:13096]
INFO: [Synth 8-6157] synthesizing module 'axi_traffic_gen_v3_0_2_systeminit_dmg__parameterized0' [d:/Vivado2018_wrk/axi_spi/axi_spi.srcs/sources_1/bd/axi_spi_top/ipshared/a923/hdl/axi_traffic_gen_v3_0_rfs.v:13096]
	Parameter C_FAMILY bound to: kintex7 - type: string 
	Parameter C_ATG_MIF_ADDR_BITS bound to: 5 - type: integer 
	Parameter C_ATG_MIF_DATA_DEPTH bound to: 32 - type: integer 
	Parameter C_ATG_MIF bound to: axi_spi_top_axi_traffic_gen_0_2_data.mem - type: string 
	Parameter bmg_xpm_sel bound to: 1 - type: integer 
INFO: [Synth 8-6157] synthesizing module 'xpm_memory_spram__parameterized0' [C:/Xilinx/Vivado/2018.1/data/ip/xpm/xpm_memory/hdl/xpm_memory.sv:7033]
	Parameter MEMORY_SIZE bound to: 1024 - type: integer 
	Parameter MEMORY_PRIMITIVE bound to: distributed - type: string 
	Parameter ECC_MODE bound to: no_ecc - type: string 
	Parameter MEMORY_INIT_FILE bound to: axi_spi_top_axi_traffic_gen_0_2_data.mem - type: string 
	Parameter MEMORY_INIT_PARAM bound to: (null) - type: string 
	Parameter USE_MEM_INIT bound to: 1 - type: integer 
	Parameter WAKEUP_TIME bound to: disable_sleep - type: string 
	Parameter AUTO_SLEEP_TIME bound to: 0 - type: integer 
	Parameter MESSAGE_CONTROL bound to: 0 - type: integer 
	Parameter MEMORY_OPTIMIZATION bound to: true - type: string 
	Parameter WRITE_DATA_WIDTH_A bound to: 32 - type: integer 
	Parameter READ_DATA_WIDTH_A bound to: 32 - type: integer 
	Parameter BYTE_WRITE_WIDTH_A bound to: 8 - type: integer 
	Parameter ADDR_WIDTH_A bound to: 5 - type: integer 
	Parameter READ_RESET_VALUE_A bound to: 0 - type: string 
	Parameter READ_LATENCY_A bound to: 1 - type: integer 
	Parameter WRITE_MODE_A bound to: read_first - type: string 
	Parameter P_MEMORY_PRIMITIVE bound to: 1 - type: integer 
	Parameter P_CLOCKING_MODE bound to: 0 - type: integer 
	Parameter P_ECC_MODE bound to: 0 - type: integer 
	Parameter P_WAKEUP_TIME bound to: 0 - type: integer 
	Parameter P_WRITE_MODE_A bound to: 1 - type: integer 
	Parameter P_MEMORY_OPTIMIZATION bound to: 1 - type: integer 
INFO: [Synth 8-6157] synthesizing module 'xpm_memory_base__parameterized0' [C:/Xilinx/Vivado/2018.1/data/ip/xpm/xpm_memory/hdl/xpm_memory.sv:57]
	Parameter MEMORY_TYPE bound to: 0 - type: integer 
	Parameter MEMORY_SIZE bound to: 1024 - type: integer 
	Parameter MEMORY_PRIMITIVE bound to: 1 - type: integer 
	Parameter CLOCKING_MODE bound to: 0 - type: integer 
	Parameter ECC_MODE bound to: 0 - type: integer 
	Parameter MEMORY_INIT_FILE bound to: axi_spi_top_axi_traffic_gen_0_2_data.mem - type: string 
	Parameter MEMORY_INIT_PARAM bound to: (null) - type: string 
	Parameter USE_MEM_INIT bound to: 1 - type: integer 
	Parameter MEMORY_OPTIMIZATION bound to: true - type: string 
	Parameter WAKEUP_TIME bound to: 0 - type: integer 
	Parameter AUTO_SLEEP_TIME bound to: 0 - type: integer 
	Parameter MESSAGE_CONTROL bound to: 0 - type: integer 
	Parameter VERSION bound to: 0 - type: integer 
	Parameter USE_EMBEDDED_CONSTRAINT bound to: 0 - type: integer 
	Parameter WRITE_DATA_WIDTH_A bound to: 32 - type: integer 
	Parameter READ_DATA_WIDTH_A bound to: 32 - type: integer 
	Parameter BYTE_WRITE_WIDTH_A bound to: 8 - type: integer 
	Parameter ADDR_WIDTH_A bound to: 5 - type: integer 
	Parameter READ_RESET_VALUE_A bound to: 0 - type: string 
	Parameter READ_LATENCY_A bound to: 1 - type: integer 
	Parameter WRITE_MODE_A bound to: 1 - type: integer 
	Parameter WRITE_DATA_WIDTH_B bound to: 32 - type: integer 
	Parameter READ_DATA_WIDTH_B bound to: 32 - type: integer 
	Parameter BYTE_WRITE_WIDTH_B bound to: 32 - type: integer 
	Parameter ADDR_WIDTH_B bound to: 5 - type: integer 
	Parameter READ_RESET_VALUE_B bound to: 0 - type: string 
	Parameter READ_LATENCY_B bound to: 1 - type: integer 
	Parameter WRITE_MODE_B bound to: 1 - type: integer 
	Parameter P_MEMORY_PRIMITIVE bound to: distributed - type: string 
	Parameter P_MIN_WIDTH_DATA_A bound to: 32 - type: integer 
	Parameter P_MIN_WIDTH_DATA_B bound to: 32 - type: integer 
	Parameter P_MIN_WIDTH_DATA bound to: 32 - type: integer 
	Parameter P_MIN_WIDTH_DATA_ECC bound to: 32 - type: integer 
	Parameter P_MAX_DEPTH_DATA bound to: 32 - type: integer 
	Parameter P_ECC_MODE bound to: no_ecc - type: string 
	Parameter P_MEMORY_OPT bound to: yes - type: string 
	Parameter P_WIDTH_COL_WRITE_A bound to: 8 - type: integer 
	Parameter P_WIDTH_COL_WRITE_B bound to: 32 - type: integer 
	Parameter P_NUM_COLS_WRITE_A bound to: 4 - type: integer 
	Parameter P_NUM_COLS_WRITE_B bound to: 1 - type: integer 
	Parameter P_NUM_ROWS_WRITE_A bound to: 1 - type: integer 
	Parameter P_NUM_ROWS_WRITE_B bound to: 1 - type: integer 
	Parameter P_NUM_ROWS_READ_A bound to: 1 - type: integer 
	Parameter P_NUM_ROWS_READ_B bound to: 1 - type: integer 
	Parameter P_WIDTH_ADDR_WRITE_A bound to: 5 - type: integer 
	Parameter P_WIDTH_ADDR_WRITE_B bound to: 5 - type: integer 
	Parameter P_WIDTH_ADDR_READ_A bound to: 5 - type: integer 
	Parameter P_WIDTH_ADDR_READ_B bound to: 5 - type: integer 
	Parameter P_WIDTH_ADDR_LSB_WRITE_A bound to: 0 - type: integer 
	Parameter P_WIDTH_ADDR_LSB_WRITE_B bound to: 0 - type: integer 
	Parameter P_WIDTH_ADDR_LSB_READ_A bound to: 0 - type: integer 
	Parameter P_WIDTH_ADDR_LSB_READ_B bound to: 0 - type: integer 
	Parameter P_ENABLE_BYTE_WRITE_A bound to: 1 - type: integer 
	Parameter P_ENABLE_BYTE_WRITE_B bound to: 0 - type: integer 
	Parameter P_SDP_WRITE_MODE bound to: yes - type: string 
	Parameter NUM_CHAR_LOC bound to: 0 - type: integer 
	Parameter MAX_NUM_CHAR bound to: 0 - type: integer 
	Parameter P_MIN_WIDTH_DATA_SHFT bound to: 32 - type: integer 
	Parameter P_MIN_WIDTH_DATA_LDW bound to: 4 - type: integer 
INFO: [Synth 8-3876] $readmem data file 'axi_spi_top_axi_traffic_gen_0_2_data.mem' is read successfully [C:/Xilinx/Vivado/2018.1/data/ip/xpm/xpm_memory/hdl/xpm_memory.sv:1069]
INFO: [Synth 8-5772] Detected attribute (* rw_addr_collision = "yes" *) on RAM gen_wr_a.gen_byte_narrow.for_mem_cols[0].mem_reg 
INFO: [Synth 8-5772] Detected attribute (* ram_ecc = "no_ecc" *) on RAM gen_wr_a.gen_byte_narrow.for_mem_cols[0].mem_reg 
INFO: [Synth 8-5772] Detected attribute (* rw_addr_collision = "yes" *) on RAM gen_wr_a.gen_byte_narrow.for_mem_cols[1].mem_reg 
INFO: [Synth 8-5772] Detected attribute (* ram_ecc = "no_ecc" *) on RAM gen_wr_a.gen_byte_narrow.for_mem_cols[1].mem_reg 
INFO: [Synth 8-5772] Detected attribute (* rw_addr_collision = "yes" *) on RAM gen_wr_a.gen_byte_narrow.for_mem_cols[2].mem_reg 
INFO: [Synth 8-5772] Detected attribute (* ram_ecc = "no_ecc" *) on RAM gen_wr_a.gen_byte_narrow.for_mem_cols[2].mem_reg 
INFO: [Synth 8-5772] Detected attribute (* rw_addr_collision = "yes" *) on RAM gen_wr_a.gen_byte_narrow.for_mem_cols[3].mem_reg 
INFO: [Synth 8-5772] Detected attribute (* ram_ecc = "no_ecc" *) on RAM gen_wr_a.gen_byte_narrow.for_mem_cols[3].mem_reg 
INFO: [Synth 8-6155] done synthesizing module 'xpm_memory_base__parameterized0' (3#1) [C:/Xilinx/Vivado/2018.1/data/ip/xpm/xpm_memory/hdl/xpm_memory.sv:57]
INFO: [Synth 8-5772] Detected attribute (* rw_addr_collision = "yes" *) on RAM gen_wr_a.gen_byte_narrow.for_mem_cols[1].mem_reg 
INFO: [Synth 8-6155] done synthesizing module 'xpm_memory_spram__parameterized0' (3#1) [C:/Xilinx/Vivado/2018.1/data/ip/xpm/xpm_memory/hdl/xpm_memory.sv:7033]
INFO: [Synth 8-5772] Detected attribute (* rw_addr_collision = "yes" *) on RAM gen_wr_a.gen_byte_narrow.for_mem_cols[1].mem_reg 
INFO: [Synth 8-6155] done synthesizing module 'axi_traffic_gen_v3_0_2_systeminit_dmg__parameterized0' (3#1) [d:/Vivado2018_wrk/axi_spi/axi_spi.srcs/sources_1/bd/axi_spi_top/ipshared/a923/hdl/axi_traffic_gen_v3_0_rfs.v:13096]
INFO: [Synth 8-6157] synthesizing module 'axi_traffic_gen_v3_0_2_static_cmdgen' [d:/Vivado2018_wrk/axi_spi/axi_spi.srcs/sources_1/bd/axi_spi_top/ipshared/a923/hdl/axi_traffic_gen_v3_0_rfs.v:9332]
	Parameter C_ATG_STATIC_ADDRESS bound to: 312475648 - type: integer 
	Parameter C_M_AXI_DATA_WIDTH bound to: 32 - type: integer 
	Parameter C_ATG_MIF_ADDR_BITS bound to: 5 - type: integer 
	Parameter C_ATG_STATIC_LENGTH bound to: 3 - type: integer 
	Parameter C_ATG_SYSTEM_INIT bound to: 1 - type: integer 
	Parameter C_ATG_SYSTEM_TEST bound to: 0 - type: integer 
WARNING: [Synth 8-3848] Net cmd_out_mr in module/entity axi_traffic_gen_v3_0_2_static_cmdgen does not have driver. [d:/Vivado2018_wrk/axi_spi/axi_spi.srcs/sources_1/bd/axi_spi_top/ipshared/a923/hdl/axi_traffic_gen_v3_0_rfs.v:9351]
INFO: [Synth 8-6155] done synthesizing module 'axi_traffic_gen_v3_0_2_static_cmdgen' (4#1) [d:/Vivado2018_wrk/axi_spi/axi_spi.srcs/sources_1/bd/axi_spi_top/ipshared/a923/hdl/axi_traffic_gen_v3_0_rfs.v:9332]
INFO: [Synth 8-6157] synthesizing module 'axi_traffic_gen_v3_0_2_systeminit_mrdwr' [d:/Vivado2018_wrk/axi_spi/axi_spi.srcs/sources_1/bd/axi_spi_top/ipshared/a923/hdl/axi_traffic_gen_v3_0_rfs.v:13325]
	Parameter C_M_AXI_THREAD_ID_WIDTH bound to: 1 - type: integer 
	Parameter C_M_AXI_AWUSER_WIDTH bound to: 1 - type: integer 
	Parameter C_M_AXI_DATA_WIDTH bound to: 32 - type: integer 
	Parameter C_ATG_SYSTEM_INIT bound to: 1 - type: integer 
	Parameter C_ATG_SYSTEM_TEST bound to: 0 - type: integer 
	Parameter C_ATG_SYSTEM_CMD_MAX_RETRY bound to: 256 - type: integer 
	Parameter C_ATG_SYSTEM_TEST_MAX_CLKS bound to: 5000 - type: integer 
	Parameter C_ATG_SYSTEM_MAX_CHANNELS bound to: 1 - type: integer 
	Parameter C_ATG_SYSTEM_CH1_LOW bound to: 0 - type: integer 
	Parameter C_ATG_SYSTEM_CH1_HIGH bound to: -1 - type: integer 
	Parameter C_ATG_SYSTEM_CH2_LOW bound to: 256 - type: integer 
	Parameter C_ATG_SYSTEM_CH2_HIGH bound to: 511 - type: integer 
	Parameter C_ATG_SYSTEM_CH3_LOW bound to: 512 - type: integer 
	Parameter C_ATG_SYSTEM_CH3_HIGH bound to: 767 - type: integer 
	Parameter C_ATG_SYSTEM_CH4_LOW bound to: 768 - type: integer 
	Parameter C_ATG_SYSTEM_CH4_HIGH bound to: 1023 - type: integer 
	Parameter C_ATG_SYSTEM_CH5_LOW bound to: 1024 - type: integer 
	Parameter C_ATG_SYSTEM_CH5_HIGH bound to: 1279 - type: integer 
WARNING: [Synth 8-6014] Unused sequential element cur_trn_status_reg was removed.  [d:/Vivado2018_wrk/axi_spi/axi_spi.srcs/sources_1/bd/axi_spi_top/ipshared/a923/hdl/axi_traffic_gen_v3_0_rfs.v:13764]
WARNING: [Synth 8-6014] Unused sequential element cur_rom_ptr_reg was removed.  [d:/Vivado2018_wrk/axi_spi/axi_spi.srcs/sources_1/bd/axi_spi_top/ipshared/a923/hdl/axi_traffic_gen_v3_0_rfs.v:13960]
INFO: [Synth 8-6155] done synthesizing module 'axi_traffic_gen_v3_0_2_systeminit_mrdwr' (5#1) [d:/Vivado2018_wrk/axi_spi/axi_spi.srcs/sources_1/bd/axi_spi_top/ipshared/a923/hdl/axi_traffic_gen_v3_0_rfs.v:13325]
INFO: [Synth 8-5772] Detected attribute (* rw_addr_collision = "yes" *) on RAM gen_wr_a.gen_byte_narrow.for_mem_cols[1].mem_reg 
INFO: [Synth 8-5772] Detected attribute (* rw_addr_collision = "yes" *) on RAM gen_wr_a.gen_byte_narrow.for_mem_cols[1].mem_reg 
WARNING: [Synth 8-3848] Net rom_ctrl in module/entity axi_traffic_gen_v3_0_2_systeminit_top does not have driver. [d:/Vivado2018_wrk/axi_spi/axi_spi.srcs/sources_1/bd/axi_spi_top/ipshared/a923/hdl/axi_traffic_gen_v3_0_rfs.v:14293]
WARNING: [Synth 8-3848] Net rom_mask in module/entity axi_traffic_gen_v3_0_2_systeminit_top does not have driver. [d:/Vivado2018_wrk/axi_spi/axi_spi.srcs/sources_1/bd/axi_spi_top/ipshared/a923/hdl/axi_traffic_gen_v3_0_rfs.v:14292]
INFO: [Synth 8-6155] done synthesizing module 'axi_traffic_gen_v3_0_2_systeminit_top' (6#1) [d:/Vivado2018_wrk/axi_spi/axi_spi.srcs/sources_1/bd/axi_spi_top/ipshared/a923/hdl/axi_traffic_gen_v3_0_rfs.v:14154]
INFO: [Synth 8-6157] synthesizing module 'axi_traffic_gen_v3_0_2_asynch_rst_ff' [d:/Vivado2018_wrk/axi_spi/axi_spi.srcs/sources_1/bd/axi_spi_top/ipshared/a923/hdl/axi_traffic_gen_v3_0_rfs.v:55]
INFO: [Synth 8-5534] Detected attribute (* ASYNC_REG = "TRUE" *) [d:/Vivado2018_wrk/axi_spi/axi_spi.srcs/sources_1/bd/axi_spi_top/ipshared/a923/hdl/axi_traffic_gen_v3_0_rfs.v:63]
INFO: [Synth 8-6155] done synthesizing module 'axi_traffic_gen_v3_0_2_asynch_rst_ff' (7#1) [d:/Vivado2018_wrk/axi_spi/axi_spi.srcs/sources_1/bd/axi_spi_top/ipshared/a923/hdl/axi_traffic_gen_v3_0_rfs.v:55]
INFO: [Synth 8-638] synthesizing module 'cdc_sync' [d:/Vivado2018_wrk/axi_spi/axi_spi.srcs/sources_1/bd/axi_spi_top/ipshared/ef1e/hdl/lib_cdc_v1_0_rfs.vhd:106]
	Parameter C_CDC_TYPE bound to: 1 - type: integer 
	Parameter C_RESET_STATE bound to: 0 - type: integer 
	Parameter C_SINGLE_BIT bound to: 1 - type: integer 
	Parameter C_FLOP_INPUT bound to: 0 - type: integer 
	Parameter C_VECTOR_WIDTH bound to: 1 - type: integer 
	Parameter C_MTBF_STAGES bound to: 4 - type: integer 
	Parameter INIT bound to: 1'b0 
INFO: [Synth 8-113] binding component instance 'CROSS_PLEVEL_IN2SCNDRY_IN_cdc_to' to cell 'FDR' [d:/Vivado2018_wrk/axi_spi/axi_spi.srcs/sources_1/bd/axi_spi_top/ipshared/ef1e/hdl/lib_cdc_v1_0_rfs.vhd:514]
	Parameter INIT bound to: 1'b0 
INFO: [Synth 8-113] binding component instance 'CROSS_PLEVEL_IN2SCNDRY_s_level_out_d2' to cell 'FDR' [d:/Vivado2018_wrk/axi_spi/axi_spi.srcs/sources_1/bd/axi_spi_top/ipshared/ef1e/hdl/lib_cdc_v1_0_rfs.vhd:545]
	Parameter INIT bound to: 1'b0 
INFO: [Synth 8-113] binding component instance 'CROSS_PLEVEL_IN2SCNDRY_s_level_out_d3' to cell 'FDR' [d:/Vivado2018_wrk/axi_spi/axi_spi.srcs/sources_1/bd/axi_spi_top/ipshared/ef1e/hdl/lib_cdc_v1_0_rfs.vhd:554]
	Parameter INIT bound to: 1'b0 
INFO: [Synth 8-113] binding component instance 'CROSS_PLEVEL_IN2SCNDRY_s_level_out_d4' to cell 'FDR' [d:/Vivado2018_wrk/axi_spi/axi_spi.srcs/sources_1/bd/axi_spi_top/ipshared/ef1e/hdl/lib_cdc_v1_0_rfs.vhd:564]
	Parameter INIT bound to: 1'b0 
INFO: [Synth 8-113] binding component instance 'CROSS_PLEVEL_IN2SCNDRY_s_level_out_d5' to cell 'FDR' [d:/Vivado2018_wrk/axi_spi/axi_spi.srcs/sources_1/bd/axi_spi_top/ipshared/ef1e/hdl/lib_cdc_v1_0_rfs.vhd:574]
	Parameter INIT bound to: 1'b0 
INFO: [Synth 8-113] binding component instance 'CROSS_PLEVEL_IN2SCNDRY_s_level_out_d6' to cell 'FDR' [d:/Vivado2018_wrk/axi_spi/axi_spi.srcs/sources_1/bd/axi_spi_top/ipshared/ef1e/hdl/lib_cdc_v1_0_rfs.vhd:584]
INFO: [Synth 8-256] done synthesizing module 'cdc_sync' (8#1) [d:/Vivado2018_wrk/axi_spi/axi_spi.srcs/sources_1/bd/axi_spi_top/ipshared/ef1e/hdl/lib_cdc_v1_0_rfs.vhd:106]
INFO: [Synth 8-5772] Detected attribute (* rw_addr_collision = "yes" *) on RAM gen_wr_a.gen_byte_narrow.for_mem_cols[1].mem_reg 
INFO: [Synth 8-5772] Detected attribute (* rw_addr_collision = "yes" *) on RAM gen_wr_a.gen_byte_narrow.for_mem_cols[1].mem_reg 
WARNING: [Synth 8-3848] Net s_axi_awready in module/entity axi_traffic_gen_v3_0_2_top does not have driver. [d:/Vivado2018_wrk/axi_spi/axi_spi.srcs/sources_1/bd/axi_spi_top/ipshared/a923/hdl/axi_traffic_gen_v3_0_rfs.v:14684]
WARNING: [Synth 8-3848] Net s_axi_wready in module/entity axi_traffic_gen_v3_0_2_top does not have driver. [d:/Vivado2018_wrk/axi_spi/axi_spi.srcs/sources_1/bd/axi_spi_top/ipshared/a923/hdl/axi_traffic_gen_v3_0_rfs.v:14689]
WARNING: [Synth 8-3848] Net s_axi_bid in module/entity axi_traffic_gen_v3_0_2_top does not have driver. [d:/Vivado2018_wrk/axi_spi/axi_spi.srcs/sources_1/bd/axi_spi_top/ipshared/a923/hdl/axi_traffic_gen_v3_0_rfs.v:14690]
WARNING: [Synth 8-3848] Net s_axi_bresp in module/entity axi_traffic_gen_v3_0_2_top does not have driver. [d:/Vivado2018_wrk/axi_spi/axi_spi.srcs/sources_1/bd/axi_spi_top/ipshared/a923/hdl/axi_traffic_gen_v3_0_rfs.v:14691]
WARNING: [Synth 8-3848] Net s_axi_bvalid in module/entity axi_traffic_gen_v3_0_2_top does not have driver. [d:/Vivado2018_wrk/axi_spi/axi_spi.srcs/sources_1/bd/axi_spi_top/ipshared/a923/hdl/axi_traffic_gen_v3_0_rfs.v:14692]
WARNING: [Synth 8-3848] Net s_axi_arready in module/entity axi_traffic_gen_v3_0_2_top does not have driver. [d:/Vivado2018_wrk/axi_spi/axi_spi.srcs/sources_1/bd/axi_spi_top/ipshared/a923/hdl/axi_traffic_gen_v3_0_rfs.v:14706]
WARNING: [Synth 8-3848] Net s_axi_rid in module/entity axi_traffic_gen_v3_0_2_top does not have driver. [d:/Vivado2018_wrk/axi_spi/axi_spi.srcs/sources_1/bd/axi_spi_top/ipshared/a923/hdl/axi_traffic_gen_v3_0_rfs.v:14707]
WARNING: [Synth 8-3848] Net s_axi_rlast in module/entity axi_traffic_gen_v3_0_2_top does not have driver. [d:/Vivado2018_wrk/axi_spi/axi_spi.srcs/sources_1/bd/axi_spi_top/ipshared/a923/hdl/axi_traffic_gen_v3_0_rfs.v:14708]
WARNING: [Synth 8-3848] Net s_axi_rdata in module/entity axi_traffic_gen_v3_0_2_top does not have driver. [d:/Vivado2018_wrk/axi_spi/axi_spi.srcs/sources_1/bd/axi_spi_top/ipshared/a923/hdl/axi_traffic_gen_v3_0_rfs.v:14709]
WARNING: [Synth 8-3848] Net s_axi_rresp in module/entity axi_traffic_gen_v3_0_2_top does not have driver. [d:/Vivado2018_wrk/axi_spi/axi_spi.srcs/sources_1/bd/axi_spi_top/ipshared/a923/hdl/axi_traffic_gen_v3_0_rfs.v:14710]
WARNING: [Synth 8-3848] Net s_axi_rvalid in module/entity axi_traffic_gen_v3_0_2_top does not have driver. [d:/Vivado2018_wrk/axi_spi/axi_spi.srcs/sources_1/bd/axi_spi_top/ipshared/a923/hdl/axi_traffic_gen_v3_0_rfs.v:14711]
WARNING: [Synth 8-3848] Net m_axi_awid in module/entity axi_traffic_gen_v3_0_2_top does not have driver. [d:/Vivado2018_wrk/axi_spi/axi_spi.srcs/sources_1/bd/axi_spi_top/ipshared/a923/hdl/axi_traffic_gen_v3_0_rfs.v:14716]
WARNING: [Synth 8-3848] Net m_axi_awaddr in module/entity axi_traffic_gen_v3_0_2_top does not have driver. [d:/Vivado2018_wrk/axi_spi/axi_spi.srcs/sources_1/bd/axi_spi_top/ipshared/a923/hdl/axi_traffic_gen_v3_0_rfs.v:14717]
WARNING: [Synth 8-3848] Net m_axi_awlen in module/entity axi_traffic_gen_v3_0_2_top does not have driver. [d:/Vivado2018_wrk/axi_spi/axi_spi.srcs/sources_1/bd/axi_spi_top/ipshared/a923/hdl/axi_traffic_gen_v3_0_rfs.v:14718]
WARNING: [Synth 8-3848] Net m_axi_awsize in module/entity axi_traffic_gen_v3_0_2_top does not have driver. [d:/Vivado2018_wrk/axi_spi/axi_spi.srcs/sources_1/bd/axi_spi_top/ipshared/a923/hdl/axi_traffic_gen_v3_0_rfs.v:14719]
WARNING: [Synth 8-3848] Net m_axi_awburst in module/entity axi_traffic_gen_v3_0_2_top does not have driver. [d:/Vivado2018_wrk/axi_spi/axi_spi.srcs/sources_1/bd/axi_spi_top/ipshared/a923/hdl/axi_traffic_gen_v3_0_rfs.v:14720]
WARNING: [Synth 8-3848] Net m_axi_awlock in module/entity axi_traffic_gen_v3_0_2_top does not have driver. [d:/Vivado2018_wrk/axi_spi/axi_spi.srcs/sources_1/bd/axi_spi_top/ipshared/a923/hdl/axi_traffic_gen_v3_0_rfs.v:14721]
WARNING: [Synth 8-3848] Net m_axi_awcache in module/entity axi_traffic_gen_v3_0_2_top does not have driver. [d:/Vivado2018_wrk/axi_spi/axi_spi.srcs/sources_1/bd/axi_spi_top/ipshared/a923/hdl/axi_traffic_gen_v3_0_rfs.v:14722]
WARNING: [Synth 8-3848] Net m_axi_awprot in module/entity axi_traffic_gen_v3_0_2_top does not have driver. [d:/Vivado2018_wrk/axi_spi/axi_spi.srcs/sources_1/bd/axi_spi_top/ipshared/a923/hdl/axi_traffic_gen_v3_0_rfs.v:14723]
WARNING: [Synth 8-3848] Net m_axi_awqos in module/entity axi_traffic_gen_v3_0_2_top does not have driver. [d:/Vivado2018_wrk/axi_spi/axi_spi.srcs/sources_1/bd/axi_spi_top/ipshared/a923/hdl/axi_traffic_gen_v3_0_rfs.v:14724]
WARNING: [Synth 8-3848] Net m_axi_awuser in module/entity axi_traffic_gen_v3_0_2_top does not have driver. [d:/Vivado2018_wrk/axi_spi/axi_spi.srcs/sources_1/bd/axi_spi_top/ipshared/a923/hdl/axi_traffic_gen_v3_0_rfs.v:14725]
WARNING: [Synth 8-3848] Net m_axi_awvalid in module/entity axi_traffic_gen_v3_0_2_top does not have driver. [d:/Vivado2018_wrk/axi_spi/axi_spi.srcs/sources_1/bd/axi_spi_top/ipshared/a923/hdl/axi_traffic_gen_v3_0_rfs.v:14726]
WARNING: [Synth 8-3848] Net m_axi_wlast in module/entity axi_traffic_gen_v3_0_2_top does not have driver. [d:/Vivado2018_wrk/axi_spi/axi_spi.srcs/sources_1/bd/axi_spi_top/ipshared/a923/hdl/axi_traffic_gen_v3_0_rfs.v:14728]
WARNING: [Synth 8-3848] Net m_axi_wdata in module/entity axi_traffic_gen_v3_0_2_top does not have driver. [d:/Vivado2018_wrk/axi_spi/axi_spi.srcs/sources_1/bd/axi_spi_top/ipshared/a923/hdl/axi_traffic_gen_v3_0_rfs.v:14729]
WARNING: [Synth 8-3848] Net m_axi_wstrb in module/entity axi_traffic_gen_v3_0_2_top does not have driver. [d:/Vivado2018_wrk/axi_spi/axi_spi.srcs/sources_1/bd/axi_spi_top/ipshared/a923/hdl/axi_traffic_gen_v3_0_rfs.v:14730]
WARNING: [Synth 8-3848] Net m_axi_wvalid in module/entity axi_traffic_gen_v3_0_2_top does not have driver. [d:/Vivado2018_wrk/axi_spi/axi_spi.srcs/sources_1/bd/axi_spi_top/ipshared/a923/hdl/axi_traffic_gen_v3_0_rfs.v:14731]
WARNING: [Synth 8-3848] Net m_axi_bready in module/entity axi_traffic_gen_v3_0_2_top does not have driver. [d:/Vivado2018_wrk/axi_spi/axi_spi.srcs/sources_1/bd/axi_spi_top/ipshared/a923/hdl/axi_traffic_gen_v3_0_rfs.v:14736]
WARNING: [Synth 8-3848] Net m_axi_arid in module/entity axi_traffic_gen_v3_0_2_top does not have driver. [d:/Vivado2018_wrk/axi_spi/axi_spi.srcs/sources_1/bd/axi_spi_top/ipshared/a923/hdl/axi_traffic_gen_v3_0_rfs.v:14738]
WARNING: [Synth 8-3848] Net m_axi_araddr in module/entity axi_traffic_gen_v3_0_2_top does not have driver. [d:/Vivado2018_wrk/axi_spi/axi_spi.srcs/sources_1/bd/axi_spi_top/ipshared/a923/hdl/axi_traffic_gen_v3_0_rfs.v:14739]
WARNING: [Synth 8-3848] Net m_axi_arlen in module/entity axi_traffic_gen_v3_0_2_top does not have driver. [d:/Vivado2018_wrk/axi_spi/axi_spi.srcs/sources_1/bd/axi_spi_top/ipshared/a923/hdl/axi_traffic_gen_v3_0_rfs.v:14740]
WARNING: [Synth 8-3848] Net m_axi_arsize in module/entity axi_traffic_gen_v3_0_2_top does not have driver. [d:/Vivado2018_wrk/axi_spi/axi_spi.srcs/sources_1/bd/axi_spi_top/ipshared/a923/hdl/axi_traffic_gen_v3_0_rfs.v:14741]
WARNING: [Synth 8-3848] Net m_axi_arburst in module/entity axi_traffic_gen_v3_0_2_top does not have driver. [d:/Vivado2018_wrk/axi_spi/axi_spi.srcs/sources_1/bd/axi_spi_top/ipshared/a923/hdl/axi_traffic_gen_v3_0_rfs.v:14742]
WARNING: [Synth 8-3848] Net m_axi_arlock in module/entity axi_traffic_gen_v3_0_2_top does not have driver. [d:/Vivado2018_wrk/axi_spi/axi_spi.srcs/sources_1/bd/axi_spi_top/ipshared/a923/hdl/axi_traffic_gen_v3_0_rfs.v:14743]
WARNING: [Synth 8-3848] Net m_axi_arcache in module/entity axi_traffic_gen_v3_0_2_top does not have driver. [d:/Vivado2018_wrk/axi_spi/axi_spi.srcs/sources_1/bd/axi_spi_top/ipshared/a923/hdl/axi_traffic_gen_v3_0_rfs.v:14744]
WARNING: [Synth 8-3848] Net m_axi_arprot in module/entity axi_traffic_gen_v3_0_2_top does not have driver. [d:/Vivado2018_wrk/axi_spi/axi_spi.srcs/sources_1/bd/axi_spi_top/ipshared/a923/hdl/axi_traffic_gen_v3_0_rfs.v:14745]
WARNING: [Synth 8-3848] Net m_axi_arqos in module/entity axi_traffic_gen_v3_0_2_top does not have driver. [d:/Vivado2018_wrk/axi_spi/axi_spi.srcs/sources_1/bd/axi_spi_top/ipshared/a923/hdl/axi_traffic_gen_v3_0_rfs.v:14746]
WARNING: [Synth 8-3848] Net m_axi_aruser in module/entity axi_traffic_gen_v3_0_2_top does not have driver. [d:/Vivado2018_wrk/axi_spi/axi_spi.srcs/sources_1/bd/axi_spi_top/ipshared/a923/hdl/axi_traffic_gen_v3_0_rfs.v:14747]
WARNING: [Synth 8-3848] Net m_axi_arvalid in module/entity axi_traffic_gen_v3_0_2_top does not have driver. [d:/Vivado2018_wrk/axi_spi/axi_spi.srcs/sources_1/bd/axi_spi_top/ipshared/a923/hdl/axi_traffic_gen_v3_0_rfs.v:14748]
WARNING: [Synth 8-3848] Net m_axi_rready in module/entity axi_traffic_gen_v3_0_2_top does not have driver. [d:/Vivado2018_wrk/axi_spi/axi_spi.srcs/sources_1/bd/axi_spi_top/ipshared/a923/hdl/axi_traffic_gen_v3_0_rfs.v:14755]
WARNING: [Synth 8-3848] Net m_axis_1_tvalid in module/entity axi_traffic_gen_v3_0_2_top does not have driver. [d:/Vivado2018_wrk/axi_spi/axi_spi.srcs/sources_1/bd/axi_spi_top/ipshared/a923/hdl/axi_traffic_gen_v3_0_rfs.v:14759]
WARNING: [Synth 8-3848] Net m_axis_1_tlast in module/entity axi_traffic_gen_v3_0_2_top does not have driver. [d:/Vivado2018_wrk/axi_spi/axi_spi.srcs/sources_1/bd/axi_spi_top/ipshared/a923/hdl/axi_traffic_gen_v3_0_rfs.v:14760]
WARNING: [Synth 8-3848] Net m_axis_1_tdata in module/entity axi_traffic_gen_v3_0_2_top does not have driver. [d:/Vivado2018_wrk/axi_spi/axi_spi.srcs/sources_1/bd/axi_spi_top/ipshared/a923/hdl/axi_traffic_gen_v3_0_rfs.v:14761]
WARNING: [Synth 8-3848] Net m_axis_1_tstrb in module/entity axi_traffic_gen_v3_0_2_top does not have driver. [d:/Vivado2018_wrk/axi_spi/axi_spi.srcs/sources_1/bd/axi_spi_top/ipshared/a923/hdl/axi_traffic_gen_v3_0_rfs.v:14762]
WARNING: [Synth 8-3848] Net m_axis_1_tkeep in module/entity axi_traffic_gen_v3_0_2_top does not have driver. [d:/Vivado2018_wrk/axi_spi/axi_spi.srcs/sources_1/bd/axi_spi_top/ipshared/a923/hdl/axi_traffic_gen_v3_0_rfs.v:14763]
WARNING: [Synth 8-3848] Net m_axis_1_tuser in module/entity axi_traffic_gen_v3_0_2_top does not have driver. [d:/Vivado2018_wrk/axi_spi/axi_spi.srcs/sources_1/bd/axi_spi_top/ipshared/a923/hdl/axi_traffic_gen_v3_0_rfs.v:14764]
WARNING: [Synth 8-3848] Net m_axis_1_tid in module/entity axi_traffic_gen_v3_0_2_top does not have driver. [d:/Vivado2018_wrk/axi_spi/axi_spi.srcs/sources_1/bd/axi_spi_top/ipshared/a923/hdl/axi_traffic_gen_v3_0_rfs.v:14765]
WARNING: [Synth 8-3848] Net m_axis_1_tdest in module/entity axi_traffic_gen_v3_0_2_top does not have driver. [d:/Vivado2018_wrk/axi_spi/axi_spi.srcs/sources_1/bd/axi_spi_top/ipshared/a923/hdl/axi_traffic_gen_v3_0_rfs.v:14766]
WARNING: [Synth 8-3848] Net s_axis_1_tready in module/entity axi_traffic_gen_v3_0_2_top does not have driver. [d:/Vivado2018_wrk/axi_spi/axi_spi.srcs/sources_1/bd/axi_spi_top/ipshared/a923/hdl/axi_traffic_gen_v3_0_rfs.v:14767]
WARNING: [Synth 8-3848] Net axis_err_count in module/entity axi_traffic_gen_v3_0_2_top does not have driver. [d:/Vivado2018_wrk/axi_spi/axi_spi.srcs/sources_1/bd/axi_spi_top/ipshared/a923/hdl/axi_traffic_gen_v3_0_rfs.v:14776]
WARNING: [Synth 8-3848] Net s_axis_2_tready in module/entity axi_traffic_gen_v3_0_2_top does not have driver. [d:/Vivado2018_wrk/axi_spi/axi_spi.srcs/sources_1/bd/axi_spi_top/ipshared/a923/hdl/axi_traffic_gen_v3_0_rfs.v:14778]
WARNING: [Synth 8-3848] Net m_axis_2_tvalid in module/entity axi_traffic_gen_v3_0_2_top does not have driver. [d:/Vivado2018_wrk/axi_spi/axi_spi.srcs/sources_1/bd/axi_spi_top/ipshared/a923/hdl/axi_traffic_gen_v3_0_rfs.v:14789]
WARNING: [Synth 8-3848] Net m_axis_2_tlast in module/entity axi_traffic_gen_v3_0_2_top does not have driver. [d:/Vivado2018_wrk/axi_spi/axi_spi.srcs/sources_1/bd/axi_spi_top/ipshared/a923/hdl/axi_traffic_gen_v3_0_rfs.v:14790]
WARNING: [Synth 8-3848] Net m_axis_2_tdata in module/entity axi_traffic_gen_v3_0_2_top does not have driver. [d:/Vivado2018_wrk/axi_spi/axi_spi.srcs/sources_1/bd/axi_spi_top/ipshared/a923/hdl/axi_traffic_gen_v3_0_rfs.v:14791]
WARNING: [Synth 8-3848] Net m_axis_2_tstrb in module/entity axi_traffic_gen_v3_0_2_top does not have driver. [d:/Vivado2018_wrk/axi_spi/axi_spi.srcs/sources_1/bd/axi_spi_top/ipshared/a923/hdl/axi_traffic_gen_v3_0_rfs.v:14792]
WARNING: [Synth 8-3848] Net m_axis_2_tkeep in module/entity axi_traffic_gen_v3_0_2_top does not have driver. [d:/Vivado2018_wrk/axi_spi/axi_spi.srcs/sources_1/bd/axi_spi_top/ipshared/a923/hdl/axi_traffic_gen_v3_0_rfs.v:14793]
WARNING: [Synth 8-3848] Net m_axis_2_tuser in module/entity axi_traffic_gen_v3_0_2_top does not have driver. [d:/Vivado2018_wrk/axi_spi/axi_spi.srcs/sources_1/bd/axi_spi_top/ipshared/a923/hdl/axi_traffic_gen_v3_0_rfs.v:14794]
WARNING: [Synth 8-3848] Net m_axis_2_tid in module/entity axi_traffic_gen_v3_0_2_top does not have driver. [d:/Vivado2018_wrk/axi_spi/axi_spi.srcs/sources_1/bd/axi_spi_top/ipshared/a923/hdl/axi_traffic_gen_v3_0_rfs.v:14795]
WARNING: [Synth 8-3848] Net m_axis_2_tdest in module/entity axi_traffic_gen_v3_0_2_top does not have driver. [d:/Vivado2018_wrk/axi_spi/axi_spi.srcs/sources_1/bd/axi_spi_top/ipshared/a923/hdl/axi_traffic_gen_v3_0_rfs.v:14796]
WARNING: [Synth 8-3848] Net err_out in module/entity axi_traffic_gen_v3_0_2_top does not have driver. [d:/Vivado2018_wrk/axi_spi/axi_spi.srcs/sources_1/bd/axi_spi_top/ipshared/a923/hdl/axi_traffic_gen_v3_0_rfs.v:14800]
INFO: [Synth 8-6155] done synthesizing module 'axi_traffic_gen_v3_0_2_top' (9#1) [d:/Vivado2018_wrk/axi_spi/axi_spi.srcs/sources_1/bd/axi_spi_top/ipshared/a923/hdl/axi_traffic_gen_v3_0_rfs.v:14582]
INFO: [Synth 8-5772] Detected attribute (* rw_addr_collision = "yes" *) on RAM gen_wr_a.gen_byte_narrow.for_mem_cols[1].mem_reg 
INFO: [Synth 8-5772] Detected attribute (* rw_addr_collision = "yes" *) on RAM gen_wr_a.gen_byte_narrow.for_mem_cols[1].mem_reg 
INFO: [Synth 8-6155] done synthesizing module 'axi_spi_top_axi_traffic_gen_0_2' (10#1) [d:/Vivado2018_wrk/axi_spi/axi_spi.srcs/sources_1/bd/axi_spi_top/ip/axi_spi_top_axi_traffic_gen_0_2/synth/axi_spi_top_axi_traffic_gen_0_2.v:62]
WARNING: [Synth 8-3331] design cdc_sync has unconnected port prmry_aclk
WARNING: [Synth 8-3331] design cdc_sync has unconnected port prmry_resetn
WARNING: [Synth 8-3331] design cdc_sync has unconnected port prmry_vect_in[0]
WARNING: [Synth 8-3331] design cdc_sync has unconnected port scndry_resetn
WARNING: [Synth 8-3331] design axi_traffic_gen_v3_0_2_systeminit_mrdwr has unconnected port ch1_bresp_m[1]
WARNING: [Synth 8-3331] design axi_traffic_gen_v3_0_2_systeminit_mrdwr has unconnected port ch1_bresp_m[0]
WARNING: [Synth 8-3331] design axi_traffic_gen_v3_0_2_systeminit_mrdwr has unconnected port ch1_rdata_m[31]
WARNING: [Synth 8-3331] design axi_traffic_gen_v3_0_2_systeminit_mrdwr has unconnected port ch1_rdata_m[30]
WARNING: [Synth 8-3331] design axi_traffic_gen_v3_0_2_systeminit_mrdwr has unconnected port ch1_rdata_m[29]
WARNING: [Synth 8-3331] design axi_traffic_gen_v3_0_2_systeminit_mrdwr has unconnected port ch1_rdata_m[28]
WARNING: [Synth 8-3331] design axi_traffic_gen_v3_0_2_systeminit_mrdwr has unconnected port ch1_rdata_m[27]
WARNING: [Synth 8-3331] design axi_traffic_gen_v3_0_2_systeminit_mrdwr has unconnected port ch1_rdata_m[26]
WARNING: [Synth 8-3331] design axi_traffic_gen_v3_0_2_systeminit_mrdwr has unconnected port ch1_rdata_m[25]
WARNING: [Synth 8-3331] design axi_traffic_gen_v3_0_2_systeminit_mrdwr has unconnected port ch1_rdata_m[24]
WARNING: [Synth 8-3331] design axi_traffic_gen_v3_0_2_systeminit_mrdwr has unconnected port ch1_rdata_m[23]
WARNING: [Synth 8-3331] design axi_traffic_gen_v3_0_2_systeminit_mrdwr has unconnected port ch1_rdata_m[22]
WARNING: [Synth 8-3331] design axi_traffic_gen_v3_0_2_systeminit_mrdwr has unconnected port ch1_rdata_m[21]
WARNING: [Synth 8-3331] design axi_traffic_gen_v3_0_2_systeminit_mrdwr has unconnected port ch1_rdata_m[20]
WARNING: [Synth 8-3331] design axi_traffic_gen_v3_0_2_systeminit_mrdwr has unconnected port ch1_rdata_m[19]
WARNING: [Synth 8-3331] design axi_traffic_gen_v3_0_2_systeminit_mrdwr has unconnected port ch1_rdata_m[18]
WARNING: [Synth 8-3331] design axi_traffic_gen_v3_0_2_systeminit_mrdwr has unconnected port ch1_rdata_m[17]
WARNING: [Synth 8-3331] design axi_traffic_gen_v3_0_2_systeminit_mrdwr has unconnected port ch1_rdata_m[16]
WARNING: [Synth 8-3331] design axi_traffic_gen_v3_0_2_systeminit_mrdwr has unconnected port ch1_rdata_m[15]
WARNING: [Synth 8-3331] design axi_traffic_gen_v3_0_2_systeminit_mrdwr has unconnected port ch1_rdata_m[14]
WARNING: [Synth 8-3331] design axi_traffic_gen_v3_0_2_systeminit_mrdwr has unconnected port ch1_rdata_m[13]
WARNING: [Synth 8-3331] design axi_traffic_gen_v3_0_2_systeminit_mrdwr has unconnected port ch1_rdata_m[12]
WARNING: [Synth 8-3331] design axi_traffic_gen_v3_0_2_systeminit_mrdwr has unconnected port ch1_rdata_m[11]
WARNING: [Synth 8-3331] design axi_traffic_gen_v3_0_2_systeminit_mrdwr has unconnected port ch1_rdata_m[10]
WARNING: [Synth 8-3331] design axi_traffic_gen_v3_0_2_systeminit_mrdwr has unconnected port ch1_rdata_m[9]
WARNING: [Synth 8-3331] design axi_traffic_gen_v3_0_2_systeminit_mrdwr has unconnected port ch1_rdata_m[8]
WARNING: [Synth 8-3331] design axi_traffic_gen_v3_0_2_systeminit_mrdwr has unconnected port ch1_rdata_m[7]
WARNING: [Synth 8-3331] design axi_traffic_gen_v3_0_2_systeminit_mrdwr has unconnected port ch1_rdata_m[6]
WARNING: [Synth 8-3331] design axi_traffic_gen_v3_0_2_systeminit_mrdwr has unconnected port ch1_rdata_m[5]
WARNING: [Synth 8-3331] design axi_traffic_gen_v3_0_2_systeminit_mrdwr has unconnected port ch1_rdata_m[4]
WARNING: [Synth 8-3331] design axi_traffic_gen_v3_0_2_systeminit_mrdwr has unconnected port ch1_rdata_m[3]
WARNING: [Synth 8-3331] design axi_traffic_gen_v3_0_2_systeminit_mrdwr has unconnected port ch1_rdata_m[2]
WARNING: [Synth 8-3331] design axi_traffic_gen_v3_0_2_systeminit_mrdwr has unconnected port ch1_rdata_m[1]
WARNING: [Synth 8-3331] design axi_traffic_gen_v3_0_2_systeminit_mrdwr has unconnected port ch1_rdata_m[0]
WARNING: [Synth 8-3331] design axi_traffic_gen_v3_0_2_systeminit_mrdwr has unconnected port ch1_rresp_m[1]
WARNING: [Synth 8-3331] design axi_traffic_gen_v3_0_2_systeminit_mrdwr has unconnected port ch1_rresp_m[0]
WARNING: [Synth 8-3331] design axi_traffic_gen_v3_0_2_systeminit_mrdwr has unconnected port ch2_awready_m
WARNING: [Synth 8-3331] design axi_traffic_gen_v3_0_2_systeminit_mrdwr has unconnected port ch2_wready_m
WARNING: [Synth 8-3331] design axi_traffic_gen_v3_0_2_systeminit_mrdwr has unconnected port ch2_bresp_m[1]
WARNING: [Synth 8-3331] design axi_traffic_gen_v3_0_2_systeminit_mrdwr has unconnected port ch2_bresp_m[0]
WARNING: [Synth 8-3331] design axi_traffic_gen_v3_0_2_systeminit_mrdwr has unconnected port ch2_bvalid_m
WARNING: [Synth 8-3331] design axi_traffic_gen_v3_0_2_systeminit_mrdwr has unconnected port ch2_arready_m
WARNING: [Synth 8-3331] design axi_traffic_gen_v3_0_2_systeminit_mrdwr has unconnected port ch2_rdata_m[31]
WARNING: [Synth 8-3331] design axi_traffic_gen_v3_0_2_systeminit_mrdwr has unconnected port ch2_rdata_m[30]
WARNING: [Synth 8-3331] design axi_traffic_gen_v3_0_2_systeminit_mrdwr has unconnected port ch2_rdata_m[29]
WARNING: [Synth 8-3331] design axi_traffic_gen_v3_0_2_systeminit_mrdwr has unconnected port ch2_rdata_m[28]
WARNING: [Synth 8-3331] design axi_traffic_gen_v3_0_2_systeminit_mrdwr has unconnected port ch2_rdata_m[27]
WARNING: [Synth 8-3331] design axi_traffic_gen_v3_0_2_systeminit_mrdwr has unconnected port ch2_rdata_m[26]
WARNING: [Synth 8-3331] design axi_traffic_gen_v3_0_2_systeminit_mrdwr has unconnected port ch2_rdata_m[25]
WARNING: [Synth 8-3331] design axi_traffic_gen_v3_0_2_systeminit_mrdwr has unconnected port ch2_rdata_m[24]
WARNING: [Synth 8-3331] design axi_traffic_gen_v3_0_2_systeminit_mrdwr has unconnected port ch2_rdata_m[23]
WARNING: [Synth 8-3331] design axi_traffic_gen_v3_0_2_systeminit_mrdwr has unconnected port ch2_rdata_m[22]
WARNING: [Synth 8-3331] design axi_traffic_gen_v3_0_2_systeminit_mrdwr has unconnected port ch2_rdata_m[21]
WARNING: [Synth 8-3331] design axi_traffic_gen_v3_0_2_systeminit_mrdwr has unconnected port ch2_rdata_m[20]
WARNING: [Synth 8-3331] design axi_traffic_gen_v3_0_2_systeminit_mrdwr has unconnected port ch2_rdata_m[19]
WARNING: [Synth 8-3331] design axi_traffic_gen_v3_0_2_systeminit_mrdwr has unconnected port ch2_rdata_m[18]
WARNING: [Synth 8-3331] design axi_traffic_gen_v3_0_2_systeminit_mrdwr has unconnected port ch2_rdata_m[17]
WARNING: [Synth 8-3331] design axi_traffic_gen_v3_0_2_systeminit_mrdwr has unconnected port ch2_rdata_m[16]
WARNING: [Synth 8-3331] design axi_traffic_gen_v3_0_2_systeminit_mrdwr has unconnected port ch2_rdata_m[15]
WARNING: [Synth 8-3331] design axi_traffic_gen_v3_0_2_systeminit_mrdwr has unconnected port ch2_rdata_m[14]
WARNING: [Synth 8-3331] design axi_traffic_gen_v3_0_2_systeminit_mrdwr has unconnected port ch2_rdata_m[13]
WARNING: [Synth 8-3331] design axi_traffic_gen_v3_0_2_systeminit_mrdwr has unconnected port ch2_rdata_m[12]
WARNING: [Synth 8-3331] design axi_traffic_gen_v3_0_2_systeminit_mrdwr has unconnected port ch2_rdata_m[11]
WARNING: [Synth 8-3331] design axi_traffic_gen_v3_0_2_systeminit_mrdwr has unconnected port ch2_rdata_m[10]
WARNING: [Synth 8-3331] design axi_traffic_gen_v3_0_2_systeminit_mrdwr has unconnected port ch2_rdata_m[9]
WARNING: [Synth 8-3331] design axi_traffic_gen_v3_0_2_systeminit_mrdwr has unconnected port ch2_rdata_m[8]
WARNING: [Synth 8-3331] design axi_traffic_gen_v3_0_2_systeminit_mrdwr has unconnected port ch2_rdata_m[7]
WARNING: [Synth 8-3331] design axi_traffic_gen_v3_0_2_systeminit_mrdwr has unconnected port ch2_rdata_m[6]
WARNING: [Synth 8-3331] design axi_traffic_gen_v3_0_2_systeminit_mrdwr has unconnected port ch2_rdata_m[5]
WARNING: [Synth 8-3331] design axi_traffic_gen_v3_0_2_systeminit_mrdwr has unconnected port ch2_rdata_m[4]
WARNING: [Synth 8-3331] design axi_traffic_gen_v3_0_2_systeminit_mrdwr has unconnected port ch2_rdata_m[3]
WARNING: [Synth 8-3331] design axi_traffic_gen_v3_0_2_systeminit_mrdwr has unconnected port ch2_rdata_m[2]
WARNING: [Synth 8-3331] design axi_traffic_gen_v3_0_2_systeminit_mrdwr has unconnected port ch2_rdata_m[1]
WARNING: [Synth 8-3331] design axi_traffic_gen_v3_0_2_systeminit_mrdwr has unconnected port ch2_rdata_m[0]
WARNING: [Synth 8-3331] design axi_traffic_gen_v3_0_2_systeminit_mrdwr has unconnected port ch2_rvalid_m
WARNING: [Synth 8-3331] design axi_traffic_gen_v3_0_2_systeminit_mrdwr has unconnected port ch2_rresp_m[1]
WARNING: [Synth 8-3331] design axi_traffic_gen_v3_0_2_systeminit_mrdwr has unconnected port ch2_rresp_m[0]
WARNING: [Synth 8-3331] design axi_traffic_gen_v3_0_2_systeminit_mrdwr has unconnected port ch3_awready_m
WARNING: [Synth 8-3331] design axi_traffic_gen_v3_0_2_systeminit_mrdwr has unconnected port ch3_wready_m
WARNING: [Synth 8-3331] design axi_traffic_gen_v3_0_2_systeminit_mrdwr has unconnected port ch3_bresp_m[1]
WARNING: [Synth 8-3331] design axi_traffic_gen_v3_0_2_systeminit_mrdwr has unconnected port ch3_bresp_m[0]
WARNING: [Synth 8-3331] design axi_traffic_gen_v3_0_2_systeminit_mrdwr has unconnected port ch3_bvalid_m
WARNING: [Synth 8-3331] design axi_traffic_gen_v3_0_2_systeminit_mrdwr has unconnected port ch3_arready_m
WARNING: [Synth 8-3331] design axi_traffic_gen_v3_0_2_systeminit_mrdwr has unconnected port ch3_rdata_m[31]
WARNING: [Synth 8-3331] design axi_traffic_gen_v3_0_2_systeminit_mrdwr has unconnected port ch3_rdata_m[30]
WARNING: [Synth 8-3331] design axi_traffic_gen_v3_0_2_systeminit_mrdwr has unconnected port ch3_rdata_m[29]
WARNING: [Synth 8-3331] design axi_traffic_gen_v3_0_2_systeminit_mrdwr has unconnected port ch3_rdata_m[28]
WARNING: [Synth 8-3331] design axi_traffic_gen_v3_0_2_systeminit_mrdwr has unconnected port ch3_rdata_m[27]
WARNING: [Synth 8-3331] design axi_traffic_gen_v3_0_2_systeminit_mrdwr has unconnected port ch3_rdata_m[26]
WARNING: [Synth 8-3331] design axi_traffic_gen_v3_0_2_systeminit_mrdwr has unconnected port ch3_rdata_m[25]
WARNING: [Synth 8-3331] design axi_traffic_gen_v3_0_2_systeminit_mrdwr has unconnected port ch3_rdata_m[24]
WARNING: [Synth 8-3331] design axi_traffic_gen_v3_0_2_systeminit_mrdwr has unconnected port ch3_rdata_m[23]
WARNING: [Synth 8-3331] design axi_traffic_gen_v3_0_2_systeminit_mrdwr has unconnected port ch3_rdata_m[22]
WARNING: [Synth 8-3331] design axi_traffic_gen_v3_0_2_systeminit_mrdwr has unconnected port ch3_rdata_m[21]
WARNING: [Synth 8-3331] design axi_traffic_gen_v3_0_2_systeminit_mrdwr has unconnected port ch3_rdata_m[20]
WARNING: [Synth 8-3331] design axi_traffic_gen_v3_0_2_systeminit_mrdwr has unconnected port ch3_rdata_m[19]
INFO: [Common 17-14] Message 'Synth 8-3331' appears 100 times and further instances of the messages will be disabled. Use the Tcl command set_msg_config to change the current settings.
---------------------------------------------------------------------------------
Finished RTL Elaboration : Time (s): cpu = 00:00:25 ; elapsed = 00:00:29 . Memory (MB): peak = 564.676 ; gain = 245.402
---------------------------------------------------------------------------------

Report Check Netlist: 
+------+------------------+-------+---------+-------+------------------+
|      |Item              |Errors |Warnings |Status |Description       |
+------+------------------+-------+---------+-------+------------------+
|1     |multi_driven_nets |      0|        0|Passed |Multi driven nets |
+------+------------------+-------+---------+-------+------------------+
---------------------------------------------------------------------------------
Start Handling Custom Attributes
---------------------------------------------------------------------------------
---------------------------------------------------------------------------------
Finished Handling Custom Attributes : Time (s): cpu = 00:00:26 ; elapsed = 00:00:30 . Memory (MB): peak = 564.676 ; gain = 245.402
---------------------------------------------------------------------------------
---------------------------------------------------------------------------------
Finished RTL Optimization Phase 1 : Time (s): cpu = 00:00:26 ; elapsed = 00:00:30 . Memory (MB): peak = 564.676 ; gain = 245.402
---------------------------------------------------------------------------------
INFO: [Netlist 29-17] Analyzing 12 Unisim elements for replacement
INFO: [Netlist 29-28] Unisim Transformation completed in 0 CPU seconds
INFO: [Device 21-403] Loading part xc7k325tffg900-2
INFO: [Project 1-570] Preparing netlist for logic optimization

Processing XDC Constraints
Initializing timing engine
Parsing XDC File [d:/Vivado2018_wrk/axi_spi/axi_spi.srcs/sources_1/bd/axi_spi_top/ip/axi_spi_top_axi_traffic_gen_0_2/axi_spi_top_axi_traffic_gen_0_2_ooc.xdc] for cell 'inst'
Finished Parsing XDC File [d:/Vivado2018_wrk/axi_spi/axi_spi.srcs/sources_1/bd/axi_spi_top/ip/axi_spi_top_axi_traffic_gen_0_2/axi_spi_top_axi_traffic_gen_0_2_ooc.xdc] for cell 'inst'
Parsing XDC File [D:/Vivado2018_wrk/axi_spi/axi_spi.runs/axi_spi_top_axi_traffic_gen_0_2_synth_1/dont_touch.xdc]
Finished Parsing XDC File [D:/Vivado2018_wrk/axi_spi/axi_spi.runs/axi_spi_top_axi_traffic_gen_0_2_synth_1/dont_touch.xdc]
Completed Processing XDC Constraints

INFO: [Project 1-111] Unisim Transformation Summary:
  A total of 12 instances were transformed.
  FDR => FDRE: 12 instances

Constraint Validation Runtime : Time (s): cpu = 00:00:00 ; elapsed = 00:00:00.047 . Memory (MB): peak = 872.059 ; gain = 1.508
---------------------------------------------------------------------------------
Finished Constraint Validation : Time (s): cpu = 00:00:47 ; elapsed = 00:00:55 . Memory (MB): peak = 872.059 ; gain = 552.785
---------------------------------------------------------------------------------
---------------------------------------------------------------------------------
Start Loading Part and Timing Information
---------------------------------------------------------------------------------
Loading part: xc7k325tffg900-2
---------------------------------------------------------------------------------
Finished Loading Part and Timing Information : Time (s): cpu = 00:00:47 ; elapsed = 00:00:55 . Memory (MB): peak = 872.059 ; gain = 552.785
---------------------------------------------------------------------------------
---------------------------------------------------------------------------------
Start Applying 'set_property' XDC Constraints
---------------------------------------------------------------------------------
Applied set_property DONT_TOUCH = true for inst. (constraint file  D:/Vivado2018_wrk/axi_spi/axi_spi.runs/axi_spi_top_axi_traffic_gen_0_2_synth_1/dont_touch.xdc, line 9).
---------------------------------------------------------------------------------
Finished applying 'set_property' XDC Constraints : Time (s): cpu = 00:00:47 ; elapsed = 00:00:55 . Memory (MB): peak = 872.059 ; gain = 552.785
---------------------------------------------------------------------------------
INFO: [Synth 8-4471] merging register 'ATG_SYSINIT_NXT_PTR.test_err_cntr_reg[31:0]' into 'araddr_m_reg[31:0]' [d:/Vivado2018_wrk/axi_spi/axi_spi.srcs/sources_1/bd/axi_spi_top/ipshared/a923/hdl/axi_traffic_gen_v3_0_rfs.v:13804]
WARNING: [Synth 8-6014] Unused sequential element ATG_SYSINIT_NXT_PTR.test_err_cntr_reg was removed.  [d:/Vivado2018_wrk/axi_spi/axi_spi.srcs/sources_1/bd/axi_spi_top/ipshared/a923/hdl/axi_traffic_gen_v3_0_rfs.v:13804]
INFO: [Synth 8-5545] ROM "status0" won't be mapped to RAM because address size (32) is larger than maximum supported(25)
---------------------------------------------------------------------------------
Finished RTL Optimization Phase 2 : Time (s): cpu = 00:00:48 ; elapsed = 00:00:55 . Memory (MB): peak = 872.059 ; gain = 552.785
---------------------------------------------------------------------------------

Report RTL Partitions: 
+-+--------------+------------+----------+
| |RTL Partition |Replication |Instances |
+-+--------------+------------+----------+
+-+--------------+------------+----------+
---------------------------------------------------------------------------------
Start RTL Component Statistics 
---------------------------------------------------------------------------------
Detailed RTL Component Info : 
+---Adders : 
	   2 Input      9 Bit       Adders := 1     
+---Registers : 
	               32 Bit    Registers := 8     
	                9 Bit    Registers := 2     
	                2 Bit    Registers := 2     
	                1 Bit    Registers := 23    
+---Muxes : 
	   2 Input     32 Bit        Muxes := 11    
	   4 Input     16 Bit        Muxes := 1     
	   2 Input      9 Bit        Muxes := 4     
	   2 Input      2 Bit        Muxes := 1     
	   2 Input      1 Bit        Muxes := 12    
---------------------------------------------------------------------------------
Finished RTL Component Statistics 
---------------------------------------------------------------------------------
---------------------------------------------------------------------------------
Start RTL Hierarchical Component Statistics 
---------------------------------------------------------------------------------
Hierarchical RTL Component report 
Module xpm_memory_base 
Detailed RTL Component Info : 
+---Registers : 
	               32 Bit    Registers := 1     
+---Muxes : 
	   2 Input     32 Bit        Muxes := 4     
Module xpm_memory_base__parameterized0 
Detailed RTL Component Info : 
+---Registers : 
	               32 Bit    Registers := 1     
+---Muxes : 
	   2 Input     32 Bit        Muxes := 4     
Module axi_traffic_gen_v3_0_2_systeminit_mrdwr 
Detailed RTL Component Info : 
+---Adders : 
	   2 Input      9 Bit       Adders := 1     
+---Registers : 
	               32 Bit    Registers := 6     
	                9 Bit    Registers := 2     
	                2 Bit    Registers := 2     
	                1 Bit    Registers := 19    
+---Muxes : 
	   2 Input     32 Bit        Muxes := 3     
	   4 Input     16 Bit        Muxes := 1     
	   2 Input      9 Bit        Muxes := 4     
	   2 Input      2 Bit        Muxes := 1     
	   2 Input      1 Bit        Muxes := 12    
Module axi_traffic_gen_v3_0_2_asynch_rst_ff 
Detailed RTL Component Info : 
+---Registers : 
	                1 Bit    Registers := 1     
---------------------------------------------------------------------------------
Finished RTL Hierarchical Component Statistics
---------------------------------------------------------------------------------
---------------------------------------------------------------------------------
Start Part Resource Summary
---------------------------------------------------------------------------------
Part Resources:
DSPs: 840 (col length:140)
BRAMs: 890 (col length: RAMB18 140 RAMB36 70)
---------------------------------------------------------------------------------
Finished Part Resource Summary
---------------------------------------------------------------------------------
---------------------------------------------------------------------------------
Start Cross Boundary and Area Optimization
---------------------------------------------------------------------------------
Warning: Parallel synthesis criteria is not met 
INFO: [Synth 8-5545] ROM "ATG_MODE_SYSTEM_INIT_TEST.systeminit_top/static_mrdwr/status0" won't be mapped to RAM because address size (32) is larger than maximum supported(25)
INFO: [Synth 8-3886] merging instance 'inst/ATG_MODE_SYSTEM_INIT_TEST.systeminit_top/static_mrdwr/status_reg[10]' (FDRE) to 'inst/ATG_MODE_SYSTEM_INIT_TEST.systeminit_top/static_mrdwr/status_reg[11]'
INFO: [Synth 8-3886] merging instance 'inst/ATG_MODE_SYSTEM_INIT_TEST.systeminit_top/static_mrdwr/status_reg[11]' (FDRE) to 'inst/ATG_MODE_SYSTEM_INIT_TEST.systeminit_top/static_mrdwr/status_reg[12]'
INFO: [Synth 8-3886] merging instance 'inst/ATG_MODE_SYSTEM_INIT_TEST.systeminit_top/static_mrdwr/status_reg[12]' (FDRE) to 'inst/ATG_MODE_SYSTEM_INIT_TEST.systeminit_top/static_mrdwr/status_reg[13]'
INFO: [Synth 8-3886] merging instance 'inst/ATG_MODE_SYSTEM_INIT_TEST.systeminit_top/static_mrdwr/status_reg[13]' (FDRE) to 'inst/ATG_MODE_SYSTEM_INIT_TEST.systeminit_top/static_mrdwr/status_reg[14]'
INFO: [Synth 8-3886] merging instance 'inst/ATG_MODE_SYSTEM_INIT_TEST.systeminit_top/static_mrdwr/status_reg[14]' (FDRE) to 'inst/ATG_MODE_SYSTEM_INIT_TEST.systeminit_top/static_mrdwr/status_reg[15]'
INFO: [Synth 8-3333] propagating constant 0 across sequential element (inst/\ATG_MODE_SYSTEM_INIT_TEST.systeminit_top/static_mrdwr/status_reg[15] )
INFO: [Synth 8-3333] propagating constant 0 across sequential element (inst/\ATG_MODE_SYSTEM_INIT_TEST.systeminit_top/static_mrdwr/rready_m_reg )
INFO: [Synth 8-3333] propagating constant 0 across sequential element (inst/\ATG_MODE_SYSTEM_INIT_TEST.systeminit_top/static_mrdwr/arvalid_m_reg )
INFO: [Synth 8-3886] merging instance 'inst/ATG_MODE_SYSTEM_INIT_TEST.systeminit_top/static_mrdwr/araddr_m_reg[0]' (FDRE) to 'inst/ATG_MODE_SYSTEM_INIT_TEST.systeminit_top/static_mrdwr/araddr_m_reg[1]'
INFO: [Synth 8-3886] merging instance 'inst/ATG_MODE_SYSTEM_INIT_TEST.systeminit_top/static_mrdwr/araddr_m_reg[1]' (FDRE) to 'inst/ATG_MODE_SYSTEM_INIT_TEST.systeminit_top/static_mrdwr/araddr_m_reg[2]'
INFO: [Synth 8-3886] merging instance 'inst/ATG_MODE_SYSTEM_INIT_TEST.systeminit_top/static_mrdwr/araddr_m_reg[2]' (FDRE) to 'inst/ATG_MODE_SYSTEM_INIT_TEST.systeminit_top/static_mrdwr/araddr_m_reg[3]'
INFO: [Synth 8-3886] merging instance 'inst/ATG_MODE_SYSTEM_INIT_TEST.systeminit_top/static_mrdwr/araddr_m_reg[3]' (FDRE) to 'inst/ATG_MODE_SYSTEM_INIT_TEST.systeminit_top/static_mrdwr/araddr_m_reg[4]'
INFO: [Synth 8-3886] merging instance 'inst/ATG_MODE_SYSTEM_INIT_TEST.systeminit_top/static_mrdwr/araddr_m_reg[4]' (FDRE) to 'inst/ATG_MODE_SYSTEM_INIT_TEST.systeminit_top/static_mrdwr/araddr_m_reg[5]'
INFO: [Synth 8-3886] merging instance 'inst/ATG_MODE_SYSTEM_INIT_TEST.systeminit_top/static_mrdwr/araddr_m_reg[5]' (FDRE) to 'inst/ATG_MODE_SYSTEM_INIT_TEST.systeminit_top/static_mrdwr/araddr_m_reg[6]'
INFO: [Synth 8-3886] merging instance 'inst/ATG_MODE_SYSTEM_INIT_TEST.systeminit_top/static_mrdwr/araddr_m_reg[6]' (FDRE) to 'inst/ATG_MODE_SYSTEM_INIT_TEST.systeminit_top/static_mrdwr/araddr_m_reg[7]'
INFO: [Synth 8-3886] merging instance 'inst/ATG_MODE_SYSTEM_INIT_TEST.systeminit_top/static_mrdwr/araddr_m_reg[7]' (FDRE) to 'inst/ATG_MODE_SYSTEM_INIT_TEST.systeminit_top/static_mrdwr/araddr_m_reg[8]'
INFO: [Synth 8-3886] merging instance 'inst/ATG_MODE_SYSTEM_INIT_TEST.systeminit_top/static_mrdwr/araddr_m_reg[8]' (FDRE) to 'inst/ATG_MODE_SYSTEM_INIT_TEST.systeminit_top/static_mrdwr/araddr_m_reg[9]'
INFO: [Synth 8-3886] merging instance 'inst/ATG_MODE_SYSTEM_INIT_TEST.systeminit_top/static_mrdwr/araddr_m_reg[9]' (FDRE) to 'inst/ATG_MODE_SYSTEM_INIT_TEST.systeminit_top/static_mrdwr/araddr_m_reg[10]'
INFO: [Synth 8-3886] merging instance 'inst/ATG_MODE_SYSTEM_INIT_TEST.systeminit_top/static_mrdwr/araddr_m_reg[10]' (FDRE) to 'inst/ATG_MODE_SYSTEM_INIT_TEST.systeminit_top/static_mrdwr/araddr_m_reg[11]'
INFO: [Synth 8-3886] merging instance 'inst/ATG_MODE_SYSTEM_INIT_TEST.systeminit_top/static_mrdwr/araddr_m_reg[11]' (FDRE) to 'inst/ATG_MODE_SYSTEM_INIT_TEST.systeminit_top/static_mrdwr/araddr_m_reg[12]'
INFO: [Synth 8-3886] merging instance 'inst/ATG_MODE_SYSTEM_INIT_TEST.systeminit_top/static_mrdwr/araddr_m_reg[12]' (FDRE) to 'inst/ATG_MODE_SYSTEM_INIT_TEST.systeminit_top/static_mrdwr/araddr_m_reg[13]'
INFO: [Synth 8-3886] merging instance 'inst/ATG_MODE_SYSTEM_INIT_TEST.systeminit_top/static_mrdwr/araddr_m_reg[13]' (FDRE) to 'inst/ATG_MODE_SYSTEM_INIT_TEST.systeminit_top/static_mrdwr/araddr_m_reg[14]'
INFO: [Synth 8-3886] merging instance 'inst/ATG_MODE_SYSTEM_INIT_TEST.systeminit_top/static_mrdwr/araddr_m_reg[14]' (FDRE) to 'inst/ATG_MODE_SYSTEM_INIT_TEST.systeminit_top/static_mrdwr/araddr_m_reg[15]'
INFO: [Synth 8-3886] merging instance 'inst/ATG_MODE_SYSTEM_INIT_TEST.systeminit_top/static_mrdwr/araddr_m_reg[15]' (FDRE) to 'inst/ATG_MODE_SYSTEM_INIT_TEST.systeminit_top/static_mrdwr/araddr_m_reg[16]'
INFO: [Synth 8-3886] merging instance 'inst/ATG_MODE_SYSTEM_INIT_TEST.systeminit_top/static_mrdwr/araddr_m_reg[16]' (FDRE) to 'inst/ATG_MODE_SYSTEM_INIT_TEST.systeminit_top/static_mrdwr/araddr_m_reg[17]'
INFO: [Synth 8-3886] merging instance 'inst/ATG_MODE_SYSTEM_INIT_TEST.systeminit_top/static_mrdwr/araddr_m_reg[17]' (FDRE) to 'inst/ATG_MODE_SYSTEM_INIT_TEST.systeminit_top/static_mrdwr/araddr_m_reg[18]'
INFO: [Synth 8-3886] merging instance 'inst/ATG_MODE_SYSTEM_INIT_TEST.systeminit_top/static_mrdwr/araddr_m_reg[18]' (FDRE) to 'inst/ATG_MODE_SYSTEM_INIT_TEST.systeminit_top/static_mrdwr/araddr_m_reg[19]'
INFO: [Synth 8-3886] merging instance 'inst/ATG_MODE_SYSTEM_INIT_TEST.systeminit_top/static_mrdwr/araddr_m_reg[19]' (FDRE) to 'inst/ATG_MODE_SYSTEM_INIT_TEST.systeminit_top/static_mrdwr/araddr_m_reg[20]'
INFO: [Synth 8-3886] merging instance 'inst/ATG_MODE_SYSTEM_INIT_TEST.systeminit_top/static_mrdwr/araddr_m_reg[20]' (FDRE) to 'inst/ATG_MODE_SYSTEM_INIT_TEST.systeminit_top/static_mrdwr/araddr_m_reg[21]'
INFO: [Synth 8-3886] merging instance 'inst/ATG_MODE_SYSTEM_INIT_TEST.systeminit_top/static_mrdwr/araddr_m_reg[21]' (FDRE) to 'inst/ATG_MODE_SYSTEM_INIT_TEST.systeminit_top/static_mrdwr/araddr_m_reg[22]'
INFO: [Synth 8-3886] merging instance 'inst/ATG_MODE_SYSTEM_INIT_TEST.systeminit_top/static_mrdwr/araddr_m_reg[22]' (FDRE) to 'inst/ATG_MODE_SYSTEM_INIT_TEST.systeminit_top/static_mrdwr/araddr_m_reg[23]'
INFO: [Synth 8-3886] merging instance 'inst/ATG_MODE_SYSTEM_INIT_TEST.systeminit_top/static_mrdwr/araddr_m_reg[23]' (FDRE) to 'inst/ATG_MODE_SYSTEM_INIT_TEST.systeminit_top/static_mrdwr/araddr_m_reg[24]'
INFO: [Synth 8-3886] merging instance 'inst/ATG_MODE_SYSTEM_INIT_TEST.systeminit_top/static_mrdwr/araddr_m_reg[24]' (FDRE) to 'inst/ATG_MODE_SYSTEM_INIT_TEST.systeminit_top/static_mrdwr/araddr_m_reg[25]'
INFO: [Synth 8-3886] merging instance 'inst/ATG_MODE_SYSTEM_INIT_TEST.systeminit_top/static_mrdwr/araddr_m_reg[25]' (FDRE) to 'inst/ATG_MODE_SYSTEM_INIT_TEST.systeminit_top/static_mrdwr/araddr_m_reg[26]'
INFO: [Synth 8-3886] merging instance 'inst/ATG_MODE_SYSTEM_INIT_TEST.systeminit_top/static_mrdwr/araddr_m_reg[26]' (FDRE) to 'inst/ATG_MODE_SYSTEM_INIT_TEST.systeminit_top/static_mrdwr/araddr_m_reg[27]'
INFO: [Synth 8-3886] merging instance 'inst/ATG_MODE_SYSTEM_INIT_TEST.systeminit_top/static_mrdwr/araddr_m_reg[27]' (FDRE) to 'inst/ATG_MODE_SYSTEM_INIT_TEST.systeminit_top/static_mrdwr/araddr_m_reg[28]'
INFO: [Synth 8-3886] merging instance 'inst/ATG_MODE_SYSTEM_INIT_TEST.systeminit_top/static_mrdwr/araddr_m_reg[28]' (FDRE) to 'inst/ATG_MODE_SYSTEM_INIT_TEST.systeminit_top/static_mrdwr/araddr_m_reg[29]'
INFO: [Synth 8-3886] merging instance 'inst/ATG_MODE_SYSTEM_INIT_TEST.systeminit_top/static_mrdwr/araddr_m_reg[29]' (FDRE) to 'inst/ATG_MODE_SYSTEM_INIT_TEST.systeminit_top/static_mrdwr/araddr_m_reg[30]'
INFO: [Synth 8-3886] merging instance 'inst/ATG_MODE_SYSTEM_INIT_TEST.systeminit_top/static_mrdwr/araddr_m_reg[30]' (FDRE) to 'inst/ATG_MODE_SYSTEM_INIT_TEST.systeminit_top/static_mrdwr/araddr_m_reg[31]'
INFO: [Synth 8-3333] propagating constant 0 across sequential element (inst/\ATG_MODE_SYSTEM_INIT_TEST.systeminit_top/static_mrdwr/araddr_m_reg[31] )
INFO: [Synth 8-3886] merging instance 'inst/ATG_MODE_SYSTEM_INIT_TEST.systeminit_top/static_mrdwr/r_complete_2ff_reg' (FDR) to 'inst/ATG_MODE_SYSTEM_INIT_TEST.systeminit_top/static_mrdwr/r_complete_3ff_reg'
INFO: [Synth 8-3886] merging instance 'inst/ATG_MODE_SYSTEM_INIT_TEST.systeminit_top/static_mrdwr/r_complete_ff_reg' (FDR) to 'inst/ATG_MODE_SYSTEM_INIT_TEST.systeminit_top/static_mrdwr/r_complete_3ff_reg'
INFO: [Synth 8-3333] propagating constant 0 across sequential element (inst/\ATG_MODE_SYSTEM_INIT_TEST.systeminit_top/static_mrdwr/r_complete_3ff_reg )
INFO: [Synth 8-3332] Sequential element (cdc_start_sync/GENERATE_LEVEL_P_S_CDC.SINGLE_BIT.CROSS_PLEVEL_IN2SCNDRY_IN_cdc_to) is unused and will be removed from module axi_traffic_gen_v3_0_2_top.
INFO: [Synth 8-3332] Sequential element (cdc_start_sync/GENERATE_LEVEL_P_S_CDC.SINGLE_BIT.CROSS_PLEVEL_IN2SCNDRY_s_level_out_d2) is unused and will be removed from module axi_traffic_gen_v3_0_2_top.
INFO: [Synth 8-3332] Sequential element (cdc_start_sync/GENERATE_LEVEL_P_S_CDC.SINGLE_BIT.CROSS_PLEVEL_IN2SCNDRY_s_level_out_d3) is unused and will be removed from module axi_traffic_gen_v3_0_2_top.
INFO: [Synth 8-3332] Sequential element (cdc_start_sync/GENERATE_LEVEL_P_S_CDC.SINGLE_BIT.CROSS_PLEVEL_IN2SCNDRY_s_level_out_d4) is unused and will be removed from module axi_traffic_gen_v3_0_2_top.
INFO: [Synth 8-3332] Sequential element (cdc_start_sync/GENERATE_LEVEL_P_S_CDC.SINGLE_BIT.CROSS_PLEVEL_IN2SCNDRY_s_level_out_d5) is unused and will be removed from module axi_traffic_gen_v3_0_2_top.
INFO: [Synth 8-3332] Sequential element (cdc_start_sync/GENERATE_LEVEL_P_S_CDC.SINGLE_BIT.CROSS_PLEVEL_IN2SCNDRY_s_level_out_d6) is unused and will be removed from module axi_traffic_gen_v3_0_2_top.
INFO: [Synth 8-3332] Sequential element (cdc_stop_sync/GENERATE_LEVEL_P_S_CDC.SINGLE_BIT.CROSS_PLEVEL_IN2SCNDRY_IN_cdc_to) is unused and will be removed from module axi_traffic_gen_v3_0_2_top.
INFO: [Synth 8-3332] Sequential element (cdc_stop_sync/GENERATE_LEVEL_P_S_CDC.SINGLE_BIT.CROSS_PLEVEL_IN2SCNDRY_s_level_out_d2) is unused and will be removed from module axi_traffic_gen_v3_0_2_top.
INFO: [Synth 8-3332] Sequential element (cdc_stop_sync/GENERATE_LEVEL_P_S_CDC.SINGLE_BIT.CROSS_PLEVEL_IN2SCNDRY_s_level_out_d3) is unused and will be removed from module axi_traffic_gen_v3_0_2_top.
INFO: [Synth 8-3332] Sequential element (cdc_stop_sync/GENERATE_LEVEL_P_S_CDC.SINGLE_BIT.CROSS_PLEVEL_IN2SCNDRY_s_level_out_d4) is unused and will be removed from module axi_traffic_gen_v3_0_2_top.
INFO: [Synth 8-3332] Sequential element (cdc_stop_sync/GENERATE_LEVEL_P_S_CDC.SINGLE_BIT.CROSS_PLEVEL_IN2SCNDRY_s_level_out_d5) is unused and will be removed from module axi_traffic_gen_v3_0_2_top.
INFO: [Synth 8-3332] Sequential element (cdc_stop_sync/GENERATE_LEVEL_P_S_CDC.SINGLE_BIT.CROSS_PLEVEL_IN2SCNDRY_s_level_out_d6) is unused and will be removed from module axi_traffic_gen_v3_0_2_top.
INFO: [Synth 8-3332] Sequential element (ATG_MODE_SYSTEM_INIT_TEST.systeminit_top/static_mrdwr/rready_m_reg) is unused and will be removed from module axi_traffic_gen_v3_0_2_top.
INFO: [Synth 8-3332] Sequential element (ATG_MODE_SYSTEM_INIT_TEST.systeminit_top/static_mrdwr/arvalid_m_reg) is unused and will be removed from module axi_traffic_gen_v3_0_2_top.
INFO: [Synth 8-3332] Sequential element (ATG_MODE_SYSTEM_INIT_TEST.systeminit_top/static_mrdwr/araddr_m_reg[31]) is unused and will be removed from module axi_traffic_gen_v3_0_2_top.
INFO: [Synth 8-3332] Sequential element (ATG_MODE_SYSTEM_INIT_TEST.systeminit_top/static_mrdwr/r_complete_3ff_reg) is unused and will be removed from module axi_traffic_gen_v3_0_2_top.
INFO: [Synth 8-3332] Sequential element (ATG_MODE_SYSTEM_INIT_TEST.systeminit_top/static_mrdwr/rom_ptr_ff_reg[8]) is unused and will be removed from module axi_traffic_gen_v3_0_2_top.
INFO: [Synth 8-3332] Sequential element (ATG_MODE_SYSTEM_INIT_TEST.systeminit_top/static_mrdwr/rom_ptr_ff_reg[7]) is unused and will be removed from module axi_traffic_gen_v3_0_2_top.
INFO: [Synth 8-3332] Sequential element (ATG_MODE_SYSTEM_INIT_TEST.systeminit_top/static_mrdwr/rom_ptr_ff_reg[6]) is unused and will be removed from module axi_traffic_gen_v3_0_2_top.
INFO: [Synth 8-3332] Sequential element (ATG_MODE_SYSTEM_INIT_TEST.systeminit_top/static_mrdwr/status_reg[31]) is unused and will be removed from module axi_traffic_gen_v3_0_2_top.
INFO: [Synth 8-3332] Sequential element (ATG_MODE_SYSTEM_INIT_TEST.systeminit_top/static_mrdwr/status_reg[30]) is unused and will be removed from module axi_traffic_gen_v3_0_2_top.
INFO: [Synth 8-3332] Sequential element (ATG_MODE_SYSTEM_INIT_TEST.systeminit_top/static_mrdwr/status_reg[29]) is unused and will be removed from module axi_traffic_gen_v3_0_2_top.
INFO: [Synth 8-3332] Sequential element (ATG_MODE_SYSTEM_INIT_TEST.systeminit_top/static_mrdwr/status_reg[28]) is unused and will be removed from module axi_traffic_gen_v3_0_2_top.
INFO: [Synth 8-3332] Sequential element (ATG_MODE_SYSTEM_INIT_TEST.systeminit_top/static_mrdwr/status_reg[27]) is unused and will be removed from module axi_traffic_gen_v3_0_2_top.
INFO: [Synth 8-3332] Sequential element (ATG_MODE_SYSTEM_INIT_TEST.systeminit_top/static_mrdwr/status_reg[26]) is unused and will be removed from module axi_traffic_gen_v3_0_2_top.
INFO: [Synth 8-3332] Sequential element (ATG_MODE_SYSTEM_INIT_TEST.systeminit_top/static_mrdwr/status_reg[25]) is unused and will be removed from module axi_traffic_gen_v3_0_2_top.
INFO: [Synth 8-3332] Sequential element (ATG_MODE_SYSTEM_INIT_TEST.systeminit_top/static_mrdwr/status_reg[24]) is unused and will be removed from module axi_traffic_gen_v3_0_2_top.
INFO: [Synth 8-3332] Sequential element (ATG_MODE_SYSTEM_INIT_TEST.systeminit_top/static_mrdwr/status_reg[23]) is unused and will be removed from module axi_traffic_gen_v3_0_2_top.
INFO: [Synth 8-3332] Sequential element (ATG_MODE_SYSTEM_INIT_TEST.systeminit_top/static_mrdwr/status_reg[22]) is unused and will be removed from module axi_traffic_gen_v3_0_2_top.
INFO: [Synth 8-3332] Sequential element (ATG_MODE_SYSTEM_INIT_TEST.systeminit_top/static_mrdwr/status_reg[21]) is unused and will be removed from module axi_traffic_gen_v3_0_2_top.
INFO: [Synth 8-3332] Sequential element (ATG_MODE_SYSTEM_INIT_TEST.systeminit_top/static_mrdwr/status_reg[20]) is unused and will be removed from module axi_traffic_gen_v3_0_2_top.
INFO: [Synth 8-3332] Sequential element (ATG_MODE_SYSTEM_INIT_TEST.systeminit_top/static_mrdwr/status_reg[19]) is unused and will be removed from module axi_traffic_gen_v3_0_2_top.
INFO: [Synth 8-3332] Sequential element (ATG_MODE_SYSTEM_INIT_TEST.systeminit_top/static_mrdwr/status_reg[18]) is unused and will be removed from module axi_traffic_gen_v3_0_2_top.
INFO: [Synth 8-3332] Sequential element (ATG_MODE_SYSTEM_INIT_TEST.systeminit_top/static_mrdwr/status_reg[17]) is unused and will be removed from module axi_traffic_gen_v3_0_2_top.
INFO: [Synth 8-3332] Sequential element (ATG_MODE_SYSTEM_INIT_TEST.systeminit_top/static_mrdwr/status_reg[16]) is unused and will be removed from module axi_traffic_gen_v3_0_2_top.
INFO: [Synth 8-3332] Sequential element (ATG_MODE_SYSTEM_INIT_TEST.systeminit_top/static_mrdwr/status_reg[15]) is unused and will be removed from module axi_traffic_gen_v3_0_2_top.
---------------------------------------------------------------------------------
Finished Cross Boundary and Area Optimization : Time (s): cpu = 00:00:50 ; elapsed = 00:00:58 . Memory (MB): peak = 872.059 ; gain = 552.785
---------------------------------------------------------------------------------
---------------------------------------------------------------------------------
Start ROM, RAM, DSP and Shift Register Reporting
---------------------------------------------------------------------------------

Distributed RAM: Preliminary Mapping  Report (see note below)
+---------------------------------------------------------------------------------------------------------------+--------------------------------------------------+----------------+----------------------+-----------------+
|Module Name                                                                                                    | RTL Object                                       | Inference      | Size (Depth x Width) | Primitives      | 
+---------------------------------------------------------------------------------------------------------------+--------------------------------------------------+----------------+----------------------+-----------------+
|inst/\ATG_MODE_SYSTEM_INIT_TEST.systeminit_top/systeminit_dmg_addr/xpm_memory_spram_inst/xpm_memory_base_inst  | gen_wr_a.gen_byte_narrow.for_mem_cols[1].mem_reg | User Attribute | 32 x 32              | RAM32X1S x 32   | 
|inst/\ATG_MODE_SYSTEM_INIT_TEST.systeminit_top/systeminit_dmg_data/xpm_memory_spram_inst/xpm_memory_base_inst  | gen_wr_a.gen_byte_narrow.for_mem_cols[1].mem_reg | User Attribute | 32 x 32              | RAM32X1S x 32   | 
+---------------------------------------------------------------------------------------------------------------+--------------------------------------------------+----------------+----------------------+-----------------+

Note: The table above is a preliminary report that shows the Distributed RAMs at the current stage of the synthesis flow. Some Distributed RAMs may be reimplemented as non Distributed RAM primitives later in the synthesis flow. Multiple instantiated RAMs are reported only once.
---------------------------------------------------------------------------------
Finished ROM, RAM, DSP and Shift Register Reporting
---------------------------------------------------------------------------------

Report RTL Partitions: 
+-+--------------+------------+----------+
| |RTL Partition |Replication |Instances |
+-+--------------+------------+----------+
+-+--------------+------------+----------+
---------------------------------------------------------------------------------
Start Applying XDC Timing Constraints
---------------------------------------------------------------------------------
---------------------------------------------------------------------------------
Finished Applying XDC Timing Constraints : Time (s): cpu = 00:01:04 ; elapsed = 00:01:14 . Memory (MB): peak = 872.059 ; gain = 552.785
---------------------------------------------------------------------------------
---------------------------------------------------------------------------------
Start Timing Optimization
---------------------------------------------------------------------------------
---------------------------------------------------------------------------------
Finished Timing Optimization : Time (s): cpu = 00:01:04 ; elapsed = 00:01:15 . Memory (MB): peak = 875.340 ; gain = 556.066
---------------------------------------------------------------------------------
---------------------------------------------------------------------------------
Start ROM, RAM, DSP and Shift Register Reporting
---------------------------------------------------------------------------------

Distributed RAM: Final Mapping  Report
+---------------------------------------------------------------------------------------------------------------+--------------------------------------------------+----------------+----------------------+-----------------+
|Module Name                                                                                                    | RTL Object                                       | Inference      | Size (Depth x Width) | Primitives      | 
+---------------------------------------------------------------------------------------------------------------+--------------------------------------------------+----------------+----------------------+-----------------+
|inst/\ATG_MODE_SYSTEM_INIT_TEST.systeminit_top/systeminit_dmg_addr/xpm_memory_spram_inst/xpm_memory_base_inst  | gen_wr_a.gen_byte_narrow.for_mem_cols[1].mem_reg | User Attribute | 32 x 32              | RAM32X1S x 32   | 
|inst/\ATG_MODE_SYSTEM_INIT_TEST.systeminit_top/systeminit_dmg_data/xpm_memory_spram_inst/xpm_memory_base_inst  | gen_wr_a.gen_byte_narrow.for_mem_cols[1].mem_reg | User Attribute | 32 x 32              | RAM32X1S x 32   | 
+---------------------------------------------------------------------------------------------------------------+--------------------------------------------------+----------------+----------------------+-----------------+

---------------------------------------------------------------------------------
Finished ROM, RAM, DSP and Shift Register Reporting
---------------------------------------------------------------------------------

Report RTL Partitions: 
+-+--------------+------------+----------+
| |RTL Partition |Replication |Instances |
+-+--------------+------------+----------+
+-+--------------+------------+----------+
---------------------------------------------------------------------------------
Start Technology Mapping
---------------------------------------------------------------------------------
---------------------------------------------------------------------------------
Finished Technology Mapping : Time (s): cpu = 00:01:04 ; elapsed = 00:01:15 . Memory (MB): peak = 879.227 ; gain = 559.953
---------------------------------------------------------------------------------

Report RTL Partitions: 
+-+--------------+------------+----------+
| |RTL Partition |Replication |Instances |
+-+--------------+------------+----------+
+-+--------------+------------+----------+
---------------------------------------------------------------------------------
Start IO Insertion
---------------------------------------------------------------------------------
---------------------------------------------------------------------------------
Start Flattening Before IO Insertion
---------------------------------------------------------------------------------
---------------------------------------------------------------------------------
Finished Flattening Before IO Insertion
---------------------------------------------------------------------------------
---------------------------------------------------------------------------------
Start Final Netlist Cleanup
---------------------------------------------------------------------------------
---------------------------------------------------------------------------------
Finished Final Netlist Cleanup
---------------------------------------------------------------------------------
---------------------------------------------------------------------------------
Finished IO Insertion : Time (s): cpu = 00:01:06 ; elapsed = 00:01:16 . Memory (MB): peak = 879.227 ; gain = 559.953
---------------------------------------------------------------------------------

Report Check Netlist: 
+------+------------------+-------+---------+-------+------------------+
|      |Item              |Errors |Warnings |Status |Description       |
+------+------------------+-------+---------+-------+------------------+
|1     |multi_driven_nets |      0|        0|Passed |Multi driven nets |
+------+------------------+-------+---------+-------+------------------+
---------------------------------------------------------------------------------
Start Renaming Generated Instances
---------------------------------------------------------------------------------
---------------------------------------------------------------------------------
Finished Renaming Generated Instances : Time (s): cpu = 00:01:06 ; elapsed = 00:01:16 . Memory (MB): peak = 879.227 ; gain = 559.953
---------------------------------------------------------------------------------

Report RTL Partitions: 
+-+--------------+------------+----------+
| |RTL Partition |Replication |Instances |
+-+--------------+------------+----------+
+-+--------------+------------+----------+
---------------------------------------------------------------------------------
Start Rebuilding User Hierarchy
---------------------------------------------------------------------------------
---------------------------------------------------------------------------------
Finished Rebuilding User Hierarchy : Time (s): cpu = 00:01:06 ; elapsed = 00:01:17 . Memory (MB): peak = 879.227 ; gain = 559.953
---------------------------------------------------------------------------------
---------------------------------------------------------------------------------
Start Renaming Generated Ports
---------------------------------------------------------------------------------
---------------------------------------------------------------------------------
Finished Renaming Generated Ports : Time (s): cpu = 00:01:06 ; elapsed = 00:01:17 . Memory (MB): peak = 879.227 ; gain = 559.953
---------------------------------------------------------------------------------
---------------------------------------------------------------------------------
Start Handling Custom Attributes
---------------------------------------------------------------------------------
---------------------------------------------------------------------------------
Finished Handling Custom Attributes : Time (s): cpu = 00:01:06 ; elapsed = 00:01:17 . Memory (MB): peak = 879.227 ; gain = 559.953
---------------------------------------------------------------------------------
---------------------------------------------------------------------------------
Start Renaming Generated Nets
---------------------------------------------------------------------------------
---------------------------------------------------------------------------------
Finished Renaming Generated Nets : Time (s): cpu = 00:01:06 ; elapsed = 00:01:17 . Memory (MB): peak = 879.227 ; gain = 559.953
---------------------------------------------------------------------------------
---------------------------------------------------------------------------------
Start Writing Synthesis Report
---------------------------------------------------------------------------------

Report BlackBoxes: 
+-+--------------+----------+
| |BlackBox name |Instances |
+-+--------------+----------+
+-+--------------+----------+

Report Cell Usage: 
+------+---------+------+
|      |Cell     |Count |
+------+---------+------+
|1     |CARRY4   |    19|
|2     |LUT1     |     4|
|3     |LUT2     |     3|
|4     |LUT3     |    46|
|5     |LUT4     |    26|
|6     |LUT5     |    18|
|7     |LUT6     |    17|
|8     |RAM32X1S |    64|
|9     |FDPE     |     4|
|10    |FDRE     |   298|
+------+---------+------+

Report Instance Areas: 
+------+-----------------------------------------------+------------------------------------------------------+------+
|      |Instance                                       |Module                                                |Cells |
+------+-----------------------------------------------+------------------------------------------------------+------+
|1     |top                                            |                                                      |   499|
|2     |  inst                                         |axi_traffic_gen_v3_0_2_top                            |   499|
|3     |    \ATG_MODE_SYSTEM_INIT_TEST.systeminit_top  |axi_traffic_gen_v3_0_2_systeminit_top                 |   495|
|4     |      static_mrdwr                             |axi_traffic_gen_v3_0_2_systeminit_mrdwr               |   358|
|5     |      systeminit_dmg_addr                      |axi_traffic_gen_v3_0_2_systeminit_dmg                 |    73|
|6     |        xpm_memory_spram_inst                  |xpm_memory_spram                                      |    73|
|7     |          xpm_memory_base_inst                 |xpm_memory_base                                       |    64|
|8     |      systeminit_dmg_data                      |axi_traffic_gen_v3_0_2_systeminit_dmg__parameterized0 |    64|
|9     |        xpm_memory_spram_inst                  |xpm_memory_spram__parameterized0                      |    64|
|10    |          xpm_memory_base_inst                 |xpm_memory_base__parameterized0                       |    64|
|11    |    ext_st_sync_flop_0                         |axi_traffic_gen_v3_0_2_asynch_rst_ff                  |     1|
|12    |    ext_st_sync_flop_1                         |axi_traffic_gen_v3_0_2_asynch_rst_ff_0                |     1|
|13    |    ext_sync_flop_0                            |axi_traffic_gen_v3_0_2_asynch_rst_ff_1                |     1|
|14    |    ext_sync_flop_1                            |axi_traffic_gen_v3_0_2_asynch_rst_ff_2                |     1|
+------+-----------------------------------------------+------------------------------------------------------+------+
---------------------------------------------------------------------------------
Finished Writing Synthesis Report : Time (s): cpu = 00:01:06 ; elapsed = 00:01:17 . Memory (MB): peak = 879.227 ; gain = 559.953
---------------------------------------------------------------------------------
Synthesis finished with 0 errors, 0 critical warnings and 1016 warnings.
Synthesis Optimization Runtime : Time (s): cpu = 00:00:28 ; elapsed = 00:01:02 . Memory (MB): peak = 879.227 ; gain = 252.570
Synthesis Optimization Complete : Time (s): cpu = 00:01:06 ; elapsed = 00:01:17 . Memory (MB): peak = 879.227 ; gain = 559.953
INFO: [Project 1-571] Translating synthesized netlist
INFO: [Netlist 29-17] Analyzing 83 Unisim elements for replacement
INFO: [Netlist 29-28] Unisim Transformation completed in 0 CPU seconds
INFO: [Project 1-570] Preparing netlist for logic optimization
INFO: [Opt 31-138] Pushed 0 inverter(s) to 0 load pin(s).
INFO: [Project 1-111] Unisim Transformation Summary:
  A total of 64 instances were transformed.
  RAM32X1S => RAM32X1S (RAMS32): 64 instances

INFO: [Common 17-83] Releasing license: Synthesis
157 Infos, 166 Warnings, 0 Critical Warnings and 0 Errors encountered.
synth_design completed successfully
synth_design: Time (s): cpu = 00:01:09 ; elapsed = 00:01:21 . Memory (MB): peak = 885.398 ; gain = 577.922
INFO: [Common 17-600] The following parameters have non-default value.
tcl.collectionResultDisplayLimit
INFO: [Common 17-1381] The checkpoint 'D:/Vivado2018_wrk/axi_spi/axi_spi.runs/axi_spi_top_axi_traffic_gen_0_2_synth_1/axi_spi_top_axi_traffic_gen_0_2.dcp' has been generated.
