Copyright 1986-2018 Xilinx, Inc. All Rights Reserved.
-----------------------------------------------------------------------------------------------------------------------------------------------------------------------------------------
| Tool Version : Vivado v.2018.1 (win64) Build 2188600 Wed Apr  4 18:40:38 MDT 2018
| Date         : Sun Nov 24 10:23:32 2019
| Host         : zhatianyics-PC running 64-bit major release  (build 9200)
| Command      : report_methodology -file KC705_Gen2x8If128_methodology_drc_routed.rpt -pb KC705_Gen2x8If128_methodology_drc_routed.pb -rpx KC705_Gen2x8If128_methodology_drc_routed.rpx
| Design       : KC705_Gen2x8If128
| Device       : xc7k325tffg900-2
| Speed File   : -2
| Design State : Routed
-----------------------------------------------------------------------------------------------------------------------------------------------------------------------------------------

Report Methodology

Table of Contents
-----------------
1. REPORT SUMMARY
2. REPORT DETAILS

1. REPORT SUMMARY
-----------------
            Netlist: netlist
          Floorplan: design_1
      Design limits: <entire design considered>
             Max violations: <unlimited>
             Violations found: 37
+-----------+----------+------------------------------------------------+------------+
| Rule      | Severity | Description                                    | Violations |
+-----------+----------+------------------------------------------------+------------+
| LUTAR-1   | Warning  | LUT drives async reset alert                   | 4          |
| SYNTH-6   | Warning  | Timing of a block RAM might be sub-optimal     | 20         |
| TIMING-3  | Warning  | Invalid primary clock on Clock Modifying Block | 1          |
| TIMING-17 | Warning  | Non-clocked sequential cell                    | 2          |
| XDCB-5    | Warning  | Runtime inefficient way to find pin objects    | 10         |
+-----------+----------+------------------------------------------------+------------+

2. REPORT DETAILS
-----------------
LUTAR-1#1 Warning
LUT drives async reset alert  
LUT cell PCIeGen1x8If64_i/inst/inst/user_reset_out_i_1, with 2 or more inputs, drives asynchronous reset pin(s) PCIeGen1x8If64_i/inst/inst/user_reset_int_reg/PRE, PCIeGen1x8If64_i/inst/inst/user_reset_out_reg/PRE. The LUT may glitch and trigger an unexpected reset, even if it is a properly timed path.
Related violations: <none>

LUTAR-1#2 Warning
LUT drives async reset alert  
LUT cell riffa/riffa_inst/channels[0].channel/channel/rxPort/mainFifo/fifo/rdPtrEmpty/rDir_i_2, with 2 or more inputs, drives asynchronous reset pin(s) riffa/riffa_inst/channels[0].channel/channel/rxPort/mainFifo/fifo/asyncCompare/rDir_reg/CLR. The LUT may glitch and trigger an unexpected reset, even if it is a properly timed path.
Related violations: <none>

LUTAR-1#3 Warning
LUT drives async reset alert  
LUT cell riffa/riffa_inst/channels[0].channel/channel/rxPort/reader/rRdPtrP1[8]_i_2, with 2 or more inputs, drives asynchronous reset pin(s) riffa/riffa_inst/channels[0].channel/channel/rxPort/mainFifo/fifo/rdPtrEmpty/rBinP1_reg[1]/CLR, riffa/riffa_inst/channels[0].channel/channel/rxPort/mainFifo/fifo/rdPtrEmpty/rBinP1_reg[2]/CLR, riffa/riffa_inst/channels[0].channel/channel/rxPort/mainFifo/fifo/rdPtrEmpty/rBinP1_reg[3]/CLR, riffa/riffa_inst/channels[0].channel/channel/rxPort/mainFifo/fifo/rdPtrEmpty/rBinP1_reg[4]/CLR, riffa/riffa_inst/channels[0].channel/channel/rxPort/mainFifo/fifo/rdPtrEmpty/rBinP1_reg[5]/CLR, riffa/riffa_inst/channels[0].channel/channel/rxPort/mainFifo/fifo/rdPtrEmpty/rBinP1_reg[6]/CLR, riffa/riffa_inst/channels[0].channel/channel/rxPort/mainFifo/fifo/rdPtrEmpty/rBinP1_reg[7]/CLR, riffa/riffa_inst/channels[0].channel/channel/rxPort/mainFifo/fifo/rdPtrEmpty/rBinP1_reg[8]/CLR, riffa/riffa_inst/channels[0].channel/channel/rxPort/mainFifo/fifo/rdPtrEmpty/rBin_reg[0]/CLR, riffa/riffa_inst/channels[0].channel/channel/rxPort/mainFifo/fifo/rdPtrEmpty/rBin_reg[1]/CLR, riffa/riffa_inst/channels[0].channel/channel/rxPort/mainFifo/fifo/rdPtrEmpty/rBin_reg[2]/CLR, riffa/riffa_inst/channels[0].channel/channel/rxPort/mainFifo/fifo/rdPtrEmpty/rBin_reg[3]/CLR, riffa/riffa_inst/channels[0].channel/channel/rxPort/mainFifo/fifo/rdPtrEmpty/rBin_reg[4]/CLR, riffa/riffa_inst/channels[0].channel/channel/rxPort/mainFifo/fifo/rdPtrEmpty/rBin_reg[5]/CLR, riffa/riffa_inst/channels[0].channel/channel/rxPort/mainFifo/fifo/rdPtrEmpty/rBin_reg[6]/CLR (the first 15 of 76 listed). The LUT may glitch and trigger an unexpected reset, even if it is a properly timed path.
Related violations: <none>

LUTAR-1#4 Warning
LUT drives async reset alert  
LUT cell riffa/riffa_inst/channels[0].channel/channel/txPort/gate/fifo/rdPtrEmpty/rDir_i_2__0, with 2 or more inputs, drives asynchronous reset pin(s) riffa/riffa_inst/channels[0].channel/channel/txPort/gate/fifo/asyncCompare/rDir_reg/CLR. The LUT may glitch and trigger an unexpected reset, even if it is a properly timed path.
Related violations: <none>

SYNTH-6#1 Warning
Timing of a block RAM might be sub-optimal  
The timing for the instance riffa/engine_layer_inst/tx_engine_classic_inst/txc_engine_inst/txc_engine_inst/tx_data_pipeline_inst/txdf_inst/gen_regs_fifos[0].fifo_inst_/mem/rMemory_reg, implemented as a block RAM, might be sub-optimal as no output register was merged into the block
Related violations: <none>

SYNTH-6#2 Warning
Timing of a block RAM might be sub-optimal  
The timing for the instance riffa/engine_layer_inst/tx_engine_classic_inst/txc_engine_inst/txc_engine_inst/tx_data_pipeline_inst/txdf_inst/gen_regs_fifos[1].fifo_inst_/mem/rMemory_reg, implemented as a block RAM, might be sub-optimal as no output register was merged into the block
Related violations: <none>

SYNTH-6#3 Warning
Timing of a block RAM might be sub-optimal  
The timing for the instance riffa/engine_layer_inst/tx_engine_classic_inst/txc_engine_inst/txc_engine_inst/tx_data_pipeline_inst/txdf_inst/gen_regs_fifos[2].fifo_inst_/mem/rMemory_reg, implemented as a block RAM, might be sub-optimal as no output register was merged into the block
Related violations: <none>

SYNTH-6#4 Warning
Timing of a block RAM might be sub-optimal  
The timing for the instance riffa/engine_layer_inst/tx_engine_classic_inst/txc_engine_inst/txc_engine_inst/tx_data_pipeline_inst/txdf_inst/gen_regs_fifos[3].fifo_inst_/mem/rMemory_reg, implemented as a block RAM, might be sub-optimal as no output register was merged into the block
Related violations: <none>

SYNTH-6#5 Warning
Timing of a block RAM might be sub-optimal  
The timing for the instance riffa/engine_layer_inst/tx_engine_classic_inst/txr_engine_inst/txr_engine_inst/tx_data_pipeline_inst/txdf_inst/gen_regs_fifos[0].fifo_inst_/mem/rMemory_reg, implemented as a block RAM, might be sub-optimal as no output register was merged into the block
Related violations: <none>

SYNTH-6#6 Warning
Timing of a block RAM might be sub-optimal  
The timing for the instance riffa/engine_layer_inst/tx_engine_classic_inst/txr_engine_inst/txr_engine_inst/tx_data_pipeline_inst/txdf_inst/gen_regs_fifos[1].fifo_inst_/mem/rMemory_reg, implemented as a block RAM, might be sub-optimal as no output register was merged into the block
Related violations: <none>

SYNTH-6#7 Warning
Timing of a block RAM might be sub-optimal  
The timing for the instance riffa/engine_layer_inst/tx_engine_classic_inst/txr_engine_inst/txr_engine_inst/tx_data_pipeline_inst/txdf_inst/gen_regs_fifos[2].fifo_inst_/mem/rMemory_reg, implemented as a block RAM, might be sub-optimal as no output register was merged into the block
Related violations: <none>

SYNTH-6#8 Warning
Timing of a block RAM might be sub-optimal  
The timing for the instance riffa/engine_layer_inst/tx_engine_classic_inst/txr_engine_inst/txr_engine_inst/tx_data_pipeline_inst/txdf_inst/gen_regs_fifos[3].fifo_inst_/mem/rMemory_reg, implemented as a block RAM, might be sub-optimal as no output register was merged into the block
Related violations: <none>

SYNTH-6#9 Warning
Timing of a block RAM might be sub-optimal  
The timing for the instance riffa/riffa_inst/channels[0].channel/channel/rxPort/mainFifo/fifo/mem/rRAM_reg_0, implemented as a block RAM, might be sub-optimal as no output register was merged into the block
Related violations: <none>

SYNTH-6#10 Warning
Timing of a block RAM might be sub-optimal  
The timing for the instance riffa/riffa_inst/channels[0].channel/channel/rxPort/mainFifo/fifo/mem/rRAM_reg_1, implemented as a block RAM, might be sub-optimal as no output register was merged into the block
Related violations: <none>

SYNTH-6#11 Warning
Timing of a block RAM might be sub-optimal  
The timing for the instance riffa/riffa_inst/channels[0].channel/channel/rxPort/mainFifo/fifo/mem/rRAM_reg_2, implemented as a block RAM, might be sub-optimal as no output register was merged into the block
Related violations: <none>

SYNTH-6#12 Warning
Timing of a block RAM might be sub-optimal  
The timing for the instance riffa/riffa_inst/channels[0].channel/channel/rxPort/mainFifo/fifo/mem/rRAM_reg_3, implemented as a block RAM, might be sub-optimal as no output register was merged into the block
Related violations: <none>

SYNTH-6#13 Warning
Timing of a block RAM might be sub-optimal  
The timing for the instance riffa/riffa_inst/channels[0].channel/channel/rxPort/sgTxFifo/mem/rRAM_reg_0, implemented as a block RAM, might be sub-optimal as no output register was merged into the block
Related violations: <none>

SYNTH-6#14 Warning
Timing of a block RAM might be sub-optimal  
The timing for the instance riffa/riffa_inst/channels[0].channel/channel/rxPort/sgTxFifo/mem/rRAM_reg_1, implemented as a block RAM, might be sub-optimal as no output register was merged into the block
Related violations: <none>

SYNTH-6#15 Warning
Timing of a block RAM might be sub-optimal  
The timing for the instance riffa/riffa_inst/channels[0].channel/channel/rxPort/sgTxFifo/mem/rRAM_reg_2, implemented as a block RAM, might be sub-optimal as no output register was merged into the block
Related violations: <none>

SYNTH-6#16 Warning
Timing of a block RAM might be sub-optimal  
The timing for the instance riffa/riffa_inst/channels[0].channel/channel/txPort/buffer/fifo/mem/rRAM_reg_0, implemented as a block RAM, might be sub-optimal as no output register was merged into the block
Related violations: <none>

SYNTH-6#17 Warning
Timing of a block RAM might be sub-optimal  
The timing for the instance riffa/riffa_inst/channels[0].channel/channel/txPort/buffer/fifo/mem/rRAM_reg_1, implemented as a block RAM, might be sub-optimal as no output register was merged into the block
Related violations: <none>

SYNTH-6#18 Warning
Timing of a block RAM might be sub-optimal  
The timing for the instance riffa/riffa_inst/channels[0].channel/channel/txPort/gate/fifo/mem/rRAM_reg_0, implemented as a block RAM, might be sub-optimal as no output register was merged into the block
Related violations: <none>

SYNTH-6#19 Warning
Timing of a block RAM might be sub-optimal  
The timing for the instance riffa/riffa_inst/channels[0].channel/channel/txPort/gate/fifo/mem/rRAM_reg_1, implemented as a block RAM, might be sub-optimal as no output register was merged into the block
Related violations: <none>

SYNTH-6#20 Warning
Timing of a block RAM might be sub-optimal  
The timing for the instance riffa/riffa_inst/reorderQueue/rams[0].ram/rRAM_reg, implemented as a block RAM, might be sub-optimal as no output register was merged into the block
Related violations: <none>

TIMING-3#1 Warning
Invalid primary clock on Clock Modifying Block  
A primary clock pcie_refclk is created on the output pin or net refclk_ibuf/O of a Clock Modifying Block
Related violations: <none>

TIMING-17#1 Warning
Non-clocked sequential cell  
The clock pin riffa/riffa_inst/channels[0].channel/channel/rxPort/mainFifo/fifo/asyncCompare/rDir_reg/C is not reached by a timing clock
Related violations: <none>

TIMING-17#2 Warning
Non-clocked sequential cell  
The clock pin riffa/riffa_inst/channels[0].channel/channel/txPort/gate/fifo/asyncCompare/rDir_reg/C is not reached by a timing clock
Related violations: <none>

XDCB-5#1 Warning
Runtime inefficient way to find pin objects  
The option '-through : [get_pins -hierarchical -filter NAME=~*/CFGMSGRECEIVEDPMETO]' of constraint 'set_false_path' uses inefficient query to find pin objects (see constraint position '18' in the Timing Constraint window in Vivado IDE). To reduce runtime, it is recommended to get the pins through the cell objects. Please refer to Using Constraints Guide (Constraints Efficiency). An example of optimal query is: get_pins -filter {REF_PIN_NAME=~yy*} -of_objects [get_cells -hierarchical xx*].
Current XDC: d:/K7_FMC_PCIE/K7FMC_PCIEDMA_DEMO/xilinx/kc705/KC705_Gen2x8If128/ip/source/PCIeGen2x8If128-PCIE_X0Y0.xdc (Line: 156)
Related violations: <none>

XDCB-5#2 Warning
Runtime inefficient way to find pin objects  
The option '-through : [get_pins -hierarchical -filter NAME=~*/CPLLLOCK]' of constraint 'set_false_path' uses inefficient query to find pin objects (see constraint position '19' in the Timing Constraint window in Vivado IDE). To reduce runtime, it is recommended to get the pins through the cell objects. Please refer to Using Constraints Guide (Constraints Efficiency). An example of optimal query is: get_pins -filter {REF_PIN_NAME=~yy*} -of_objects [get_cells -hierarchical xx*].
Current XDC: d:/K7_FMC_PCIE/K7FMC_PCIEDMA_DEMO/xilinx/kc705/KC705_Gen2x8If128/ip/source/PCIeGen2x8If128-PCIE_X0Y0.xdc (Line: 157)
Related violations: <none>

XDCB-5#3 Warning
Runtime inefficient way to find pin objects  
The option '-through : [get_pins -hierarchical -filter NAME=~*/QPLLLOCK]' of constraint 'set_false_path' uses inefficient query to find pin objects (see constraint position '20' in the Timing Constraint window in Vivado IDE). To reduce runtime, it is recommended to get the pins through the cell objects. Please refer to Using Constraints Guide (Constraints Efficiency). An example of optimal query is: get_pins -filter {REF_PIN_NAME=~yy*} -of_objects [get_cells -hierarchical xx*].
Current XDC: d:/K7_FMC_PCIE/K7FMC_PCIEDMA_DEMO/xilinx/kc705/KC705_Gen2x8If128/ip/source/PCIeGen2x8If128-PCIE_X0Y0.xdc (Line: 158)
Related violations: <none>

XDCB-5#4 Warning
Runtime inefficient way to find pin objects  
The option '-through : [get_pins -hierarchical -filter NAME=~*/RXCDRLOCK]' of constraint 'set_false_path' uses inefficient query to find pin objects (see constraint position '17' in the Timing Constraint window in Vivado IDE). To reduce runtime, it is recommended to get the pins through the cell objects. Please refer to Using Constraints Guide (Constraints Efficiency). An example of optimal query is: get_pins -filter {REF_PIN_NAME=~yy*} -of_objects [get_cells -hierarchical xx*].
Current XDC: d:/K7_FMC_PCIE/K7FMC_PCIEDMA_DEMO/xilinx/kc705/KC705_Gen2x8If128/ip/source/PCIeGen2x8If128-PCIE_X0Y0.xdc (Line: 155)
Related violations: <none>

XDCB-5#5 Warning
Runtime inefficient way to find pin objects  
The option '-through : [get_pins -hierarchical -filter NAME=~*/RXDLYSRESETDONE]' of constraint 'set_false_path' uses inefficient query to find pin objects (see constraint position '15' in the Timing Constraint window in Vivado IDE). To reduce runtime, it is recommended to get the pins through the cell objects. Please refer to Using Constraints Guide (Constraints Efficiency). An example of optimal query is: get_pins -filter {REF_PIN_NAME=~yy*} -of_objects [get_cells -hierarchical xx*].
Current XDC: d:/K7_FMC_PCIE/K7FMC_PCIEDMA_DEMO/xilinx/kc705/KC705_Gen2x8If128/ip/source/PCIeGen2x8If128-PCIE_X0Y0.xdc (Line: 153)
Related violations: <none>

XDCB-5#6 Warning
Runtime inefficient way to find pin objects  
The option '-through : [get_pins -hierarchical -filter NAME=~*/RXELECIDLE]' of constraint 'set_false_path' uses inefficient query to find pin objects (see constraint position '11' in the Timing Constraint window in Vivado IDE). To reduce runtime, it is recommended to get the pins through the cell objects. Please refer to Using Constraints Guide (Constraints Efficiency). An example of optimal query is: get_pins -filter {REF_PIN_NAME=~yy*} -of_objects [get_cells -hierarchical xx*].
Current XDC: d:/K7_FMC_PCIE/K7FMC_PCIEDMA_DEMO/xilinx/kc705/KC705_Gen2x8If128/ip/source/PCIeGen2x8If128-PCIE_X0Y0.xdc (Line: 149)
Related violations: <none>

XDCB-5#7 Warning
Runtime inefficient way to find pin objects  
The option '-through : [get_pins -hierarchical -filter NAME=~*/RXPHALIGNDONE]' of constraint 'set_false_path' uses inefficient query to find pin objects (see constraint position '16' in the Timing Constraint window in Vivado IDE). To reduce runtime, it is recommended to get the pins through the cell objects. Please refer to Using Constraints Guide (Constraints Efficiency). An example of optimal query is: get_pins -filter {REF_PIN_NAME=~yy*} -of_objects [get_cells -hierarchical xx*].
Current XDC: d:/K7_FMC_PCIE/K7FMC_PCIEDMA_DEMO/xilinx/kc705/KC705_Gen2x8If128/ip/source/PCIeGen2x8If128-PCIE_X0Y0.xdc (Line: 154)
Related violations: <none>

XDCB-5#8 Warning
Runtime inefficient way to find pin objects  
The option '-through : [get_pins -hierarchical -filter NAME=~*/TXDLYSRESETDONE]' of constraint 'set_false_path' uses inefficient query to find pin objects (see constraint position '14' in the Timing Constraint window in Vivado IDE). To reduce runtime, it is recommended to get the pins through the cell objects. Please refer to Using Constraints Guide (Constraints Efficiency). An example of optimal query is: get_pins -filter {REF_PIN_NAME=~yy*} -of_objects [get_cells -hierarchical xx*].
Current XDC: d:/K7_FMC_PCIE/K7FMC_PCIEDMA_DEMO/xilinx/kc705/KC705_Gen2x8If128/ip/source/PCIeGen2x8If128-PCIE_X0Y0.xdc (Line: 152)
Related violations: <none>

XDCB-5#9 Warning
Runtime inefficient way to find pin objects  
The option '-through : [get_pins -hierarchical -filter NAME=~*/TXPHALIGNDONE]' of constraint 'set_false_path' uses inefficient query to find pin objects (see constraint position '13' in the Timing Constraint window in Vivado IDE). To reduce runtime, it is recommended to get the pins through the cell objects. Please refer to Using Constraints Guide (Constraints Efficiency). An example of optimal query is: get_pins -filter {REF_PIN_NAME=~yy*} -of_objects [get_cells -hierarchical xx*].
Current XDC: d:/K7_FMC_PCIE/K7FMC_PCIEDMA_DEMO/xilinx/kc705/KC705_Gen2x8If128/ip/source/PCIeGen2x8If128-PCIE_X0Y0.xdc (Line: 151)
Related violations: <none>

XDCB-5#10 Warning
Runtime inefficient way to find pin objects  
The option '-through : [get_pins -hierarchical -filter NAME=~*/TXPHINITDONE]' of constraint 'set_false_path' uses inefficient query to find pin objects (see constraint position '12' in the Timing Constraint window in Vivado IDE). To reduce runtime, it is recommended to get the pins through the cell objects. Please refer to Using Constraints Guide (Constraints Efficiency). An example of optimal query is: get_pins -filter {REF_PIN_NAME=~yy*} -of_objects [get_cells -hierarchical xx*].
Current XDC: d:/K7_FMC_PCIE/K7FMC_PCIEDMA_DEMO/xilinx/kc705/KC705_Gen2x8If128/ip/source/PCIeGen2x8If128-PCIE_X0Y0.xdc (Line: 150)
Related violations: <none>


