
*** Running vivado
    with args -log axi_spi_top_dds_compiler_0_0.vds -m64 -product Vivado -mode batch -messageDb vivado.pb -notrace -source axi_spi_top_dds_compiler_0_0.tcl


****** Vivado v2018.1 (64-bit)
  **** SW Build 2188600 on Wed Apr  4 18:40:38 MDT 2018
  **** IP Build 2185939 on Wed Apr  4 20:55:05 MDT 2018
    ** Copyright 1986-2018 Xilinx, Inc. All Rights Reserved.

source axi_spi_top_dds_compiler_0_0.tcl -notrace
Command: synth_design -top axi_spi_top_dds_compiler_0_0 -part xc7k325tffg900-2 -mode out_of_context
Starting synth_design
Attempting to get a license for feature 'Synthesis' and/or device 'xc7k325t'
INFO: [Common 17-349] Got license for feature 'Synthesis' and/or device 'xc7k325t'
INFO: Launching helper process for spawning children vivado processes
INFO: Helper process launched with PID 17756 
---------------------------------------------------------------------------------
Starting RTL Elaboration : Time (s): cpu = 00:00:11 ; elapsed = 00:00:15 . Memory (MB): peak = 420.285 ; gain = 105.305
---------------------------------------------------------------------------------
INFO: [Synth 8-638] synthesizing module 'axi_spi_top_dds_compiler_0_0' [d:/Vivado2018_wrk/axi_spi_xcross/axi_spi.srcs/sources_1/bd/axi_spi_top/ip/axi_spi_top_dds_compiler_0_0/synth/axi_spi_top_dds_compiler_0_0.vhd:69]
WARNING: [Synth 8-5640] Port 'debug_axi_pinc_in' is missing in component declaration [d:/Vivado2018_wrk/axi_spi_xcross/axi_spi.srcs/sources_1/bd/axi_spi_top/ip/axi_spi_top_dds_compiler_0_0/synth/axi_spi_top_dds_compiler_0_0.vhd:72]
WARNING: [Synth 8-5640] Port 'debug_axi_poff_in' is missing in component declaration [d:/Vivado2018_wrk/axi_spi_xcross/axi_spi.srcs/sources_1/bd/axi_spi_top/ip/axi_spi_top_dds_compiler_0_0/synth/axi_spi_top_dds_compiler_0_0.vhd:72]
WARNING: [Synth 8-5640] Port 'debug_axi_resync_in' is missing in component declaration [d:/Vivado2018_wrk/axi_spi_xcross/axi_spi.srcs/sources_1/bd/axi_spi_top/ip/axi_spi_top_dds_compiler_0_0/synth/axi_spi_top_dds_compiler_0_0.vhd:72]
WARNING: [Synth 8-5640] Port 'debug_axi_chan_in' is missing in component declaration [d:/Vivado2018_wrk/axi_spi_xcross/axi_spi.srcs/sources_1/bd/axi_spi_top/ip/axi_spi_top_dds_compiler_0_0/synth/axi_spi_top_dds_compiler_0_0.vhd:72]
WARNING: [Synth 8-5640] Port 'debug_core_nd' is missing in component declaration [d:/Vivado2018_wrk/axi_spi_xcross/axi_spi.srcs/sources_1/bd/axi_spi_top/ip/axi_spi_top_dds_compiler_0_0/synth/axi_spi_top_dds_compiler_0_0.vhd:72]
WARNING: [Synth 8-5640] Port 'debug_phase' is missing in component declaration [d:/Vivado2018_wrk/axi_spi_xcross/axi_spi.srcs/sources_1/bd/axi_spi_top/ip/axi_spi_top_dds_compiler_0_0/synth/axi_spi_top_dds_compiler_0_0.vhd:72]
WARNING: [Synth 8-5640] Port 'debug_phase_nd' is missing in component declaration [d:/Vivado2018_wrk/axi_spi_xcross/axi_spi.srcs/sources_1/bd/axi_spi_top/ip/axi_spi_top_dds_compiler_0_0/synth/axi_spi_top_dds_compiler_0_0.vhd:72]
	Parameter C_XDEVICEFAMILY bound to: kintex7 - type: string 
	Parameter C_MODE_OF_OPERATION bound to: 0 - type: integer 
	Parameter C_MODULUS bound to: 9 - type: integer 
	Parameter C_ACCUMULATOR_WIDTH bound to: 16 - type: integer 
	Parameter C_CHANNELS bound to: 1 - type: integer 
	Parameter C_HAS_PHASE_OUT bound to: 0 - type: integer 
	Parameter C_HAS_PHASEGEN bound to: 1 - type: integer 
	Parameter C_HAS_SINCOS bound to: 1 - type: integer 
	Parameter C_LATENCY bound to: 7 - type: integer 
	Parameter C_MEM_TYPE bound to: 1 - type: integer 
	Parameter C_NEGATIVE_COSINE bound to: 0 - type: integer 
	Parameter C_NEGATIVE_SINE bound to: 0 - type: integer 
	Parameter C_NOISE_SHAPING bound to: 0 - type: integer 
	Parameter C_OUTPUTS_REQUIRED bound to: 0 - type: integer 
	Parameter C_OUTPUT_FORM bound to: 0 - type: integer 
	Parameter C_OUTPUT_WIDTH bound to: 14 - type: integer 
	Parameter C_PHASE_ANGLE_WIDTH bound to: 14 - type: integer 
	Parameter C_PHASE_INCREMENT bound to: 3 - type: integer 
	Parameter C_PHASE_INCREMENT_VALUE bound to: 0,0,0,0,0,0,0,0,0,0,0,0,0,0,0,0 - type: string 
	Parameter C_RESYNC bound to: 0 - type: integer 
	Parameter C_PHASE_OFFSET bound to: 0 - type: integer 
	Parameter C_PHASE_OFFSET_VALUE bound to: 0,0,0,0,0,0,0,0,0,0,0,0,0,0,0,0 - type: string 
	Parameter C_OPTIMISE_GOAL bound to: 0 - type: integer 
	Parameter C_USE_DSP48 bound to: 0 - type: integer 
	Parameter C_POR_MODE bound to: 0 - type: integer 
	Parameter C_AMPLITUDE bound to: 0 - type: integer 
	Parameter C_HAS_ACLKEN bound to: 0 - type: integer 
	Parameter C_HAS_ARESETN bound to: 0 - type: integer 
	Parameter C_HAS_TLAST bound to: 0 - type: integer 
	Parameter C_HAS_TREADY bound to: 0 - type: integer 
	Parameter C_HAS_S_PHASE bound to: 1 - type: integer 
	Parameter C_S_PHASE_TDATA_WIDTH bound to: 16 - type: integer 
	Parameter C_S_PHASE_HAS_TUSER bound to: 0 - type: integer 
	Parameter C_S_PHASE_TUSER_WIDTH bound to: 1 - type: integer 
	Parameter C_HAS_S_CONFIG bound to: 0 - type: integer 
	Parameter C_S_CONFIG_SYNC_MODE bound to: 0 - type: integer 
	Parameter C_S_CONFIG_TDATA_WIDTH bound to: 1 - type: integer 
	Parameter C_HAS_M_DATA bound to: 1 - type: integer 
	Parameter C_M_DATA_TDATA_WIDTH bound to: 16 - type: integer 
	Parameter C_M_DATA_HAS_TUSER bound to: 0 - type: integer 
	Parameter C_M_DATA_TUSER_WIDTH bound to: 1 - type: integer 
	Parameter C_HAS_M_PHASE bound to: 0 - type: integer 
	Parameter C_M_PHASE_TDATA_WIDTH bound to: 1 - type: integer 
	Parameter C_M_PHASE_HAS_TUSER bound to: 0 - type: integer 
	Parameter C_M_PHASE_TUSER_WIDTH bound to: 1 - type: integer 
	Parameter C_DEBUG_INTERFACE bound to: 0 - type: integer 
	Parameter C_CHAN_WIDTH bound to: 1 - type: integer 
INFO: [Synth 8-3491] module 'dds_compiler_v6_0_16' declared at 'd:/Vivado2018_wrk/axi_spi_xcross/axi_spi.srcs/sources_1/bd/axi_spi_top/ipshared/a2f9/hdl/dds_compiler_v6_0_vh_rfs.vhd:47294' bound to instance 'U0' of component 'dds_compiler_v6_0_16' [d:/Vivado2018_wrk/axi_spi_xcross/axi_spi.srcs/sources_1/bd/axi_spi_top/ip/axi_spi_top_dds_compiler_0_0/synth/axi_spi_top_dds_compiler_0_0.vhd:182]
INFO: [Synth 8-256] done synthesizing module 'axi_spi_top_dds_compiler_0_0' (9#1) [d:/Vivado2018_wrk/axi_spi_xcross/axi_spi.srcs/sources_1/bd/axi_spi_top/ip/axi_spi_top_dds_compiler_0_0/synth/axi_spi_top_dds_compiler_0_0.vhd:69]
WARNING: [Synth 8-3331] design xbip_pipe_v3_0_5_viv__parameterized0 has unconnected port CE
WARNING: [Synth 8-3331] design xbip_pipe_v3_0_5_viv__parameterized0 has unconnected port SSET
WARNING: [Synth 8-3331] design xbip_pipe_v3_0_5_viv__parameterized0 has unconnected port SINIT
WARNING: [Synth 8-3331] design xbip_pipe_v3_0_5_viv has unconnected port SSET
WARNING: [Synth 8-3331] design xbip_pipe_v3_0_5_viv has unconnected port SINIT
WARNING: [Synth 8-3331] design xbip_pipe_v3_0_5_viv__parameterized10 has unconnected port CLK
WARNING: [Synth 8-3331] design xbip_pipe_v3_0_5_viv__parameterized10 has unconnected port CE
WARNING: [Synth 8-3331] design xbip_pipe_v3_0_5_viv__parameterized10 has unconnected port SCLR
WARNING: [Synth 8-3331] design xbip_pipe_v3_0_5_viv__parameterized10 has unconnected port SSET
WARNING: [Synth 8-3331] design xbip_pipe_v3_0_5_viv__parameterized10 has unconnected port SINIT
WARNING: [Synth 8-3331] design xbip_pipe_v3_0_5_viv__parameterized22 has unconnected port CLK
WARNING: [Synth 8-3331] design xbip_pipe_v3_0_5_viv__parameterized22 has unconnected port CE
WARNING: [Synth 8-3331] design xbip_pipe_v3_0_5_viv__parameterized22 has unconnected port SCLR
WARNING: [Synth 8-3331] design xbip_pipe_v3_0_5_viv__parameterized22 has unconnected port SSET
WARNING: [Synth 8-3331] design xbip_pipe_v3_0_5_viv__parameterized22 has unconnected port SINIT
WARNING: [Synth 8-3331] design xbip_pipe_v3_0_5_viv__parameterized16 has unconnected port SCLR
WARNING: [Synth 8-3331] design xbip_pipe_v3_0_5_viv__parameterized16 has unconnected port SSET
WARNING: [Synth 8-3331] design xbip_pipe_v3_0_5_viv__parameterized16 has unconnected port SINIT
WARNING: [Synth 8-3331] design xbip_pipe_v3_0_5_viv__parameterized18 has unconnected port SCLR
WARNING: [Synth 8-3331] design xbip_pipe_v3_0_5_viv__parameterized18 has unconnected port SSET
WARNING: [Synth 8-3331] design xbip_pipe_v3_0_5_viv__parameterized18 has unconnected port SINIT
WARNING: [Synth 8-3331] design xbip_pipe_v3_0_5_viv__parameterized14 has unconnected port SCLR
WARNING: [Synth 8-3331] design xbip_pipe_v3_0_5_viv__parameterized14 has unconnected port SSET
WARNING: [Synth 8-3331] design xbip_pipe_v3_0_5_viv__parameterized14 has unconnected port SINIT
WARNING: [Synth 8-3331] design xbip_pipe_v3_0_5_viv__parameterized12 has unconnected port SCLR
WARNING: [Synth 8-3331] design xbip_pipe_v3_0_5_viv__parameterized12 has unconnected port SSET
WARNING: [Synth 8-3331] design xbip_pipe_v3_0_5_viv__parameterized12 has unconnected port SINIT
WARNING: [Synth 8-3331] design sin_cos has unconnected port SCLR
WARNING: [Synth 8-3331] design xbip_pipe_v3_0_5_viv__parameterized8 has unconnected port SCLR
WARNING: [Synth 8-3331] design xbip_pipe_v3_0_5_viv__parameterized8 has unconnected port SSET
WARNING: [Synth 8-3331] design xbip_pipe_v3_0_5_viv__parameterized8 has unconnected port SINIT
WARNING: [Synth 8-3331] design xbip_pipe_v3_0_5_viv__parameterized6 has unconnected port CLK
WARNING: [Synth 8-3331] design xbip_pipe_v3_0_5_viv__parameterized6 has unconnected port CE
WARNING: [Synth 8-3331] design xbip_pipe_v3_0_5_viv__parameterized6 has unconnected port SCLR
WARNING: [Synth 8-3331] design xbip_pipe_v3_0_5_viv__parameterized6 has unconnected port SSET
WARNING: [Synth 8-3331] design xbip_pipe_v3_0_5_viv__parameterized6 has unconnected port SINIT
WARNING: [Synth 8-3331] design xbip_pipe_v3_0_5_viv__parameterized4 has unconnected port CLK
WARNING: [Synth 8-3331] design xbip_pipe_v3_0_5_viv__parameterized4 has unconnected port CE
WARNING: [Synth 8-3331] design xbip_pipe_v3_0_5_viv__parameterized4 has unconnected port SCLR
WARNING: [Synth 8-3331] design xbip_pipe_v3_0_5_viv__parameterized4 has unconnected port SSET
WARNING: [Synth 8-3331] design xbip_pipe_v3_0_5_viv__parameterized4 has unconnected port SINIT
WARNING: [Synth 8-3331] design accum has unconnected port chan_addr[0]
WARNING: [Synth 8-3331] design accum has unconnected port chan_addr_del2[0]
WARNING: [Synth 8-3331] design accum has unconnected port chan_addr_del3[0]
WARNING: [Synth 8-3331] design accum has unconnected port addr_i[3]
WARNING: [Synth 8-3331] design accum has unconnected port addr_i[2]
WARNING: [Synth 8-3331] design accum has unconnected port addr_i[1]
WARNING: [Synth 8-3331] design accum has unconnected port addr_i[0]
WARNING: [Synth 8-3331] design accum has unconnected port phase_inc_we
WARNING: [Synth 8-3331] design accum has unconnected port phase_adj_we
WARNING: [Synth 8-3331] design accum has unconnected port poff_in[15]
WARNING: [Synth 8-3331] design accum has unconnected port poff_in[14]
WARNING: [Synth 8-3331] design accum has unconnected port poff_in[13]
WARNING: [Synth 8-3331] design accum has unconnected port poff_in[12]
WARNING: [Synth 8-3331] design accum has unconnected port poff_in[11]
WARNING: [Synth 8-3331] design accum has unconnected port poff_in[10]
WARNING: [Synth 8-3331] design accum has unconnected port poff_in[9]
WARNING: [Synth 8-3331] design accum has unconnected port poff_in[8]
WARNING: [Synth 8-3331] design accum has unconnected port poff_in[7]
WARNING: [Synth 8-3331] design accum has unconnected port poff_in[6]
WARNING: [Synth 8-3331] design accum has unconnected port poff_in[5]
WARNING: [Synth 8-3331] design accum has unconnected port poff_in[4]
WARNING: [Synth 8-3331] design accum has unconnected port poff_in[3]
WARNING: [Synth 8-3331] design accum has unconnected port poff_in[2]
WARNING: [Synth 8-3331] design accum has unconnected port poff_in[1]
WARNING: [Synth 8-3331] design accum has unconnected port poff_in[0]
WARNING: [Synth 8-3331] design accum has unconnected port data_i[15]
WARNING: [Synth 8-3331] design accum has unconnected port data_i[14]
WARNING: [Synth 8-3331] design accum has unconnected port data_i[13]
WARNING: [Synth 8-3331] design accum has unconnected port data_i[12]
WARNING: [Synth 8-3331] design accum has unconnected port data_i[11]
WARNING: [Synth 8-3331] design accum has unconnected port data_i[10]
WARNING: [Synth 8-3331] design accum has unconnected port data_i[9]
WARNING: [Synth 8-3331] design accum has unconnected port data_i[8]
WARNING: [Synth 8-3331] design accum has unconnected port data_i[7]
WARNING: [Synth 8-3331] design accum has unconnected port data_i[6]
WARNING: [Synth 8-3331] design accum has unconnected port data_i[5]
WARNING: [Synth 8-3331] design accum has unconnected port data_i[4]
WARNING: [Synth 8-3331] design accum has unconnected port data_i[3]
WARNING: [Synth 8-3331] design accum has unconnected port data_i[2]
WARNING: [Synth 8-3331] design accum has unconnected port data_i[1]
WARNING: [Synth 8-3331] design accum has unconnected port data_i[0]
WARNING: [Synth 8-3331] design xbip_pipe_v3_0_5_viv__parameterized20 has unconnected port CLK
WARNING: [Synth 8-3331] design xbip_pipe_v3_0_5_viv__parameterized20 has unconnected port CE
WARNING: [Synth 8-3331] design xbip_pipe_v3_0_5_viv__parameterized20 has unconnected port SCLR
WARNING: [Synth 8-3331] design xbip_pipe_v3_0_5_viv__parameterized20 has unconnected port SSET
WARNING: [Synth 8-3331] design xbip_pipe_v3_0_5_viv__parameterized20 has unconnected port SINIT
WARNING: [Synth 8-3331] design xbip_pipe_v3_0_5_viv__parameterized2 has unconnected port SCLR
WARNING: [Synth 8-3331] design xbip_pipe_v3_0_5_viv__parameterized2 has unconnected port SSET
WARNING: [Synth 8-3331] design xbip_pipe_v3_0_5_viv__parameterized2 has unconnected port SINIT
WARNING: [Synth 8-3331] design dds_compiler_v6_0_16_core has unconnected port RFD
WARNING: [Synth 8-3331] design dds_compiler_v6_0_16_core has unconnected port CHANNEL[0]
WARNING: [Synth 8-3331] design dds_compiler_v6_0_16_core has unconnected port COSINE[13]
WARNING: [Synth 8-3331] design dds_compiler_v6_0_16_core has unconnected port COSINE[12]
WARNING: [Synth 8-3331] design dds_compiler_v6_0_16_core has unconnected port COSINE[11]
WARNING: [Synth 8-3331] design dds_compiler_v6_0_16_core has unconnected port COSINE[10]
WARNING: [Synth 8-3331] design dds_compiler_v6_0_16_core has unconnected port COSINE[9]
WARNING: [Synth 8-3331] design dds_compiler_v6_0_16_core has unconnected port COSINE[8]
WARNING: [Synth 8-3331] design dds_compiler_v6_0_16_core has unconnected port COSINE[7]
WARNING: [Synth 8-3331] design dds_compiler_v6_0_16_core has unconnected port COSINE[6]
INFO: [Common 17-14] Message 'Synth 8-3331' appears 100 times and further instances of the messages will be disabled. Use the Tcl command set_msg_config to change the current settings.
---------------------------------------------------------------------------------
Finished RTL Elaboration : Time (s): cpu = 00:00:24 ; elapsed = 00:00:27 . Memory (MB): peak = 545.188 ; gain = 230.207
---------------------------------------------------------------------------------

Report Check Netlist: 
+------+------------------+-------+---------+-------+------------------+
|      |Item              |Errors |Warnings |Status |Description       |
+------+------------------+-------+---------+-------+------------------+
|1     |multi_driven_nets |      0|        0|Passed |Multi driven nets |
+------+------------------+-------+---------+-------+------------------+
---------------------------------------------------------------------------------
Start Handling Custom Attributes
---------------------------------------------------------------------------------
---------------------------------------------------------------------------------
Finished Handling Custom Attributes : Time (s): cpu = 00:00:24 ; elapsed = 00:00:28 . Memory (MB): peak = 545.188 ; gain = 230.207
---------------------------------------------------------------------------------
---------------------------------------------------------------------------------
Finished RTL Optimization Phase 1 : Time (s): cpu = 00:00:24 ; elapsed = 00:00:28 . Memory (MB): peak = 545.188 ; gain = 230.207
---------------------------------------------------------------------------------
INFO: [Device 21-403] Loading part xc7k325tffg900-2
INFO: [Project 1-570] Preparing netlist for logic optimization

Processing XDC Constraints
Initializing timing engine
Parsing XDC File [d:/Vivado2018_wrk/axi_spi_xcross/axi_spi.srcs/sources_1/bd/axi_spi_top/ip/axi_spi_top_dds_compiler_0_0/axi_spi_top_dds_compiler_0_0_ooc.xdc] for cell 'U0'
Finished Parsing XDC File [d:/Vivado2018_wrk/axi_spi_xcross/axi_spi.srcs/sources_1/bd/axi_spi_top/ip/axi_spi_top_dds_compiler_0_0/axi_spi_top_dds_compiler_0_0_ooc.xdc] for cell 'U0'
Parsing XDC File [D:/Vivado2018_wrk/axi_spi_xcross/axi_spi.runs/axi_spi_top_dds_compiler_0_0_synth_1/dont_touch.xdc]
Finished Parsing XDC File [D:/Vivado2018_wrk/axi_spi_xcross/axi_spi.runs/axi_spi_top_dds_compiler_0_0_synth_1/dont_touch.xdc]
Completed Processing XDC Constraints

INFO: [Project 1-111] Unisim Transformation Summary:
No Unisim elements were transformed.

Constraint Validation Runtime : Time (s): cpu = 00:00:00 ; elapsed = 00:00:00.018 . Memory (MB): peak = 876.367 ; gain = 1.133
---------------------------------------------------------------------------------
Finished Constraint Validation : Time (s): cpu = 00:00:40 ; elapsed = 00:00:45 . Memory (MB): peak = 876.367 ; gain = 561.387
---------------------------------------------------------------------------------
---------------------------------------------------------------------------------
Start Loading Part and Timing Information
---------------------------------------------------------------------------------
Loading part: xc7k325tffg900-2
---------------------------------------------------------------------------------
Finished Loading Part and Timing Information : Time (s): cpu = 00:00:40 ; elapsed = 00:00:45 . Memory (MB): peak = 876.367 ; gain = 561.387
---------------------------------------------------------------------------------
---------------------------------------------------------------------------------
Start Applying 'set_property' XDC Constraints
---------------------------------------------------------------------------------
Applied set_property DONT_TOUCH = true for U0. (constraint file  D:/Vivado2018_wrk/axi_spi_xcross/axi_spi.runs/axi_spi_top_dds_compiler_0_0_synth_1/dont_touch.xdc, line 9).
---------------------------------------------------------------------------------
Finished applying 'set_property' XDC Constraints : Time (s): cpu = 00:00:40 ; elapsed = 00:00:45 . Memory (MB): peak = 876.367 ; gain = 561.387
---------------------------------------------------------------------------------
INFO: [Synth 8-5547] Trying to map ROM "sin_cos_lut" into Block RAM due to explicit "ram_style" or "rom_style" specification
WARNING: [Synth 8-6040] Register i_rtl.i_quarter_table.i_has_sin.i_addr_mod_stage1.mod_sin_addr_reg driving address of a ROM cannot be packed in BRAM/URAM because of presence of initial value.
---------------------------------------------------------------------------------
Finished RTL Optimization Phase 2 : Time (s): cpu = 00:00:41 ; elapsed = 00:00:46 . Memory (MB): peak = 876.367 ; gain = 561.387
---------------------------------------------------------------------------------
INFO: [Synth 8-223] decloning instance 'U0/i_synth/i_dds/I_PHASEGEN.i_conventional_accum.i_phase_final_speedup' (xbip_pipe_v3_0_5_viv__parameterized10) to 'U0/i_synth/i_dds/I_PHASEGEN.i_conventional_accum.i_fabric.i_ph_adj_pipe'
INFO: [Synth 8-223] decloning instance 'U0/i_synth/i_dds/I_PHASEGEN.i_conventional_accum.i_phase_final_speedup' (xbip_pipe_v3_0_5_viv__parameterized10) to 'U0/i_synth/i_dds/I_PHASEGEN.i_conventional_accum.i_fabric.i_dither_pipe'

Report RTL Partitions: 
+-+--------------+------------+----------+
| |RTL Partition |Replication |Instances |
+-+--------------+------------+----------+
+-+--------------+------------+----------+
---------------------------------------------------------------------------------
Start RTL Component Statistics 
---------------------------------------------------------------------------------
---------------------------------------------------------------------------------
Finished RTL Component Statistics 
---------------------------------------------------------------------------------
---------------------------------------------------------------------------------
Start RTL Hierarchical Component Statistics 
---------------------------------------------------------------------------------
---------------------------------------------------------------------------------
Finished RTL Hierarchical Component Statistics
---------------------------------------------------------------------------------
---------------------------------------------------------------------------------
Start Part Resource Summary
---------------------------------------------------------------------------------
Part Resources:
DSPs: 840 (col length:140)
BRAMs: 890 (col length: RAMB18 140 RAMB36 70)
---------------------------------------------------------------------------------
Finished Part Resource Summary
---------------------------------------------------------------------------------
---------------------------------------------------------------------------------
Start Cross Boundary and Area Optimization
---------------------------------------------------------------------------------
Warning: Parallel synthesis criteria is not met 
INFO: [Synth 8-3333] propagating constant 0 across sequential element (U0/i_synth/\has_s_phase.s_phase_tlast_checks.event_s_phase_tlast_unexpected_reg )
INFO: [Synth 8-3332] Sequential element (has_s_phase.s_phase_tlast_checks.event_s_phase_tlast_unexpected_reg) is unused and will be removed from module dds_compiler_v6_0_16_viv.
---------------------------------------------------------------------------------
Finished Cross Boundary and Area Optimization : Time (s): cpu = 00:00:41 ; elapsed = 00:00:47 . Memory (MB): peak = 876.367 ; gain = 561.387
---------------------------------------------------------------------------------
INFO: [Synth 8-4480] The timing for the instance U0/i_synth/i_0/i_dds/I_SINCOS.i_std_rom.i_rom/i_rtl.i_quarter_table.i_block_rom.i_pipe_1.pre_asyn_sin_RAM_op_reg_0 (implemented as a block RAM) might be sub-optimal as no optional output register could be merged into the block ram. Providing additional output register may help in improving timing.
INFO: [Synth 8-4480] The timing for the instance U0/i_synth/i_0/i_dds/I_SINCOS.i_std_rom.i_rom/i_rtl.i_quarter_table.i_block_rom.i_pipe_1.pre_asyn_sin_RAM_op_reg_1 (implemented as a block RAM) might be sub-optimal as no optional output register could be merged into the block ram. Providing additional output register may help in improving timing.

Report RTL Partitions: 
+-+--------------+------------+----------+
| |RTL Partition |Replication |Instances |
+-+--------------+------------+----------+
+-+--------------+------------+----------+
---------------------------------------------------------------------------------
Start Applying XDC Timing Constraints
---------------------------------------------------------------------------------
---------------------------------------------------------------------------------
Finished Applying XDC Timing Constraints : Time (s): cpu = 00:00:53 ; elapsed = 00:01:02 . Memory (MB): peak = 876.367 ; gain = 561.387
---------------------------------------------------------------------------------
---------------------------------------------------------------------------------
Start Timing Optimization
---------------------------------------------------------------------------------
---------------------------------------------------------------------------------
Finished Timing Optimization : Time (s): cpu = 00:00:54 ; elapsed = 00:01:02 . Memory (MB): peak = 876.367 ; gain = 561.387
---------------------------------------------------------------------------------

Report RTL Partitions: 
+-+--------------+------------+----------+
| |RTL Partition |Replication |Instances |
+-+--------------+------------+----------+
+-+--------------+------------+----------+
---------------------------------------------------------------------------------
Start Technology Mapping
---------------------------------------------------------------------------------
INFO: [Synth 8-3332] Sequential element (i_dds/I_SINCOS.i_std_rom.i_rom/i_rtl.i_quarter_table.i_block_rom.i_pipe_1.pre_asyn_cos_RAM_op_reg[12]) is unused and will be removed from module dds_compiler_v6_0_16_viv.
INFO: [Synth 8-3332] Sequential element (i_dds/I_SINCOS.i_std_rom.i_rom/i_rtl.i_quarter_table.i_block_rom.i_pipe_1.pre_asyn_cos_RAM_op_reg[11]) is unused and will be removed from module dds_compiler_v6_0_16_viv.
INFO: [Synth 8-3332] Sequential element (i_dds/I_SINCOS.i_std_rom.i_rom/i_rtl.i_quarter_table.i_block_rom.i_pipe_1.pre_asyn_cos_RAM_op_reg[10]) is unused and will be removed from module dds_compiler_v6_0_16_viv.
INFO: [Synth 8-3332] Sequential element (i_dds/I_SINCOS.i_std_rom.i_rom/i_rtl.i_quarter_table.i_block_rom.i_pipe_1.pre_asyn_cos_RAM_op_reg[9]) is unused and will be removed from module dds_compiler_v6_0_16_viv.
INFO: [Synth 8-3332] Sequential element (i_dds/I_SINCOS.i_std_rom.i_rom/i_rtl.i_quarter_table.i_block_rom.i_pipe_1.pre_asyn_cos_RAM_op_reg[8]) is unused and will be removed from module dds_compiler_v6_0_16_viv.
INFO: [Synth 8-3332] Sequential element (i_dds/I_SINCOS.i_std_rom.i_rom/i_rtl.i_quarter_table.i_block_rom.i_pipe_1.pre_asyn_cos_RAM_op_reg[7]) is unused and will be removed from module dds_compiler_v6_0_16_viv.
INFO: [Synth 8-3332] Sequential element (i_dds/I_SINCOS.i_std_rom.i_rom/i_rtl.i_quarter_table.i_block_rom.i_pipe_1.pre_asyn_cos_RAM_op_reg[6]) is unused and will be removed from module dds_compiler_v6_0_16_viv.
INFO: [Synth 8-3332] Sequential element (i_dds/I_SINCOS.i_std_rom.i_rom/i_rtl.i_quarter_table.i_block_rom.i_pipe_1.pre_asyn_cos_RAM_op_reg[5]) is unused and will be removed from module dds_compiler_v6_0_16_viv.
INFO: [Synth 8-3332] Sequential element (i_dds/I_SINCOS.i_std_rom.i_rom/i_rtl.i_quarter_table.i_block_rom.i_pipe_1.pre_asyn_cos_RAM_op_reg[4]) is unused and will be removed from module dds_compiler_v6_0_16_viv.
INFO: [Synth 8-3332] Sequential element (i_dds/I_SINCOS.i_std_rom.i_rom/i_rtl.i_quarter_table.i_block_rom.i_pipe_1.pre_asyn_cos_RAM_op_reg[3]) is unused and will be removed from module dds_compiler_v6_0_16_viv.
INFO: [Synth 8-3332] Sequential element (i_dds/I_SINCOS.i_std_rom.i_rom/i_rtl.i_quarter_table.i_block_rom.i_pipe_1.pre_asyn_cos_RAM_op_reg[2]) is unused and will be removed from module dds_compiler_v6_0_16_viv.
INFO: [Synth 8-3332] Sequential element (i_dds/I_SINCOS.i_std_rom.i_rom/i_rtl.i_quarter_table.i_block_rom.i_pipe_1.pre_asyn_cos_RAM_op_reg[0]) is unused and will be removed from module dds_compiler_v6_0_16_viv.
INFO: [Synth 8-3332] Sequential element (i_dds/I_SINCOS.i_std_rom.i_rom/i_rtl.i_quarter_table.i_pipe_2_a.asyn_cos_RAM_op_reg[12]) is unused and will be removed from module dds_compiler_v6_0_16_viv.
INFO: [Synth 8-3332] Sequential element (i_dds/I_SINCOS.i_std_rom.i_rom/i_rtl.i_quarter_table.i_pipe_2_a.asyn_cos_RAM_op_reg[11]) is unused and will be removed from module dds_compiler_v6_0_16_viv.
INFO: [Synth 8-3332] Sequential element (i_dds/I_SINCOS.i_std_rom.i_rom/i_rtl.i_quarter_table.i_pipe_2_a.asyn_cos_RAM_op_reg[10]) is unused and will be removed from module dds_compiler_v6_0_16_viv.
INFO: [Synth 8-3332] Sequential element (i_dds/I_SINCOS.i_std_rom.i_rom/i_rtl.i_quarter_table.i_pipe_2_a.asyn_cos_RAM_op_reg[9]) is unused and will be removed from module dds_compiler_v6_0_16_viv.
INFO: [Synth 8-3332] Sequential element (i_dds/I_SINCOS.i_std_rom.i_rom/i_rtl.i_quarter_table.i_pipe_2_a.asyn_cos_RAM_op_reg[8]) is unused and will be removed from module dds_compiler_v6_0_16_viv.
INFO: [Synth 8-3332] Sequential element (i_dds/I_SINCOS.i_std_rom.i_rom/i_rtl.i_quarter_table.i_pipe_2_a.asyn_cos_RAM_op_reg[7]) is unused and will be removed from module dds_compiler_v6_0_16_viv.
INFO: [Synth 8-3332] Sequential element (i_dds/I_SINCOS.i_std_rom.i_rom/i_rtl.i_quarter_table.i_pipe_2_a.asyn_cos_RAM_op_reg[6]) is unused and will be removed from module dds_compiler_v6_0_16_viv.
INFO: [Synth 8-3332] Sequential element (i_dds/I_SINCOS.i_std_rom.i_rom/i_rtl.i_quarter_table.i_pipe_2_a.asyn_cos_RAM_op_reg[5]) is unused and will be removed from module dds_compiler_v6_0_16_viv.
INFO: [Synth 8-3332] Sequential element (i_dds/I_SINCOS.i_std_rom.i_rom/i_rtl.i_quarter_table.i_pipe_2_a.asyn_cos_RAM_op_reg[4]) is unused and will be removed from module dds_compiler_v6_0_16_viv.
INFO: [Synth 8-3332] Sequential element (i_dds/I_SINCOS.i_std_rom.i_rom/i_rtl.i_quarter_table.i_pipe_2_a.asyn_cos_RAM_op_reg[3]) is unused and will be removed from module dds_compiler_v6_0_16_viv.
INFO: [Synth 8-3332] Sequential element (i_dds/I_SINCOS.i_std_rom.i_rom/i_rtl.i_quarter_table.i_pipe_2_a.asyn_cos_RAM_op_reg[2]) is unused and will be removed from module dds_compiler_v6_0_16_viv.
INFO: [Synth 8-3332] Sequential element (i_dds/I_SINCOS.i_std_rom.i_rom/i_rtl.i_quarter_table.i_pipe_2_a.asyn_cos_RAM_op_reg[0]) is unused and will be removed from module dds_compiler_v6_0_16_viv.
---------------------------------------------------------------------------------
Finished Technology Mapping : Time (s): cpu = 00:00:54 ; elapsed = 00:01:02 . Memory (MB): peak = 879.863 ; gain = 564.883
---------------------------------------------------------------------------------

Report RTL Partitions: 
+-+--------------+------------+----------+
| |RTL Partition |Replication |Instances |
+-+--------------+------------+----------+
+-+--------------+------------+----------+
---------------------------------------------------------------------------------
Start IO Insertion
---------------------------------------------------------------------------------
---------------------------------------------------------------------------------
Start Flattening Before IO Insertion
---------------------------------------------------------------------------------
---------------------------------------------------------------------------------
Finished Flattening Before IO Insertion
---------------------------------------------------------------------------------
---------------------------------------------------------------------------------
Start Final Netlist Cleanup
---------------------------------------------------------------------------------
---------------------------------------------------------------------------------
Finished Final Netlist Cleanup
---------------------------------------------------------------------------------
---------------------------------------------------------------------------------
Finished IO Insertion : Time (s): cpu = 00:00:55 ; elapsed = 00:01:03 . Memory (MB): peak = 879.863 ; gain = 564.883
---------------------------------------------------------------------------------

Report Check Netlist: 
+------+------------------+-------+---------+-------+------------------+
|      |Item              |Errors |Warnings |Status |Description       |
+------+------------------+-------+---------+-------+------------------+
|1     |multi_driven_nets |      0|        0|Passed |Multi driven nets |
+------+------------------+-------+---------+-------+------------------+
---------------------------------------------------------------------------------
Start Renaming Generated Instances
---------------------------------------------------------------------------------
---------------------------------------------------------------------------------
Finished Renaming Generated Instances : Time (s): cpu = 00:00:55 ; elapsed = 00:01:03 . Memory (MB): peak = 879.863 ; gain = 564.883
---------------------------------------------------------------------------------

Report RTL Partitions: 
+-+--------------+------------+----------+
| |RTL Partition |Replication |Instances |
+-+--------------+------------+----------+
+-+--------------+------------+----------+
---------------------------------------------------------------------------------
Start Rebuilding User Hierarchy
---------------------------------------------------------------------------------
---------------------------------------------------------------------------------
Finished Rebuilding User Hierarchy : Time (s): cpu = 00:00:55 ; elapsed = 00:01:03 . Memory (MB): peak = 879.863 ; gain = 564.883
---------------------------------------------------------------------------------
---------------------------------------------------------------------------------
Start Renaming Generated Ports
---------------------------------------------------------------------------------
---------------------------------------------------------------------------------
Finished Renaming Generated Ports : Time (s): cpu = 00:00:55 ; elapsed = 00:01:03 . Memory (MB): peak = 879.863 ; gain = 564.883
---------------------------------------------------------------------------------
---------------------------------------------------------------------------------
Start Handling Custom Attributes
---------------------------------------------------------------------------------
---------------------------------------------------------------------------------
Finished Handling Custom Attributes : Time (s): cpu = 00:00:55 ; elapsed = 00:01:03 . Memory (MB): peak = 879.863 ; gain = 564.883
---------------------------------------------------------------------------------
---------------------------------------------------------------------------------
Start Renaming Generated Nets
---------------------------------------------------------------------------------
---------------------------------------------------------------------------------
Finished Renaming Generated Nets : Time (s): cpu = 00:00:55 ; elapsed = 00:01:03 . Memory (MB): peak = 879.863 ; gain = 564.883
---------------------------------------------------------------------------------
---------------------------------------------------------------------------------
Start Writing Synthesis Report
---------------------------------------------------------------------------------

Report BlackBoxes: 
+-+--------------+----------+
| |BlackBox name |Instances |
+-+--------------+----------+
+-+--------------+----------+

Report Cell Usage: 
+------+-----------+------+
|      |Cell       |Count |
+------+-----------+------+
|1     |CARRY4     |     5|
|2     |LUT2       |    24|
|3     |LUT3       |    13|
|4     |LUT4       |    25|
|5     |LUT5       |     5|
|6     |LUT6       |    11|
|7     |RAMB18E1_2 |     1|
|8     |RAMB36E1_2 |     1|
|9     |SRL16E     |     3|
|10    |FDRE       |   144|
+------+-----------+------+
---------------------------------------------------------------------------------
Finished Writing Synthesis Report : Time (s): cpu = 00:00:55 ; elapsed = 00:01:03 . Memory (MB): peak = 879.863 ; gain = 564.883
---------------------------------------------------------------------------------
Synthesis finished with 0 errors, 0 critical warnings and 20 warnings.
Synthesis Optimization Runtime : Time (s): cpu = 00:00:22 ; elapsed = 00:00:53 . Memory (MB): peak = 879.863 ; gain = 233.703
Synthesis Optimization Complete : Time (s): cpu = 00:00:55 ; elapsed = 00:01:03 . Memory (MB): peak = 879.863 ; gain = 564.883
INFO: [Project 1-571] Translating synthesized netlist
INFO: [Netlist 29-17] Analyzing 7 Unisim elements for replacement
INFO: [Netlist 29-28] Unisim Transformation completed in 0 CPU seconds
INFO: [Project 1-570] Preparing netlist for logic optimization
INFO: [Opt 31-138] Pushed 0 inverter(s) to 0 load pin(s).
INFO: [Project 1-111] Unisim Transformation Summary:
No Unisim elements were transformed.

INFO: [Common 17-83] Releasing license: Synthesis
46 Infos, 108 Warnings, 0 Critical Warnings and 0 Errors encountered.
synth_design completed successfully
synth_design: Time (s): cpu = 00:00:58 ; elapsed = 00:01:07 . Memory (MB): peak = 893.789 ; gain = 590.848
INFO: [Common 17-600] The following parameters have non-default value.
general.maxThreads
INFO: [Common 17-1381] The checkpoint 'D:/Vivado2018_wrk/axi_spi_xcross/axi_spi.runs/axi_spi_top_dds_compiler_0_0_synth_1/axi_spi_top_dds_compiler_0_0.dcp' has been generated.
